[ 2016-08-12T19:52:30+08:00 ] ::1 /thinkphp-cms/index.php/v1/article/add
INFO: [ app_init ] --START--
INFO: Run Behavior\BuildLiteBehavior [ RunTime:0.000018s ]
INFO: [ app_init ] --END-- [ RunTime:0.000662s ]
INFO: [ app_begin ] --START--
INFO: Run Behavior\ReadHtmlCacheBehavior [ RunTime:0.000469s ]
INFO: [ app_begin ] --END-- [ RunTime:0.000502s ]
SQL: SHOW COLUMNS FROM `user` [ RunTime:0.0040s ]
SQL: SELECT u.roleid FROM `user` `u` LIMIT 1   [ RunTime:0.0006s ]
SQL: SHOW COLUMNS FROM `role` [ RunTime:0.0014s ]
SQL: SELECT `roleam` FROM `role` WHERE `roleid` IN ('1','2')  [ RunTime:0.0011s ]
SQL: SHOW COLUMNS FROM `article` [ RunTime:0.0108s ]
SQL: SELECT * FROM `article` ORDER BY aid LIMIT 10   [ RunTime:0.0002s ]

[ 2016-08-12T19:55:58+08:00 ] ::1 /thinkphp-cms/index.php/v1/article/add
INFO: [ app_init ] --START--
INFO: Run Behavior\BuildLiteBehavior [ RunTime:0.000006s ]
INFO: [ app_init ] --END-- [ RunTime:0.000167s ]
INFO: [ app_begin ] --START--
INFO: Run Behavior\ReadHtmlCacheBehavior [ RunTime:0.000223s ]
INFO: [ app_begin ] --END-- [ RunTime:0.000245s ]
SQL: SHOW COLUMNS FROM `article` [ RunTime:0.0013s ]
NOTIC: [8] Undefined index: content /Applications/XAMPP/xamppfiles/htdocs/thinkphp-cms/APP/Admin/Controller/ArticleController.class.php 第 17 行.

[ 2016-08-12T20:16:19+08:00 ] ::1 /thinkphp-cms/index.php/v1/article/add
INFO: [ app_init ] --START--
INFO: Run Behavior\BuildLiteBehavior [ RunTime:0.000012s ]
INFO: [ app_init ] --END-- [ RunTime:0.000432s ]
INFO: [ app_begin ] --START--
INFO: Run Behavior\ReadHtmlCacheBehavior [ RunTime:0.000469s ]
INFO: [ app_begin ] --END-- [ RunTime:0.000497s ]
SQL: SHOW COLUMNS FROM `article` [ RunTime:0.0022s ]
NOTIC: [8] Undefined variable: post /Applications/XAMPP/xamppfiles/htdocs/thinkphp-cms/APP/Admin/Controller/ArticleController.class.php 第 30 行.

[ 2016-08-12T20:17:03+08:00 ] ::1 /thinkphp-cms/index.php/v1/article/add
INFO: [ app_init ] --START--
INFO: Run Behavior\BuildLiteBehavior [ RunTime:0.000016s ]
INFO: [ app_init ] --END-- [ RunTime:0.000916s ]
INFO: [ app_begin ] --START--
INFO: Run Behavior\ReadHtmlCacheBehavior [ RunTime:0.000498s ]
INFO: [ app_begin ] --END-- [ RunTime:0.000524s ]
SQL: SHOW COLUMNS FROM `article` [ RunTime:0.0011s ]
NOTIC: [8] Undefined variable: post /Applications/XAMPP/xamppfiles/htdocs/thinkphp-cms/APP/Admin/Controller/ArticleController.class.php 第 30 行.

[ 2016-08-12T20:24:05+08:00 ] ::1 /thinkphp-cms/index.php/v1/article/add
INFO: [ app_init ] --START--
INFO: Run Behavior\BuildLiteBehavior [ RunTime:0.000008s ]
INFO: [ app_init ] --END-- [ RunTime:0.000430s ]
INFO: [ app_begin ] --START--
INFO: Run Behavior\ReadHtmlCacheBehavior [ RunTime:0.000539s ]
INFO: [ app_begin ] --END-- [ RunTime:0.000577s ]
SQL: SHOW COLUMNS FROM `article` [ RunTime:0.0017s ]
NOTIC: [8] Undefined variable: post /Applications/XAMPP/xamppfiles/htdocs/thinkphp-cms/APP/Admin/Controller/ArticleController.class.php 第 30 行.

[ 2016-08-12T20:25:01+08:00 ] ::1 /thinkphp-cms/index.php/v1/article/add
INFO: [ app_init ] --START--
INFO: Run Behavior\BuildLiteBehavior [ RunTime:0.000009s ]
INFO: [ app_init ] --END-- [ RunTime:0.000444s ]
INFO: [ app_begin ] --START--
INFO: Run Behavior\ReadHtmlCacheBehavior [ RunTime:0.000447s ]
INFO: [ app_begin ] --END-- [ RunTime:0.000473s ]
SQL: SHOW COLUMNS FROM `article` [ RunTime:0.0010s ]
NOTIC: [8] Undefined variable: post /Applications/XAMPP/xamppfiles/htdocs/thinkphp-cms/APP/Admin/Controller/ArticleController.class.php 第 31 行.

[ 2016-08-12T20:29:15+08:00 ] ::1 /thinkphp-cms/index.php/v1/article/add
INFO: [ app_init ] --START--
INFO: Run Behavior\BuildLiteBehavior [ RunTime:0.000014s ]
INFO: [ app_init ] --END-- [ RunTime:0.000655s ]
INFO: [ app_begin ] --START--
INFO: Run Behavior\ReadHtmlCacheBehavior [ RunTime:0.000641s ]
INFO: [ app_begin ] --END-- [ RunTime:0.000694s ]
SQL: SHOW COLUMNS FROM `article` [ RunTime:0.0031s ]
NOTIC: [8] Undefined variable: post /Applications/XAMPP/xamppfiles/htdocs/thinkphp-cms/APP/Admin/Controller/ArticleController.class.php 第 31 行.

[ 2016-08-12T20:35:40+08:00 ] ::1 /thinkphp-cms/index.php/v1/article/add
INFO: [ app_init ] --START--
INFO: Run Behavior\BuildLiteBehavior [ RunTime:0.000016s ]
INFO: [ app_init ] --END-- [ RunTime:0.000586s ]
INFO: [ app_begin ] --START--
INFO: Run Behavior\ReadHtmlCacheBehavior [ RunTime:0.000510s ]
INFO: [ app_begin ] --END-- [ RunTime:0.000543s ]
SQL: SHOW COLUMNS FROM `article` [ RunTime:0.0023s ]
SQL: INSERT INTO `article` (`title`,`content`,`keywords`,`description`,`is_top`,`addtime`,`cid`) VALUES ('这是文章的标题1l','leirong1','gunajianci1','miaoshu','0','','1') [ RunTime:0.0039s ]

[ 2016-08-12T20:36:45+08:00 ] ::1 /thinkphp-cms/index.php/v1/article/add
INFO: [ app_init ] --START--
INFO: Run Behavior\BuildLiteBehavior [ RunTime:0.000014s ]
INFO: [ app_init ] --END-- [ RunTime:0.000597s ]
INFO: [ app_begin ] --START--
INFO: Run Behavior\ReadHtmlCacheBehavior [ RunTime:0.000629s ]
INFO: [ app_begin ] --END-- [ RunTime:0.000681s ]
SQL: SHOW COLUMNS FROM `article` [ RunTime:0.0023s ]
SQL: INSERT INTO `article` (`title`,`content`,`keywords`,`description`,`is_top`,`addtime`,`cid`) VALUES ('这是文章的标题1l','leirong1','gunajianci1','miaoshu','0','','1') [ RunTime:0.0021s ]

[ 2016-08-12T20:38:21+08:00 ] ::1 /thinkphp-cms/index.php/v1/article/add
INFO: [ app_init ] --START--
INFO: Run Behavior\BuildLiteBehavior [ RunTime:0.000007s ]
INFO: [ app_init ] --END-- [ RunTime:0.000427s ]
INFO: [ app_begin ] --START--
INFO: Run Behavior\ReadHtmlCacheBehavior [ RunTime:0.000385s ]
INFO: [ app_begin ] --END-- [ RunTime:0.000406s ]
SQL: SHOW COLUMNS FROM `article` [ RunTime:0.0025s ]
SQL: INSERT INTO `article` (`title`,`content`,`keywords`,`description`,`is_top`,`addtime`,`cid`) VALUES ('这是文章的标题1l','leirong1','gunajianci1','miaoshu','0','','1') [ RunTime:0.0019s ]

[ 2016-08-12T20:39:24+08:00 ] ::1 /thinkphp-cms/index.php/v1/article/add
INFO: [ app_init ] --START--
INFO: Run Behavior\BuildLiteBehavior [ RunTime:0.000008s ]
INFO: [ app_init ] --END-- [ RunTime:0.000384s ]
INFO: [ app_begin ] --START--
INFO: Run Behavior\ReadHtmlCacheBehavior [ RunTime:0.000570s ]
INFO: [ app_begin ] --END-- [ RunTime:0.000604s ]
SQL: SHOW COLUMNS FROM `article` [ RunTime:0.0021s ]
SQL: INSERT INTO `article` (`title`,`content`,`keywords`,`description`,`is_top`,`addtime`,`cid`) VALUES ('这是文章的标题1l','leirong1','gunajianci1','miaoshu','0','','1') [ RunTime:0.0015s ]

[ 2016-08-12T20:39:35+08:00 ] ::1 /thinkphp-cms/index.php/v1/article/add
INFO: [ app_init ] --START--
INFO: Run Behavior\BuildLiteBehavior [ RunTime:0.000006s ]
INFO: [ app_init ] --END-- [ RunTime:0.000211s ]
INFO: [ app_begin ] --START--
INFO: Run Behavior\ReadHtmlCacheBehavior [ RunTime:0.000236s ]
INFO: [ app_begin ] --END-- [ RunTime:0.000257s ]
SQL: SHOW COLUMNS FROM `article` [ RunTime:0.0021s ]
SQL: INSERT INTO `article` (`title`,`content`,`keywords`,`description`,`is_top`,`addtime`,`cid`) VALUES ('这是文章的标题1l','leirong1','gunajianci1','miaoshu','0','','1') [ RunTime:0.0007s ]

