[ 2016-09-03T18:45:05+08:00 ] ::1 /thinkphp-cms/index.php/v1/article/list?page=1&num=10
INFO: [ app_init ] --START--
INFO: Run Behavior\BuildLiteBehavior [ RunTime:0.000010s ]
INFO: [ app_init ] --END-- [ RunTime:0.000247s ]
INFO: [ app_begin ] --START--
INFO: Run Behavior\ReadHtmlCacheBehavior [ RunTime:0.000351s ]
INFO: [ app_begin ] --END-- [ RunTime:0.000386s ]
SQL: SHOW COLUMNS FROM `user` [ RunTime:0.0013s ]
SQL: SELECT u.roleid FROM `user` `u` LIMIT 1   [ RunTime:0.0002s ]
SQL: SHOW COLUMNS FROM `role` [ RunTime:0.0012s ]
SQL: SELECT * FROM `role` WHERE `roleid` IN ('2')  [ RunTime:0.0005s ]
SQL: SHOW COLUMNS FROM `auth` [ RunTime:0.0013s ]
SQL: SELECT * FROM `auth` WHERE `authid` IN ('1','2')  [ RunTime:0.0003s ]
NOTIC: [8] Undefined index: auhtcar /Applications/XAMPP/xamppfiles/htdocs/thinkphp-cms/APP/Common/Controller/AuthController.class.php 第 32 行.
NOTIC: [8] Undefined index: auhtcar /Applications/XAMPP/xamppfiles/htdocs/thinkphp-cms/APP/Common/Controller/AuthController.class.php 第 32 行.

[ 2016-09-03T18:45:07+08:00 ] ::1 /thinkphp-cms/index.php/v1/category/list?condition=cid%2Ccname
INFO: [ app_init ] --START--
INFO: Run Behavior\BuildLiteBehavior [ RunTime:0.000006s ]
INFO: [ app_init ] --END-- [ RunTime:0.000173s ]
INFO: [ app_begin ] --START--
INFO: Run Behavior\ReadHtmlCacheBehavior [ RunTime:0.000233s ]
INFO: [ app_begin ] --END-- [ RunTime:0.000252s ]
SQL: SHOW COLUMNS FROM `category` [ RunTime:0.0013s ]
SQL: SELECT `cid`,`cname` FROM `category`  [ RunTime:0.0012s ]

[ 2016-09-03T18:45:12+08:00 ] ::1 /thinkphp-cms/index.php/v1/category/list?condition=parentid%2Ccid%2Ccname%2Cdescription
INFO: [ app_init ] --START--
INFO: Run Behavior\BuildLiteBehavior [ RunTime:0.000008s ]
INFO: [ app_init ] --END-- [ RunTime:0.000218s ]
INFO: [ app_begin ] --START--
INFO: Run Behavior\ReadHtmlCacheBehavior [ RunTime:0.000237s ]
INFO: [ app_begin ] --END-- [ RunTime:0.000257s ]
SQL: SHOW COLUMNS FROM `category` [ RunTime:0.0010s ]
SQL: SELECT `parentid`,`cid`,`cname`,`description` FROM `category`  [ RunTime:0.0002s ]

[ 2016-09-03T21:12:51+08:00 ] ::1 /thinkphp-cms/index.php/v1/article/list?page=1&num=10
INFO: [ app_init ] --START--
INFO: Run Behavior\BuildLiteBehavior [ RunTime:0.000009s ]
INFO: [ app_init ] --END-- [ RunTime:0.000507s ]
INFO: [ app_begin ] --START--
INFO: Run Behavior\ReadHtmlCacheBehavior [ RunTime:0.000500s ]
INFO: [ app_begin ] --END-- [ RunTime:0.000534s ]
SQL: SHOW COLUMNS FROM `user` [ RunTime:0.0033s ]
SQL: SELECT u.roleid FROM `user` `u` LIMIT 1   [ RunTime:0.0008s ]
SQL: SHOW COLUMNS FROM `role` [ RunTime:0.0017s ]
SQL: SELECT * FROM `role` WHERE `roleid` IN ('2')  [ RunTime:0.0004s ]
SQL: SHOW COLUMNS FROM `auth` [ RunTime:0.0014s ]
SQL: SELECT * FROM `auth` WHERE `authid` IN ('1','2')  [ RunTime:0.0004s ]
NOTIC: [8] Undefined index: auhtcar /Applications/XAMPP/xamppfiles/htdocs/thinkphp-cms/APP/Common/Controller/AuthController.class.php 第 32 行.
NOTIC: [8] Undefined index: auhtcar /Applications/XAMPP/xamppfiles/htdocs/thinkphp-cms/APP/Common/Controller/AuthController.class.php 第 32 行.

[ 2016-09-03T21:13:06+08:00 ] ::1 /thinkphp-cms/index.php/v1/article/list?page=1&num=10
INFO: [ app_init ] --START--
INFO: Run Behavior\BuildLiteBehavior [ RunTime:0.000008s ]
INFO: [ app_init ] --END-- [ RunTime:0.000529s ]
INFO: [ app_begin ] --START--
INFO: Run Behavior\ReadHtmlCacheBehavior [ RunTime:0.000448s ]
INFO: [ app_begin ] --END-- [ RunTime:0.000476s ]
SQL: SHOW COLUMNS FROM `user` [ RunTime:0.0017s ]
SQL: SELECT u.roleid FROM `user` `u` LIMIT 1   [ RunTime:0.0002s ]
SQL: SHOW COLUMNS FROM `role` [ RunTime:0.0008s ]
SQL: SELECT * FROM `role` WHERE `roleid` IN ('2')  [ RunTime:0.0002s ]
SQL: SHOW COLUMNS FROM `auth` [ RunTime:0.0013s ]
SQL: SELECT * FROM `auth` WHERE `authid` IN ('1','2')  [ RunTime:0.0003s ]
NOTIC: [8] Undefined index: auhtcar /Applications/XAMPP/xamppfiles/htdocs/thinkphp-cms/APP/Common/Controller/AuthController.class.php 第 32 行.
NOTIC: [8] Undefined index: auhtcar /Applications/XAMPP/xamppfiles/htdocs/thinkphp-cms/APP/Common/Controller/AuthController.class.php 第 32 行.

[ 2016-09-03T21:15:35+08:00 ] ::1 /thinkphp-cms/index.php/v1/article/list?page=1&num=10
INFO: [ app_init ] --START--
INFO: Run Behavior\BuildLiteBehavior [ RunTime:0.000008s ]
INFO: [ app_init ] --END-- [ RunTime:0.000373s ]
INFO: [ app_begin ] --START--
INFO: Run Behavior\ReadHtmlCacheBehavior [ RunTime:0.000418s ]
INFO: [ app_begin ] --END-- [ RunTime:0.000443s ]
SQL: SHOW COLUMNS FROM `user` [ RunTime:0.0010s ]
SQL: SELECT u.roleid FROM `user` `u` LIMIT 1   [ RunTime:0.0002s ]
SQL: SHOW COLUMNS FROM `role` [ RunTime:0.0011s ]
SQL: SELECT * FROM `role` WHERE `roleid` IN ('2')  [ RunTime:0.0002s ]
SQL: SHOW COLUMNS FROM `auth` [ RunTime:0.0012s ]
SQL: SELECT * FROM `auth` WHERE `authid` IN ('1','2','3','4','5')  [ RunTime:0.0003s ]
NOTIC: [8] Undefined index: auhtcar /Applications/XAMPP/xamppfiles/htdocs/thinkphp-cms/APP/Common/Controller/AuthController.class.php 第 32 行.
NOTIC: [8] Undefined index: auhtcar /Applications/XAMPP/xamppfiles/htdocs/thinkphp-cms/APP/Common/Controller/AuthController.class.php 第 32 行.
NOTIC: [8] Undefined index: auhtcar /Applications/XAMPP/xamppfiles/htdocs/thinkphp-cms/APP/Common/Controller/AuthController.class.php 第 32 行.
NOTIC: [8] Undefined index: auhtcar /Applications/XAMPP/xamppfiles/htdocs/thinkphp-cms/APP/Common/Controller/AuthController.class.php 第 32 行.
NOTIC: [8] Undefined index: auhtcar /Applications/XAMPP/xamppfiles/htdocs/thinkphp-cms/APP/Common/Controller/AuthController.class.php 第 32 行.

[ 2016-09-03T21:15:40+08:00 ] ::1 /thinkphp-cms/index.php/v1/article/list?page=1&num=10
INFO: [ app_init ] --START--
INFO: Run Behavior\BuildLiteBehavior [ RunTime:0.000034s ]
INFO: [ app_init ] --END-- [ RunTime:0.000477s ]
INFO: [ app_begin ] --START--
INFO: Run Behavior\ReadHtmlCacheBehavior [ RunTime:0.001180s ]
INFO: [ app_begin ] --END-- [ RunTime:0.001314s ]
SQL: SHOW COLUMNS FROM `user` [ RunTime:0.0010s ]
SQL: SELECT u.roleid FROM `user` `u` LIMIT 1   [ RunTime:0.0002s ]
SQL: SHOW COLUMNS FROM `role` [ RunTime:0.0010s ]
SQL: SELECT * FROM `role` WHERE `roleid` IN ('2')  [ RunTime:0.0002s ]
SQL: SHOW COLUMNS FROM `auth` [ RunTime:0.0012s ]
SQL: SELECT * FROM `auth` WHERE `authid` IN ('1','2','3','4','5')  [ RunTime:0.0003s ]
NOTIC: [8] Undefined index: auhtcar /Applications/XAMPP/xamppfiles/htdocs/thinkphp-cms/APP/Common/Controller/AuthController.class.php 第 32 行.
NOTIC: [8] Undefined index: auhtcar /Applications/XAMPP/xamppfiles/htdocs/thinkphp-cms/APP/Common/Controller/AuthController.class.php 第 32 行.
NOTIC: [8] Undefined index: auhtcar /Applications/XAMPP/xamppfiles/htdocs/thinkphp-cms/APP/Common/Controller/AuthController.class.php 第 32 行.
NOTIC: [8] Undefined index: auhtcar /Applications/XAMPP/xamppfiles/htdocs/thinkphp-cms/APP/Common/Controller/AuthController.class.php 第 32 行.
NOTIC: [8] Undefined index: auhtcar /Applications/XAMPP/xamppfiles/htdocs/thinkphp-cms/APP/Common/Controller/AuthController.class.php 第 32 行.

[ 2016-09-03T21:16:25+08:00 ] ::1 /thinkphp-cms/index.php/v1/article/list?page=1&num=10
INFO: [ app_init ] --START--
INFO: Run Behavior\BuildLiteBehavior [ RunTime:0.000009s ]
INFO: [ app_init ] --END-- [ RunTime:0.000527s ]
INFO: [ app_begin ] --START--
INFO: Run Behavior\ReadHtmlCacheBehavior [ RunTime:0.000482s ]
INFO: [ app_begin ] --END-- [ RunTime:0.000521s ]
SQL: SHOW COLUMNS FROM `user` [ RunTime:0.0011s ]
SQL: SELECT u.roleid FROM `user` `u` LIMIT 1   [ RunTime:0.0002s ]
SQL: SHOW COLUMNS FROM `role` [ RunTime:0.0010s ]
SQL: SELECT * FROM `role` WHERE `roleid` IN ('2','3')  [ RunTime:0.0003s ]
SQL: SHOW COLUMNS FROM `auth` [ RunTime:0.0012s ]
SQL: SELECT * FROM `auth` WHERE `authid` IN ('1','2','3','4','51','2')  [ RunTime:0.0003s ]
NOTIC: [8] Undefined index: auhtcar /Applications/XAMPP/xamppfiles/htdocs/thinkphp-cms/APP/Common/Controller/AuthController.class.php 第 32 行.
NOTIC: [8] Undefined index: auhtcar /Applications/XAMPP/xamppfiles/htdocs/thinkphp-cms/APP/Common/Controller/AuthController.class.php 第 32 行.
NOTIC: [8] Undefined index: auhtcar /Applications/XAMPP/xamppfiles/htdocs/thinkphp-cms/APP/Common/Controller/AuthController.class.php 第 32 行.
NOTIC: [8] Undefined index: auhtcar /Applications/XAMPP/xamppfiles/htdocs/thinkphp-cms/APP/Common/Controller/AuthController.class.php 第 32 行.

[ 2016-09-03T21:17:06+08:00 ] ::1 /thinkphp-cms/index.php/v1/article/list?page=1&num=10
INFO: [ app_init ] --START--
INFO: Run Behavior\BuildLiteBehavior [ RunTime:0.000014s ]
INFO: [ app_init ] --END-- [ RunTime:0.000812s ]
INFO: [ app_begin ] --START--
INFO: Run Behavior\ReadHtmlCacheBehavior [ RunTime:0.000500s ]
INFO: [ app_begin ] --END-- [ RunTime:0.000530s ]
SQL: SHOW COLUMNS FROM `user` [ RunTime:0.0022s ]
SQL: SELECT u.roleid FROM `user` `u` LIMIT 1   [ RunTime:0.0002s ]
SQL: SHOW COLUMNS FROM `role` [ RunTime:0.0014s ]
SQL: SELECT * FROM `role` WHERE `roleid` IN ('2','3')  [ RunTime:0.0003s ]
SQL: SHOW COLUMNS FROM `auth` [ RunTime:0.0012s ]
SQL: SELECT * FROM `auth` WHERE `authid` IN ('1','2','3','4','51','2')  [ RunTime:0.0003s ]
NOTIC: [8] Undefined index: auhtcar /Applications/XAMPP/xamppfiles/htdocs/thinkphp-cms/APP/Common/Controller/AuthController.class.php 第 33 行.
NOTIC: [8] Undefined index: auhtcar /Applications/XAMPP/xamppfiles/htdocs/thinkphp-cms/APP/Common/Controller/AuthController.class.php 第 33 行.
NOTIC: [8] Undefined index: auhtcar /Applications/XAMPP/xamppfiles/htdocs/thinkphp-cms/APP/Common/Controller/AuthController.class.php 第 33 行.
NOTIC: [8] Undefined index: auhtcar /Applications/XAMPP/xamppfiles/htdocs/thinkphp-cms/APP/Common/Controller/AuthController.class.php 第 33 行.

[ 2016-09-03T21:20:39+08:00 ] ::1 /thinkphp-cms/index.php/v1/article/list?page=1&num=10
INFO: [ app_init ] --START--
INFO: Run Behavior\BuildLiteBehavior [ RunTime:0.000008s ]
INFO: [ app_init ] --END-- [ RunTime:0.000394s ]
INFO: [ app_begin ] --START--
INFO: Run Behavior\ReadHtmlCacheBehavior [ RunTime:0.000500s ]
INFO: [ app_begin ] --END-- [ RunTime:0.000592s ]
SQL: SHOW COLUMNS FROM `user` [ RunTime:0.0016s ]
SQL: SELECT u.roleid FROM `user` `u` LIMIT 1   [ RunTime:0.0002s ]
SQL: SHOW COLUMNS FROM `role` [ RunTime:0.0009s ]
SQL: SELECT * FROM `role` WHERE `roleid` IN ('2','3')  [ RunTime:0.0002s ]
SQL: SHOW COLUMNS FROM `auth` [ RunTime:0.0008s ]
SQL: SELECT * FROM `auth` WHERE `authid` IN ('1','2','3','4','51','2')  [ RunTime:0.0004s ]
NOTIC: [8] Undefined index: auhtcar /Applications/XAMPP/xamppfiles/htdocs/thinkphp-cms/APP/Common/Controller/AuthController.class.php 第 34 行.
NOTIC: [8] Undefined index: auhtcar /Applications/XAMPP/xamppfiles/htdocs/thinkphp-cms/APP/Common/Controller/AuthController.class.php 第 34 行.
NOTIC: [8] Undefined index: auhtcar /Applications/XAMPP/xamppfiles/htdocs/thinkphp-cms/APP/Common/Controller/AuthController.class.php 第 34 行.
NOTIC: [8] Undefined index: auhtcar /Applications/XAMPP/xamppfiles/htdocs/thinkphp-cms/APP/Common/Controller/AuthController.class.php 第 34 行.
SQL: SHOW COLUMNS FROM `article` [ RunTime:0.0010s ]
SQL: SELECT COUNT(*) AS tp_count FROM `article` LIMIT 1   [ RunTime:0.0006s ]
SQL: SELECT `title`,`author`,`addtime`,`click`,`aid` FROM `article` ORDER BY addtime desc,aid desc LIMIT 0,9   [ RunTime:0.0004s ]

[ 2016-09-03T21:20:59+08:00 ] ::1 /thinkphp-cms/index.php/v1/article/list?page=1&num=10
INFO: [ app_init ] --START--
INFO: Run Behavior\BuildLiteBehavior [ RunTime:0.000014s ]
INFO: [ app_init ] --END-- [ RunTime:0.000578s ]
INFO: [ app_begin ] --START--
INFO: Run Behavior\ReadHtmlCacheBehavior [ RunTime:0.000629s ]
INFO: [ app_begin ] --END-- [ RunTime:0.000683s ]
SQL: SHOW COLUMNS FROM `user` [ RunTime:0.0013s ]
SQL: SELECT u.roleid FROM `user` `u` LIMIT 1   [ RunTime:0.0002s ]
SQL: SHOW COLUMNS FROM `role` [ RunTime:0.0013s ]
SQL: SELECT * FROM `role` WHERE `roleid` IN ('2','3')  [ RunTime:0.0003s ]
SQL: SHOW COLUMNS FROM `auth` [ RunTime:0.0012s ]
SQL: SELECT * FROM `auth` WHERE `authid` IN ('1','2','3','4','51','2')  [ RunTime:0.0003s ]
NOTIC: [8] Undefined index: auhtcar /Applications/XAMPP/xamppfiles/htdocs/thinkphp-cms/APP/Common/Controller/AuthController.class.php 第 34 行.
NOTIC: [8] Undefined index: auhtcar /Applications/XAMPP/xamppfiles/htdocs/thinkphp-cms/APP/Common/Controller/AuthController.class.php 第 34 行.
NOTIC: [8] Undefined index: auhtcar /Applications/XAMPP/xamppfiles/htdocs/thinkphp-cms/APP/Common/Controller/AuthController.class.php 第 34 行.
NOTIC: [8] Undefined index: auhtcar /Applications/XAMPP/xamppfiles/htdocs/thinkphp-cms/APP/Common/Controller/AuthController.class.php 第 34 行.
SQL: SHOW COLUMNS FROM `article` [ RunTime:0.0013s ]
SQL: SELECT COUNT(*) AS tp_count FROM `article` LIMIT 1   [ RunTime:0.0002s ]
SQL: SELECT `title`,`author`,`addtime`,`click`,`aid` FROM `article` ORDER BY addtime desc,aid desc LIMIT 0,9   [ RunTime:0.0002s ]

[ 2016-09-03T21:21:43+08:00 ] ::1 /thinkphp-cms/index.php/v1/article/list?page=1&num=10
INFO: [ app_init ] --START--
INFO: Run Behavior\BuildLiteBehavior [ RunTime:0.000006s ]
INFO: [ app_init ] --END-- [ RunTime:0.000180s ]
INFO: [ app_begin ] --START--
INFO: Run Behavior\ReadHtmlCacheBehavior [ RunTime:0.000278s ]
INFO: [ app_begin ] --END-- [ RunTime:0.000298s ]
SQL: SHOW COLUMNS FROM `user` [ RunTime:0.0020s ]
SQL: SELECT u.roleid FROM `user` `u` LIMIT 1   [ RunTime:0.0002s ]
SQL: SHOW COLUMNS FROM `role` [ RunTime:0.0012s ]
SQL: SELECT * FROM `role` WHERE `roleid` IN ('2','3')  [ RunTime:0.0003s ]
SQL: SHOW COLUMNS FROM `auth` [ RunTime:0.0012s ]
SQL: SELECT * FROM `auth` WHERE `authid` IN ('1','2','3','41','2')  [ RunTime:0.0004s ]
NOTIC: [8] Undefined index: auhtcar /Applications/XAMPP/xamppfiles/htdocs/thinkphp-cms/APP/Common/Controller/AuthController.class.php 第 34 行.
NOTIC: [8] Undefined index: auhtcar /Applications/XAMPP/xamppfiles/htdocs/thinkphp-cms/APP/Common/Controller/AuthController.class.php 第 34 行.
NOTIC: [8] Undefined index: auhtcar /Applications/XAMPP/xamppfiles/htdocs/thinkphp-cms/APP/Common/Controller/AuthController.class.php 第 34 行.
SQL: SHOW COLUMNS FROM `article` [ RunTime:0.0011s ]
SQL: SELECT COUNT(*) AS tp_count FROM `article` LIMIT 1   [ RunTime:0.0002s ]
SQL: SELECT `title`,`author`,`addtime`,`click`,`aid` FROM `article` ORDER BY addtime desc,aid desc LIMIT 0,9   [ RunTime:0.0003s ]

[ 2016-09-03T21:21:45+08:00 ] ::1 /thinkphp-cms/index.php/v1/article/list?page=1&num=10
INFO: [ app_init ] --START--
INFO: Run Behavior\BuildLiteBehavior [ RunTime:0.000007s ]
INFO: [ app_init ] --END-- [ RunTime:0.000196s ]
INFO: [ app_begin ] --START--
INFO: Run Behavior\ReadHtmlCacheBehavior [ RunTime:0.000235s ]
INFO: [ app_begin ] --END-- [ RunTime:0.000256s ]
SQL: SHOW COLUMNS FROM `user` [ RunTime:0.0023s ]
SQL: SELECT u.roleid FROM `user` `u` LIMIT 1   [ RunTime:0.0002s ]
SQL: SHOW COLUMNS FROM `role` [ RunTime:0.0011s ]
SQL: SELECT * FROM `role` WHERE `roleid` IN ('2','3')  [ RunTime:0.0002s ]
SQL: SHOW COLUMNS FROM `auth` [ RunTime:0.0011s ]
SQL: SELECT * FROM `auth` WHERE `authid` IN ('1','2','3','41','2')  [ RunTime:0.0003s ]
NOTIC: [8] Undefined index: auhtcar /Applications/XAMPP/xamppfiles/htdocs/thinkphp-cms/APP/Common/Controller/AuthController.class.php 第 34 行.
NOTIC: [8] Undefined index: auhtcar /Applications/XAMPP/xamppfiles/htdocs/thinkphp-cms/APP/Common/Controller/AuthController.class.php 第 34 行.
NOTIC: [8] Undefined index: auhtcar /Applications/XAMPP/xamppfiles/htdocs/thinkphp-cms/APP/Common/Controller/AuthController.class.php 第 34 行.
SQL: SHOW COLUMNS FROM `article` [ RunTime:0.0017s ]
SQL: SELECT COUNT(*) AS tp_count FROM `article` LIMIT 1   [ RunTime:0.0002s ]
SQL: SELECT `title`,`author`,`addtime`,`click`,`aid` FROM `article` ORDER BY addtime desc,aid desc LIMIT 0,9   [ RunTime:0.0004s ]

[ 2016-09-03T21:23:14+08:00 ] ::1 /thinkphp-cms/index.php/v1/article/list?page=1&num=10
INFO: [ app_init ] --START--
INFO: Run Behavior\BuildLiteBehavior [ RunTime:0.000006s ]
INFO: [ app_init ] --END-- [ RunTime:0.000180s ]
INFO: [ app_begin ] --START--
INFO: Run Behavior\ReadHtmlCacheBehavior [ RunTime:0.000230s ]
INFO: [ app_begin ] --END-- [ RunTime:0.000248s ]
SQL: SHOW COLUMNS FROM `user` [ RunTime:0.0022s ]
SQL: SELECT u.roleid FROM `user` `u` LIMIT 1   [ RunTime:0.0002s ]
SQL: SHOW COLUMNS FROM `role` [ RunTime:0.0011s ]
SQL: SELECT * FROM `role` WHERE `roleid` IN ('2','3')  [ RunTime:0.0002s ]
SQL: SHOW COLUMNS FROM `auth` [ RunTime:0.0010s ]
SQL: SELECT * FROM `auth` WHERE `authid` IN ('1','2','3','41','2')  [ RunTime:0.0003s ]
NOTIC: [8] Undefined index: auhtcar /Applications/XAMPP/xamppfiles/htdocs/thinkphp-cms/APP/Common/Controller/AuthController.class.php 第 34 行.
NOTIC: [8] Undefined index: auhtcar /Applications/XAMPP/xamppfiles/htdocs/thinkphp-cms/APP/Common/Controller/AuthController.class.php 第 34 行.
NOTIC: [8] Undefined index: auhtcar /Applications/XAMPP/xamppfiles/htdocs/thinkphp-cms/APP/Common/Controller/AuthController.class.php 第 34 行.
SQL: SHOW COLUMNS FROM `article` [ RunTime:0.0010s ]
SQL: SELECT COUNT(*) AS tp_count FROM `article` LIMIT 1   [ RunTime:0.0002s ]
SQL: SELECT `title`,`author`,`addtime`,`click`,`aid` FROM `article` ORDER BY addtime desc,aid desc LIMIT 0,9   [ RunTime:0.0002s ]

[ 2016-09-03T21:24:05+08:00 ] ::1 /thinkphp-cms/index.php/v1/article/list?page=1&num=10
INFO: [ app_init ] --START--
INFO: Run Behavior\BuildLiteBehavior [ RunTime:0.000010s ]
INFO: [ app_init ] --END-- [ RunTime:0.000241s ]
INFO: [ app_begin ] --START--
INFO: Run Behavior\ReadHtmlCacheBehavior [ RunTime:0.000278s ]
INFO: [ app_begin ] --END-- [ RunTime:0.000304s ]
SQL: SHOW COLUMNS FROM `user` [ RunTime:0.0022s ]
SQL: SELECT u.roleid FROM `user` `u` LIMIT 1   [ RunTime:0.0002s ]
SQL: SHOW COLUMNS FROM `role` [ RunTime:0.0012s ]
SQL: SELECT * FROM `role` WHERE `roleid` IN ('2','3')  [ RunTime:0.0003s ]
SQL: SHOW COLUMNS FROM `auth` [ RunTime:0.0017s ]
SQL: SELECT * FROM `auth` WHERE `authid` IN ('1','2','3','41','2')  [ RunTime:0.0003s ]
NOTIC: [8] Undefined index: auhtcar /Applications/XAMPP/xamppfiles/htdocs/thinkphp-cms/APP/Common/Controller/AuthController.class.php 第 34 行.
NOTIC: [8] Undefined index: auhtcar /Applications/XAMPP/xamppfiles/htdocs/thinkphp-cms/APP/Common/Controller/AuthController.class.php 第 34 行.
NOTIC: [8] Undefined index: auhtcar /Applications/XAMPP/xamppfiles/htdocs/thinkphp-cms/APP/Common/Controller/AuthController.class.php 第 34 行.
SQL: SHOW COLUMNS FROM `article` [ RunTime:0.0011s ]
SQL: SELECT COUNT(*) AS tp_count FROM `article` LIMIT 1   [ RunTime:0.0002s ]
SQL: SELECT `title`,`author`,`addtime`,`click`,`aid` FROM `article` ORDER BY addtime desc,aid desc LIMIT 0,9   [ RunTime:0.0002s ]

[ 2016-09-03T21:24:12+08:00 ] ::1 /thinkphp-cms/index.php/v1/article/list?page=1&num=10
INFO: [ app_init ] --START--
INFO: Run Behavior\BuildLiteBehavior [ RunTime:0.000013s ]
INFO: [ app_init ] --END-- [ RunTime:0.000305s ]
INFO: [ app_begin ] --START--
INFO: Run Behavior\ReadHtmlCacheBehavior [ RunTime:0.000351s ]
INFO: [ app_begin ] --END-- [ RunTime:0.000382s ]
SQL: SHOW COLUMNS FROM `user` [ RunTime:0.0037s ]
SQL: SELECT u.roleid FROM `user` `u` LIMIT 1   [ RunTime:0.0003s ]
SQL: SHOW COLUMNS FROM `role` [ RunTime:0.0012s ]
SQL: SELECT * FROM `role` WHERE `roleid` IN ('2','3')  [ RunTime:0.0003s ]
SQL: SHOW COLUMNS FROM `auth` [ RunTime:0.0012s ]
SQL: SELECT * FROM `auth` WHERE `authid` IN ('1','2','3','41','2')  [ RunTime:0.0004s ]
NOTIC: [8] Undefined index: auhtcar /Applications/XAMPP/xamppfiles/htdocs/thinkphp-cms/APP/Common/Controller/AuthController.class.php 第 34 行.
NOTIC: [8] Undefined index: auhtcar /Applications/XAMPP/xamppfiles/htdocs/thinkphp-cms/APP/Common/Controller/AuthController.class.php 第 34 行.
NOTIC: [8] Undefined index: auhtcar /Applications/XAMPP/xamppfiles/htdocs/thinkphp-cms/APP/Common/Controller/AuthController.class.php 第 34 行.
SQL: SHOW COLUMNS FROM `article` [ RunTime:0.0012s ]
SQL: SELECT COUNT(*) AS tp_count FROM `article` LIMIT 1   [ RunTime:0.0002s ]
SQL: SELECT `title`,`author`,`addtime`,`click`,`aid` FROM `article` ORDER BY addtime desc,aid desc LIMIT 0,9   [ RunTime:0.0002s ]

[ 2016-09-03T21:26:25+08:00 ] ::1 /thinkphp-cms/index.php/v1/article/list?page=1&num=10
INFO: [ app_init ] --START--
INFO: Run Behavior\BuildLiteBehavior [ RunTime:0.000010s ]
INFO: [ app_init ] --END-- [ RunTime:0.000427s ]
INFO: [ app_begin ] --START--
INFO: Run Behavior\ReadHtmlCacheBehavior [ RunTime:0.000526s ]
INFO: [ app_begin ] --END-- [ RunTime:0.000558s ]
SQL: SHOW COLUMNS FROM `user` [ RunTime:0.0018s ]
SQL: SELECT u.roleid FROM `user` `u` LIMIT 1   [ RunTime:0.0003s ]
SQL: SHOW COLUMNS FROM `role` [ RunTime:0.0011s ]
SQL: SELECT * FROM `role` WHERE `roleid` IN ('2','3')  [ RunTime:0.0003s ]
SQL: SHOW COLUMNS FROM `auth` [ RunTime:0.0013s ]
SQL: SELECT * FROM `auth` WHERE `authid` IN ('1','2','3','41','2')  [ RunTime:0.0004s ]
NOTIC: [8] Undefined index: auhtcar /Applications/XAMPP/xamppfiles/htdocs/thinkphp-cms/APP/Common/Controller/AuthController.class.php 第 35 行.
NOTIC: [8] Undefined index: auhtcar /Applications/XAMPP/xamppfiles/htdocs/thinkphp-cms/APP/Common/Controller/AuthController.class.php 第 35 行.
NOTIC: [8] Undefined index: auhtcar /Applications/XAMPP/xamppfiles/htdocs/thinkphp-cms/APP/Common/Controller/AuthController.class.php 第 35 行.
SQL: SHOW COLUMNS FROM `article` [ RunTime:0.0009s ]
SQL: SELECT COUNT(*) AS tp_count FROM `article` LIMIT 1   [ RunTime:0.0002s ]
SQL: SELECT `title`,`author`,`addtime`,`click`,`aid` FROM `article` ORDER BY addtime desc,aid desc LIMIT 0,9   [ RunTime:0.0002s ]

[ 2016-09-03T21:27:42+08:00 ] ::1 /thinkphp-cms/index.php/v1/article/list?page=1&num=10
INFO: [ app_init ] --START--
INFO: Run Behavior\BuildLiteBehavior [ RunTime:0.000010s ]
INFO: [ app_init ] --END-- [ RunTime:0.000498s ]
INFO: [ app_begin ] --START--
INFO: Run Behavior\ReadHtmlCacheBehavior [ RunTime:0.000599s ]
INFO: [ app_begin ] --END-- [ RunTime:0.000636s ]
SQL: SHOW COLUMNS FROM `user` [ RunTime:0.0020s ]
SQL: SELECT u.roleid FROM `user` `u` LIMIT 1   [ RunTime:0.0002s ]
SQL: SHOW COLUMNS FROM `role` [ RunTime:0.0013s ]
SQL: SELECT * FROM `role` WHERE `roleid` IN ('2','3')  [ RunTime:0.0003s ]
SQL: SHOW COLUMNS FROM `auth` [ RunTime:0.0017s ]
SQL: SELECT * FROM `auth` WHERE `authid` IN ('','1','2','3','4','1','2')  [ RunTime:0.0012s ]
NOTIC: [8] Undefined index: auhtcar /Applications/XAMPP/xamppfiles/htdocs/thinkphp-cms/APP/Common/Controller/AuthController.class.php 第 35 行.
NOTIC: [8] Undefined index: auhtcar /Applications/XAMPP/xamppfiles/htdocs/thinkphp-cms/APP/Common/Controller/AuthController.class.php 第 35 行.
NOTIC: [8] Undefined index: auhtcar /Applications/XAMPP/xamppfiles/htdocs/thinkphp-cms/APP/Common/Controller/AuthController.class.php 第 35 行.
NOTIC: [8] Undefined index: auhtcar /Applications/XAMPP/xamppfiles/htdocs/thinkphp-cms/APP/Common/Controller/AuthController.class.php 第 35 行.
SQL: SHOW COLUMNS FROM `article` [ RunTime:0.0010s ]
SQL: SELECT COUNT(*) AS tp_count FROM `article` LIMIT 1   [ RunTime:0.0002s ]
SQL: SELECT `title`,`author`,`addtime`,`click`,`aid` FROM `article` ORDER BY addtime desc,aid desc LIMIT 0,9   [ RunTime:0.0002s ]

[ 2016-09-03T21:28:40+08:00 ] ::1 /thinkphp-cms/index.php/v1/article/list?page=1&num=10
INFO: [ app_init ] --START--
INFO: Run Behavior\BuildLiteBehavior [ RunTime:0.000011s ]
INFO: [ app_init ] --END-- [ RunTime:0.000390s ]
INFO: [ app_begin ] --START--
INFO: Run Behavior\ReadHtmlCacheBehavior [ RunTime:0.000459s ]
INFO: [ app_begin ] --END-- [ RunTime:0.000488s ]
SQL: SHOW COLUMNS FROM `user` [ RunTime:0.0022s ]
SQL: SELECT u.roleid FROM `user` `u` LIMIT 1   [ RunTime:0.0003s ]
SQL: SHOW COLUMNS FROM `role` [ RunTime:0.0014s ]
SQL: SELECT * FROM `role` WHERE `roleid` IN ('2','3')  [ RunTime:0.0003s ]
SQL: SHOW COLUMNS FROM `auth` [ RunTime:0.0017s ]
SQL: SELECT * FROM `auth` WHERE `authid` IN ('','1','2','3','4','1','2')  [ RunTime:0.0003s ]
NOTIC: [8] Undefined index: auhtcar /Applications/XAMPP/xamppfiles/htdocs/thinkphp-cms/APP/Common/Controller/AuthController.class.php 第 36 行.
NOTIC: [8] Undefined index: auhtcar /Applications/XAMPP/xamppfiles/htdocs/thinkphp-cms/APP/Common/Controller/AuthController.class.php 第 36 行.
NOTIC: [8] Undefined index: auhtcar /Applications/XAMPP/xamppfiles/htdocs/thinkphp-cms/APP/Common/Controller/AuthController.class.php 第 36 行.
NOTIC: [8] Undefined index: auhtcar /Applications/XAMPP/xamppfiles/htdocs/thinkphp-cms/APP/Common/Controller/AuthController.class.php 第 36 行.
SQL: SHOW COLUMNS FROM `article` [ RunTime:0.0015s ]
SQL: SELECT COUNT(*) AS tp_count FROM `article` LIMIT 1   [ RunTime:0.0002s ]
SQL: SELECT `title`,`author`,`addtime`,`click`,`aid` FROM `article` ORDER BY addtime desc,aid desc LIMIT 0,9   [ RunTime:0.0004s ]

[ 2016-09-03T21:31:58+08:00 ] ::1 /thinkphp-cms/index.php/v1/article/list?page=1&num=10
INFO: [ app_init ] --START--
INFO: Run Behavior\BuildLiteBehavior [ RunTime:0.000016s ]
INFO: [ app_init ] --END-- [ RunTime:0.000649s ]
INFO: [ app_begin ] --START--
INFO: Run Behavior\ReadHtmlCacheBehavior [ RunTime:0.000640s ]
INFO: [ app_begin ] --END-- [ RunTime:0.000701s ]
SQL: SHOW COLUMNS FROM `user` [ RunTime:0.0017s ]
SQL: SELECT u.roleid FROM `user` `u` LIMIT 1   [ RunTime:0.0002s ]
SQL: SHOW COLUMNS FROM `role` [ RunTime:0.0016s ]
SQL: SELECT * FROM `role` WHERE `roleid` IN ('2','3')  [ RunTime:0.0003s ]
SQL: SHOW COLUMNS FROM `auth` [ RunTime:0.0021s ]
SQL: SELECT * FROM `auth` WHERE `authid` IN ('','1','2','3','4')  [ RunTime:0.0004s ]
NOTIC: [8] Undefined index: auhtcar /Applications/XAMPP/xamppfiles/htdocs/thinkphp-cms/APP/Common/Controller/AuthController.class.php 第 36 行.
NOTIC: [8] Undefined index: auhtcar /Applications/XAMPP/xamppfiles/htdocs/thinkphp-cms/APP/Common/Controller/AuthController.class.php 第 36 行.
NOTIC: [8] Undefined index: auhtcar /Applications/XAMPP/xamppfiles/htdocs/thinkphp-cms/APP/Common/Controller/AuthController.class.php 第 36 行.
NOTIC: [8] Undefined index: auhtcar /Applications/XAMPP/xamppfiles/htdocs/thinkphp-cms/APP/Common/Controller/AuthController.class.php 第 36 行.
SQL: SHOW COLUMNS FROM `article` [ RunTime:0.0024s ]
SQL: SELECT COUNT(*) AS tp_count FROM `article` LIMIT 1   [ RunTime:0.0010s ]
SQL: SELECT `title`,`author`,`addtime`,`click`,`aid` FROM `article` ORDER BY addtime desc,aid desc LIMIT 0,9   [ RunTime:0.0012s ]

[ 2016-09-03T21:32:19+08:00 ] ::1 /thinkphp-cms/index.php/v1/article/list?page=1&num=10
INFO: [ app_init ] --START--
INFO: Run Behavior\BuildLiteBehavior [ RunTime:0.000017s ]
INFO: [ app_init ] --END-- [ RunTime:0.000614s ]
INFO: [ app_begin ] --START--
INFO: Run Behavior\ReadHtmlCacheBehavior [ RunTime:0.000657s ]
INFO: [ app_begin ] --END-- [ RunTime:0.000707s ]
SQL: SHOW COLUMNS FROM `user` [ RunTime:0.0035s ]
SQL: SELECT u.roleid FROM `user` `u` LIMIT 1   [ RunTime:0.0005s ]
SQL: SHOW COLUMNS FROM `role` [ RunTime:0.0015s ]
SQL: SELECT * FROM `role` WHERE `roleid` IN ('2','3')  [ RunTime:0.0003s ]
SQL: SHOW COLUMNS FROM `auth` [ RunTime:0.0015s ]
SQL: SELECT * FROM `auth` WHERE `authid` IN ('')  [ RunTime:0.0002s ]
SQL: SHOW COLUMNS FROM `article` [ RunTime:0.0018s ]
SQL: SELECT COUNT(*) AS tp_count FROM `article` LIMIT 1   [ RunTime:0.0003s ]
SQL: SELECT `title`,`author`,`addtime`,`click`,`aid` FROM `article` ORDER BY addtime desc,aid desc LIMIT 0,9   [ RunTime:0.0003s ]

[ 2016-09-03T21:34:32+08:00 ] ::1 /thinkphp-cms/index.php/v1/article/list?page=1&num=10
INFO: [ app_init ] --START--
INFO: Run Behavior\BuildLiteBehavior [ RunTime:0.000019s ]
INFO: [ app_init ] --END-- [ RunTime:0.000364s ]
INFO: [ app_begin ] --START--
INFO: Run Behavior\ReadHtmlCacheBehavior [ RunTime:0.000278s ]
INFO: [ app_begin ] --END-- [ RunTime:0.000303s ]
SQL: SHOW COLUMNS FROM `user` [ RunTime:0.0017s ]
SQL: SELECT u.roleid FROM `user` `u` LIMIT 1   [ RunTime:0.0002s ]
SQL: SHOW COLUMNS FROM `role` [ RunTime:0.0010s ]
SQL: SELECT * FROM `role` WHERE `roleid` IN ('2','3')  [ RunTime:0.0003s ]
SQL: SHOW COLUMNS FROM `auth` [ RunTime:0.0026s ]
SQL: SELECT * FROM `auth` WHERE `authid` IN ('1','2','3','4','1','2')  [ RunTime:0.0003s ]
NOTIC: [8] Undefined index: auhtcar /Applications/XAMPP/xamppfiles/htdocs/thinkphp-cms/APP/Common/Controller/AuthController.class.php 第 38 行.
NOTIC: [8] Undefined index: auhtcar /Applications/XAMPP/xamppfiles/htdocs/thinkphp-cms/APP/Common/Controller/AuthController.class.php 第 38 行.
NOTIC: [8] Undefined index: auhtcar /Applications/XAMPP/xamppfiles/htdocs/thinkphp-cms/APP/Common/Controller/AuthController.class.php 第 38 行.
NOTIC: [8] Undefined index: auhtcar /Applications/XAMPP/xamppfiles/htdocs/thinkphp-cms/APP/Common/Controller/AuthController.class.php 第 38 行.
SQL: SHOW COLUMNS FROM `article` [ RunTime:0.0017s ]
SQL: SELECT COUNT(*) AS tp_count FROM `article` LIMIT 1   [ RunTime:0.0003s ]
SQL: SELECT `title`,`author`,`addtime`,`click`,`aid` FROM `article` ORDER BY addtime desc,aid desc LIMIT 0,9   [ RunTime:0.0004s ]

[ 2016-09-03T21:35:06+08:00 ] ::1 /thinkphp-cms/index.php/v1/article/list?page=1&num=10
INFO: [ app_init ] --START--
INFO: Run Behavior\BuildLiteBehavior [ RunTime:0.000016s ]
INFO: [ app_init ] --END-- [ RunTime:0.000379s ]
INFO: [ app_begin ] --START--
INFO: Run Behavior\ReadHtmlCacheBehavior [ RunTime:0.000281s ]
INFO: [ app_begin ] --END-- [ RunTime:0.000305s ]
SQL: SHOW COLUMNS FROM `user` [ RunTime:0.0031s ]
SQL: SELECT u.roleid FROM `user` `u` LIMIT 1   [ RunTime:0.0002s ]
SQL: SHOW COLUMNS FROM `role` [ RunTime:0.0010s ]
SQL: SELECT * FROM `role` WHERE `roleid` IN ('2','3')  [ RunTime:0.0002s ]
SQL: SHOW COLUMNS FROM `auth` [ RunTime:0.0011s ]
SQL: SELECT * FROM `auth` WHERE `authid` IN ('1','2','3','4','1','2')  [ RunTime:0.0003s ]
NOTIC: [8] Undefined index: auhtcar /Applications/XAMPP/xamppfiles/htdocs/thinkphp-cms/APP/Common/Controller/AuthController.class.php 第 39 行.
NOTIC: [8] Undefined index: auhtcar /Applications/XAMPP/xamppfiles/htdocs/thinkphp-cms/APP/Common/Controller/AuthController.class.php 第 39 行.
NOTIC: [8] Undefined index: auhtcar /Applications/XAMPP/xamppfiles/htdocs/thinkphp-cms/APP/Common/Controller/AuthController.class.php 第 39 行.
NOTIC: [8] Undefined index: auhtcar /Applications/XAMPP/xamppfiles/htdocs/thinkphp-cms/APP/Common/Controller/AuthController.class.php 第 39 行.
SQL: SHOW COLUMNS FROM `article` [ RunTime:0.0016s ]
SQL: SELECT COUNT(*) AS tp_count FROM `article` LIMIT 1   [ RunTime:0.0003s ]
SQL: SELECT `title`,`author`,`addtime`,`click`,`aid` FROM `article` ORDER BY addtime desc,aid desc LIMIT 0,9   [ RunTime:0.0005s ]

[ 2016-09-03T21:35:19+08:00 ] ::1 /thinkphp-cms/index.php/v1/article/list?page=1&num=10
INFO: [ app_init ] --START--
INFO: Run Behavior\BuildLiteBehavior [ RunTime:0.000006s ]
INFO: [ app_init ] --END-- [ RunTime:0.000189s ]
INFO: [ app_begin ] --START--
INFO: Run Behavior\ReadHtmlCacheBehavior [ RunTime:0.000225s ]
INFO: [ app_begin ] --END-- [ RunTime:0.000244s ]
SQL: SHOW COLUMNS FROM `user` [ RunTime:0.0020s ]
SQL: SELECT u.roleid FROM `user` `u` LIMIT 1   [ RunTime:0.0002s ]
SQL: SHOW COLUMNS FROM `role` [ RunTime:0.0010s ]
SQL: SELECT * FROM `role` WHERE `roleid` IN ('2','3')  [ RunTime:0.0002s ]
SQL: SHOW COLUMNS FROM `auth` [ RunTime:0.0009s ]
SQL: SELECT * FROM `auth` WHERE `authid` IN ('1','2','3','4','1','2')  [ RunTime:0.0003s ]
NOTIC: [8] Undefined index: auhtcar /Applications/XAMPP/xamppfiles/htdocs/thinkphp-cms/APP/Common/Controller/AuthController.class.php 第 37 行.
NOTIC: [8] Undefined index: auhtcar /Applications/XAMPP/xamppfiles/htdocs/thinkphp-cms/APP/Common/Controller/AuthController.class.php 第 37 行.
NOTIC: [8] Undefined index: auhtcar /Applications/XAMPP/xamppfiles/htdocs/thinkphp-cms/APP/Common/Controller/AuthController.class.php 第 37 行.
NOTIC: [8] Undefined index: auhtcar /Applications/XAMPP/xamppfiles/htdocs/thinkphp-cms/APP/Common/Controller/AuthController.class.php 第 37 行.
SQL: SHOW COLUMNS FROM `article` [ RunTime:0.0010s ]
SQL: SELECT COUNT(*) AS tp_count FROM `article` LIMIT 1   [ RunTime:0.0002s ]
SQL: SELECT `title`,`author`,`addtime`,`click`,`aid` FROM `article` ORDER BY addtime desc,aid desc LIMIT 0,9   [ RunTime:0.0002s ]

[ 2016-09-03T21:38:39+08:00 ] ::1 /thinkphp-cms/index.php/v1/article/list?page=1&num=10
INFO: [ app_init ] --START--
INFO: Run Behavior\BuildLiteBehavior [ RunTime:0.000008s ]
INFO: [ app_init ] --END-- [ RunTime:0.000180s ]
INFO: [ app_begin ] --START--
INFO: Run Behavior\ReadHtmlCacheBehavior [ RunTime:0.000231s ]
INFO: [ app_begin ] --END-- [ RunTime:0.000251s ]
SQL: SHOW COLUMNS FROM `user` [ RunTime:0.0021s ]
SQL: SELECT u.roleid FROM `user` `u` LIMIT 1   [ RunTime:0.0002s ]
SQL: SHOW COLUMNS FROM `role` [ RunTime:0.0010s ]
SQL: SELECT * FROM `role` WHERE `roleid` IN ('2','3')  [ RunTime:0.0002s ]
SQL: SHOW COLUMNS FROM `auth` [ RunTime:0.0009s ]
SQL: SELECT * FROM `auth` WHERE `authid` IN ('1','2','3','4','1','2')  [ RunTime:0.0003s ]
NOTIC: [8] Undefined index: auhtcar /Applications/XAMPP/xamppfiles/htdocs/thinkphp-cms/APP/Common/Controller/AuthController.class.php 第 38 行.
NOTIC: [8] Undefined index: auhtcar /Applications/XAMPP/xamppfiles/htdocs/thinkphp-cms/APP/Common/Controller/AuthController.class.php 第 38 行.
NOTIC: [8] Undefined index: auhtcar /Applications/XAMPP/xamppfiles/htdocs/thinkphp-cms/APP/Common/Controller/AuthController.class.php 第 38 行.
NOTIC: [8] Undefined index: auhtcar /Applications/XAMPP/xamppfiles/htdocs/thinkphp-cms/APP/Common/Controller/AuthController.class.php 第 38 行.
SQL: SHOW COLUMNS FROM `article` [ RunTime:0.0011s ]
SQL: SELECT COUNT(*) AS tp_count FROM `article` LIMIT 1   [ RunTime:0.0002s ]
SQL: SELECT `title`,`author`,`addtime`,`click`,`aid` FROM `article` ORDER BY addtime desc,aid desc LIMIT 0,9   [ RunTime:0.0002s ]

[ 2016-09-03T21:38:45+08:00 ] ::1 /thinkphp-cms/index.php/v1/article/list?page=1&num=10
INFO: [ app_init ] --START--
INFO: Run Behavior\BuildLiteBehavior [ RunTime:0.000010s ]
INFO: [ app_init ] --END-- [ RunTime:0.000239s ]
INFO: [ app_begin ] --START--
INFO: Run Behavior\ReadHtmlCacheBehavior [ RunTime:0.000261s ]
INFO: [ app_begin ] --END-- [ RunTime:0.000283s ]
SQL: SHOW COLUMNS FROM `user` [ RunTime:0.0025s ]
SQL: SELECT u.roleid FROM `user` `u` LIMIT 1   [ RunTime:0.0002s ]
SQL: SHOW COLUMNS FROM `role` [ RunTime:0.0014s ]
SQL: SELECT * FROM `role` WHERE `roleid` IN ('2','3')  [ RunTime:0.0003s ]
SQL: SHOW COLUMNS FROM `auth` [ RunTime:0.0013s ]
SQL: SELECT * FROM `auth` WHERE `authid` IN ('1','2','3','4','1','2')  [ RunTime:0.0004s ]
NOTIC: [8] Undefined index: auhtcar /Applications/XAMPP/xamppfiles/htdocs/thinkphp-cms/APP/Common/Controller/AuthController.class.php 第 38 行.
NOTIC: [8] Undefined index: auhtcar /Applications/XAMPP/xamppfiles/htdocs/thinkphp-cms/APP/Common/Controller/AuthController.class.php 第 38 行.
NOTIC: [8] Undefined index: auhtcar /Applications/XAMPP/xamppfiles/htdocs/thinkphp-cms/APP/Common/Controller/AuthController.class.php 第 38 行.
NOTIC: [8] Undefined index: auhtcar /Applications/XAMPP/xamppfiles/htdocs/thinkphp-cms/APP/Common/Controller/AuthController.class.php 第 38 行.
SQL: SHOW COLUMNS FROM `article` [ RunTime:0.0016s ]
SQL: SELECT COUNT(*) AS tp_count FROM `article` LIMIT 1   [ RunTime:0.0003s ]
SQL: SELECT `title`,`author`,`addtime`,`click`,`aid` FROM `article` ORDER BY addtime desc,aid desc LIMIT 0,9   [ RunTime:0.0003s ]

[ 2016-09-03T21:39:44+08:00 ] ::1 /thinkphp-cms/index.php/v1/article/list?page=1&num=10
INFO: [ app_init ] --START--
INFO: Run Behavior\BuildLiteBehavior [ RunTime:0.000014s ]
INFO: [ app_init ] --END-- [ RunTime:0.000587s ]
INFO: [ app_begin ] --START--
INFO: Run Behavior\ReadHtmlCacheBehavior [ RunTime:0.000406s ]
INFO: [ app_begin ] --END-- [ RunTime:0.000452s ]
SQL: SHOW COLUMNS FROM `user` [ RunTime:0.0051s ]
SQL: SELECT u.roleid FROM `user` `u` LIMIT 1   [ RunTime:0.0003s ]
SQL: SHOW COLUMNS FROM `role` [ RunTime:0.0013s ]
SQL: SELECT * FROM `role` WHERE `roleid` IN ('2','3')  [ RunTime:0.0004s ]
SQL: SHOW COLUMNS FROM `auth` [ RunTime:0.0033s ]
SQL: SELECT * FROM `auth` WHERE `authid` IN ('1','2','3','4','1','2')  [ RunTime:0.0005s ]
SQL: SHOW COLUMNS FROM `article` [ RunTime:0.0014s ]
SQL: SELECT COUNT(*) AS tp_count FROM `article` LIMIT 1   [ RunTime:0.0003s ]
SQL: SELECT `title`,`author`,`addtime`,`click`,`aid` FROM `article` ORDER BY addtime desc,aid desc LIMIT 0,9   [ RunTime:0.0004s ]

[ 2016-09-03T21:40:57+08:00 ] ::1 /thinkphp-cms/index.php/v1/article/list?page=1&num=10
INFO: [ app_init ] --START--
INFO: Run Behavior\BuildLiteBehavior [ RunTime:0.000014s ]
INFO: [ app_init ] --END-- [ RunTime:0.000640s ]
INFO: [ app_begin ] --START--
INFO: Run Behavior\ReadHtmlCacheBehavior [ RunTime:0.000683s ]
INFO: [ app_begin ] --END-- [ RunTime:0.000733s ]
SQL: SHOW COLUMNS FROM `user` [ RunTime:0.0031s ]
SQL: SELECT u.roleid FROM `user` `u` LIMIT 1   [ RunTime:0.0023s ]
SQL: SHOW COLUMNS FROM `role` [ RunTime:0.0022s ]
SQL: SELECT * FROM `role` WHERE `roleid` IN ('2','3')  [ RunTime:0.0011s ]
SQL: SHOW COLUMNS FROM `auth` [ RunTime:0.0010s ]
SQL: SELECT * FROM `auth` WHERE `authid` IN ('1','2','3','4','1','2')  [ RunTime:0.0003s ]
NOTIC: [8] Undefined variable: no_am /Applications/XAMPP/xamppfiles/htdocs/thinkphp-cms/APP/Common/Controller/AuthController.class.php 第 36 行.
SQL: SHOW COLUMNS FROM `article` [ RunTime:0.0024s ]
SQL: SELECT COUNT(*) AS tp_count FROM `article` LIMIT 1   [ RunTime:0.0003s ]
SQL: SELECT `title`,`author`,`addtime`,`click`,`aid` FROM `article` ORDER BY addtime desc,aid desc LIMIT 0,9   [ RunTime:0.0005s ]

[ 2016-09-03T21:41:52+08:00 ] ::1 /thinkphp-cms/index.php/v1/article/list?page=1&num=10
INFO: [ app_init ] --START--
INFO: Run Behavior\BuildLiteBehavior [ RunTime:0.000022s ]
INFO: [ app_init ] --END-- [ RunTime:0.000508s ]
INFO: [ app_begin ] --START--
INFO: Run Behavior\ReadHtmlCacheBehavior [ RunTime:0.000562s ]
INFO: [ app_begin ] --END-- [ RunTime:0.000628s ]
SQL: SHOW COLUMNS FROM `user` [ RunTime:0.0026s ]
SQL: SELECT u.roleid FROM `user` `u` LIMIT 1   [ RunTime:0.0004s ]
SQL: SHOW COLUMNS FROM `role` [ RunTime:0.0035s ]
SQL: SELECT * FROM `role` WHERE `roleid` IN ('2','3')  [ RunTime:0.0003s ]
SQL: SHOW COLUMNS FROM `auth` [ RunTime:0.0014s ]
SQL: SELECT * FROM `auth` WHERE `authid` IN ('1','2','3','4','1','2')  [ RunTime:0.0004s ]
NOTIC: [8] Undefined variable: no_am /Applications/XAMPP/xamppfiles/htdocs/thinkphp-cms/APP/Common/Controller/AuthController.class.php 第 36 行.
SQL: SHOW COLUMNS FROM `article` [ RunTime:0.0014s ]
SQL: SELECT COUNT(*) AS tp_count FROM `article` LIMIT 1   [ RunTime:0.0004s ]
SQL: SELECT `title`,`author`,`addtime`,`click`,`aid` FROM `article` ORDER BY addtime desc,aid desc LIMIT 0,9   [ RunTime:0.0003s ]

[ 2016-09-03T21:42:14+08:00 ] ::1 /thinkphp-cms/index.php/v1/article/list?page=1&num=10
INFO: [ app_init ] --START--
INFO: Run Behavior\BuildLiteBehavior [ RunTime:0.000018s ]
INFO: [ app_init ] --END-- [ RunTime:0.000509s ]
INFO: [ app_begin ] --START--
INFO: Run Behavior\ReadHtmlCacheBehavior [ RunTime:0.000376s ]
INFO: [ app_begin ] --END-- [ RunTime:0.000408s ]
SQL: SHOW COLUMNS FROM `user` [ RunTime:0.0023s ]
SQL: SELECT u.roleid FROM `user` `u` LIMIT 1   [ RunTime:0.0002s ]
SQL: SHOW COLUMNS FROM `role` [ RunTime:0.0012s ]
SQL: SELECT * FROM `role` WHERE `roleid` IN ('2','3')  [ RunTime:0.0003s ]
SQL: SHOW COLUMNS FROM `auth` [ RunTime:0.0014s ]
SQL: SELECT * FROM `auth` WHERE `authid` IN ('1','2','3','4','1','2')  [ RunTime:0.0004s ]
SQL: SHOW COLUMNS FROM `article` [ RunTime:0.0023s ]
SQL: SELECT COUNT(*) AS tp_count FROM `article` LIMIT 1   [ RunTime:0.0003s ]
SQL: SELECT `title`,`author`,`addtime`,`click`,`aid` FROM `article` ORDER BY addtime desc,aid desc LIMIT 0,9   [ RunTime:0.0004s ]

[ 2016-09-03T21:43:12+08:00 ] ::1 /thinkphp-cms/index.php/v1/article/list?page=1&num=10
INFO: [ app_init ] --START--
INFO: Run Behavior\BuildLiteBehavior [ RunTime:0.000007s ]
INFO: [ app_init ] --END-- [ RunTime:0.000175s ]
INFO: [ app_begin ] --START--
INFO: Run Behavior\ReadHtmlCacheBehavior [ RunTime:0.000224s ]
INFO: [ app_begin ] --END-- [ RunTime:0.000242s ]
SQL: SHOW COLUMNS FROM `user` [ RunTime:0.0022s ]
SQL: SELECT u.roleid FROM `user` `u` LIMIT 1   [ RunTime:0.0002s ]
SQL: SHOW COLUMNS FROM `role` [ RunTime:0.0011s ]
SQL: SELECT * FROM `role` WHERE `roleid` IN ('2','3')  [ RunTime:0.0002s ]
SQL: SHOW COLUMNS FROM `auth` [ RunTime:0.0011s ]
SQL: SELECT * FROM `auth` WHERE `authid` IN ('1','2','3','4','1','2')  [ RunTime:0.0003s ]

[ 2016-09-03T21:43:22+08:00 ] ::1 /thinkphp-cms/index.php/v1/category/list?condition=cid%2Ccname
INFO: [ app_init ] --START--
INFO: Run Behavior\BuildLiteBehavior [ RunTime:0.000007s ]
INFO: [ app_init ] --END-- [ RunTime:0.000191s ]
INFO: [ app_begin ] --START--
INFO: Run Behavior\ReadHtmlCacheBehavior [ RunTime:0.000231s ]
INFO: [ app_begin ] --END-- [ RunTime:0.000251s ]
SQL: SHOW COLUMNS FROM `category` [ RunTime:0.0014s ]
SQL: SELECT `cid`,`cname` FROM `category`  [ RunTime:0.0003s ]

[ 2016-09-03T21:45:12+08:00 ] ::1 /thinkphp-cms/index.php/v1/article/add
INFO: [ app_init ] --START--
INFO: Run Behavior\BuildLiteBehavior [ RunTime:0.000011s ]
INFO: [ app_init ] --END-- [ RunTime:0.000642s ]
INFO: [ app_begin ] --START--
INFO: Run Behavior\ReadHtmlCacheBehavior [ RunTime:0.001201s ]
INFO: [ app_begin ] --END-- [ RunTime:0.001248s ]
SQL: SHOW COLUMNS FROM `article` [ RunTime:0.0020s ]
SQL: INSERT INTO `article` (`title`,`author`,`content`,`keywords`,`description`,`is_top`,`click`,`addtime`,`cid`) VALUES ('eqw','eqwe','&lt;p&gt;dsfdfsdfsdkfksndfm,sdm smdf msd fmsdf jdhsfkfd sdf sdfsdfsd&lt;img src=&quot;/thinkphp-cms/webblog/admin/ueditor/php/upload/image/20160830/1472531132923852.jpg&quot; alt=&quot;1472531132923852.jpg&quot;/&gt;fsfewe....&lt;/p&gt;','rewrwer','dfkjsdfkjskdflsf','0','0','2016-9-6','18,25,32') [ RunTime:0.0046s ]

[ 2016-09-03T21:46:30+08:00 ] ::1 /thinkphp-cms/index.php/v1/article/upd
INFO: [ app_init ] --START--
INFO: Run Behavior\BuildLiteBehavior [ RunTime:0.000013s ]
INFO: [ app_init ] --END-- [ RunTime:0.000339s ]
INFO: [ app_begin ] --START--
INFO: Run Behavior\ReadHtmlCacheBehavior [ RunTime:0.000711s ]
INFO: [ app_begin ] --END-- [ RunTime:0.000795s ]
SQL: SHOW COLUMNS FROM `user` [ RunTime:0.0017s ]
SQL: SELECT u.roleid FROM `user` `u` LIMIT 1   [ RunTime:0.0002s ]
SQL: SHOW COLUMNS FROM `role` [ RunTime:0.0019s ]
SQL: SELECT * FROM `role` WHERE `roleid` IN ('2','3')  [ RunTime:0.0003s ]
SQL: SHOW COLUMNS FROM `auth` [ RunTime:0.0013s ]
SQL: SELECT * FROM `auth` WHERE `authid` IN ('1','3','1','2')  [ RunTime:0.0003s ]

[ 2016-09-03T21:46:52+08:00 ] ::1 /thinkphp-cms/index.php/v1/article/upd
INFO: [ app_init ] --START--
INFO: Run Behavior\BuildLiteBehavior [ RunTime:0.000015s ]
INFO: [ app_init ] --END-- [ RunTime:0.000357s ]
INFO: [ app_begin ] --START--
INFO: Run Behavior\ReadHtmlCacheBehavior [ RunTime:0.000500s ]
INFO: [ app_begin ] --END-- [ RunTime:0.000555s ]
SQL: SHOW COLUMNS FROM `user` [ RunTime:0.0020s ]
SQL: SELECT u.roleid FROM `user` `u` LIMIT 1   [ RunTime:0.0002s ]
SQL: SHOW COLUMNS FROM `role` [ RunTime:0.0012s ]
SQL: SELECT * FROM `role` WHERE `roleid` IN ('2','3')  [ RunTime:0.0003s ]
SQL: SHOW COLUMNS FROM `auth` [ RunTime:0.0014s ]
SQL: SELECT * FROM `auth` WHERE `authid` IN ('1','3','4','1','2')  [ RunTime:0.0003s ]
SQL: SHOW COLUMNS FROM `article` [ RunTime:0.0021s ]
SQL: UPDATE `article` SET `title`='eqw',`author`='eqwe',`content`='&lt;p&gt;dsfdfsdfsdkfksndfm,sdm smdf msd fmsdf jdhsfkfd sdf sdfsdfsd&lt;img src=&quot;/thinkphp-cms/webblog/admin/ueditor/php/upload/image/20160830/1472531132923852.jpg&quot; alt=&quot;1472531132923852.jpg&quot;/&gt;fsfewe....&lt;/p&gt;',`keywords`='rewrwer',`description`='dfkjsdfkjskdflsf',`is_top`='0',`click`='0',`addtime`='2016-9-6',`cid`='18,25,32' WHERE ( aid=36 ) [ RunTime:0.0013s ]

[ 2016-09-03T21:47:24+08:00 ] ::1 /thinkphp-cms/index.php/v1/category/list?condition=cid%2Ccname
INFO: [ app_init ] --START--
INFO: Run Behavior\BuildLiteBehavior [ RunTime:0.000006s ]
INFO: [ app_init ] --END-- [ RunTime:0.000195s ]
INFO: [ app_begin ] --START--
INFO: Run Behavior\ReadHtmlCacheBehavior [ RunTime:0.000421s ]
INFO: [ app_begin ] --END-- [ RunTime:0.000463s ]
SQL: SHOW COLUMNS FROM `category` [ RunTime:0.0013s ]
SQL: SELECT `cid`,`cname` FROM `category`  [ RunTime:0.0002s ]

[ 2016-09-03T21:47:33+08:00 ] ::1 /thinkphp-cms/index.php/v1/article/list?page=1&num=10
INFO: [ app_init ] --START--
INFO: Run Behavior\BuildLiteBehavior [ RunTime:0.000007s ]
INFO: [ app_init ] --END-- [ RunTime:0.000183s ]
INFO: [ app_begin ] --START--
INFO: Run Behavior\ReadHtmlCacheBehavior [ RunTime:0.000226s ]
INFO: [ app_begin ] --END-- [ RunTime:0.000245s ]
SQL: SHOW COLUMNS FROM `user` [ RunTime:0.0020s ]
SQL: SELECT u.roleid FROM `user` `u` LIMIT 1   [ RunTime:0.0002s ]
SQL: SHOW COLUMNS FROM `role` [ RunTime:0.0011s ]
SQL: SELECT * FROM `role` WHERE `roleid` IN ('2','3')  [ RunTime:0.0003s ]
SQL: SHOW COLUMNS FROM `auth` [ RunTime:0.0012s ]
SQL: SELECT * FROM `auth` WHERE `authid` IN ('1','3','4','1','2')  [ RunTime:0.0003s ]

[ 2016-09-03T21:48:01+08:00 ] ::1 /thinkphp-cms/index.php/v1/article/list?page=1&num=10
INFO: [ app_init ] --START--
INFO: Run Behavior\BuildLiteBehavior [ RunTime:0.000007s ]
INFO: [ app_init ] --END-- [ RunTime:0.000181s ]
INFO: [ app_begin ] --START--
INFO: Run Behavior\ReadHtmlCacheBehavior [ RunTime:0.000240s ]
INFO: [ app_begin ] --END-- [ RunTime:0.000260s ]
SQL: SHOW COLUMNS FROM `user` [ RunTime:0.0021s ]
SQL: SELECT u.roleid FROM `user` `u` LIMIT 1   [ RunTime:0.0002s ]
SQL: SHOW COLUMNS FROM `role` [ RunTime:0.0012s ]
SQL: SELECT * FROM `role` WHERE `roleid` IN ('2','3')  [ RunTime:0.0002s ]
SQL: SHOW COLUMNS FROM `auth` [ RunTime:0.0014s ]
SQL: SELECT * FROM `auth` WHERE `authid` IN ('1','3','4','5','1','2')  [ RunTime:0.0032s ]
SQL: SHOW COLUMNS FROM `article` [ RunTime:0.0026s ]
SQL: SELECT COUNT(*) AS tp_count FROM `article` LIMIT 1   [ RunTime:0.0050s ]
SQL: SELECT `title`,`author`,`addtime`,`click`,`aid` FROM `article` ORDER BY addtime desc,aid desc LIMIT 0,10   [ RunTime:0.0017s ]

[ 2016-09-03T21:48:05+08:00 ] ::1 /thinkphp-cms/index.php/v1/category/list?condition=cid%2Ccname
INFO: [ app_init ] --START--
INFO: Run Behavior\BuildLiteBehavior [ RunTime:0.000011s ]
INFO: [ app_init ] --END-- [ RunTime:0.000284s ]
INFO: [ app_begin ] --START--
INFO: Run Behavior\ReadHtmlCacheBehavior [ RunTime:0.000351s ]
INFO: [ app_begin ] --END-- [ RunTime:0.000390s ]
SQL: SHOW COLUMNS FROM `category` [ RunTime:0.0015s ]
SQL: SELECT `cid`,`cname` FROM `category`  [ RunTime:0.0003s ]

[ 2016-09-03T21:48:05+08:00 ] ::1 /thinkphp-cms/index.php/v1/article/list?aid=36
INFO: [ app_init ] --START--
INFO: Run Behavior\BuildLiteBehavior [ RunTime:0.000011s ]
INFO: [ app_init ] --END-- [ RunTime:0.000272s ]
INFO: [ app_begin ] --START--
INFO: Run Behavior\ReadHtmlCacheBehavior [ RunTime:0.000357s ]
INFO: [ app_begin ] --END-- [ RunTime:0.000395s ]
SQL: SHOW COLUMNS FROM `user` [ RunTime:0.0010s ]
SQL: SELECT u.roleid FROM `user` `u` LIMIT 1   [ RunTime:0.0002s ]
SQL: SHOW COLUMNS FROM `role` [ RunTime:0.0010s ]
SQL: SELECT * FROM `role` WHERE `roleid` IN ('2','3')  [ RunTime:0.0002s ]
SQL: SHOW COLUMNS FROM `auth` [ RunTime:0.0011s ]
SQL: SELECT * FROM `auth` WHERE `authid` IN ('1','3','4','5','1','2')  [ RunTime:0.0003s ]
SQL: SHOW COLUMNS FROM `article` [ RunTime:0.0015s ]
SQL: SELECT * FROM `article` WHERE ( aid=36 )  [ RunTime:0.0002s ]

[ 2016-09-03T21:48:14+08:00 ] ::1 /thinkphp-cms/index.php/v1/article/upd
INFO: [ app_init ] --START--
INFO: Run Behavior\BuildLiteBehavior [ RunTime:0.000008s ]
INFO: [ app_init ] --END-- [ RunTime:0.000197s ]
INFO: [ app_begin ] --START--
INFO: Run Behavior\ReadHtmlCacheBehavior [ RunTime:0.000325s ]
INFO: [ app_begin ] --END-- [ RunTime:0.000355s ]
SQL: SHOW COLUMNS FROM `user` [ RunTime:0.0024s ]
SQL: SELECT u.roleid FROM `user` `u` LIMIT 1   [ RunTime:0.0007s ]
SQL: SHOW COLUMNS FROM `role` [ RunTime:0.0019s ]
SQL: SELECT * FROM `role` WHERE `roleid` IN ('2','3')  [ RunTime:0.0005s ]
SQL: SHOW COLUMNS FROM `auth` [ RunTime:0.0043s ]
SQL: SELECT * FROM `auth` WHERE `authid` IN ('1','3','4','5','1','2')  [ RunTime:0.0013s ]
SQL: SHOW COLUMNS FROM `article` [ RunTime:0.0017s ]
SQL: UPDATE `article` SET `title`='eqwnnnnnn',`author`='eqwe',`content`='&lt;p&gt;dsfdfsdfsdkfksndfm,sdm smdf msd fmsdf jdhsfkfd sdf sdfsdfsd&lt;img src=&quot;/thinkphp-cms/webblog/admin/ueditor/php/upload/image/20160830/1472531132923852.jpg&quot; alt=&quot;1472531132923852.jpg&quot;/&gt;fsfewe....&lt;/p&gt;',`keywords`='rewrwer',`description`='dfkjsdfkjskdflsf',`is_top`='1',`click`='0',`addtime`='2016-09-06',`cid`='18,25,32' WHERE ( aid=36 ) [ RunTime:0.0007s ]

[ 2016-09-03T21:48:32+08:00 ] ::1 /thinkphp-cms/index.php/v1/article/upd
INFO: [ app_init ] --START--
INFO: Run Behavior\BuildLiteBehavior [ RunTime:0.000011s ]
INFO: [ app_init ] --END-- [ RunTime:0.000298s ]
INFO: [ app_begin ] --START--
INFO: Run Behavior\ReadHtmlCacheBehavior [ RunTime:0.000409s ]
INFO: [ app_begin ] --END-- [ RunTime:0.000455s ]
SQL: SHOW COLUMNS FROM `user` [ RunTime:0.0030s ]
SQL: SELECT u.roleid FROM `user` `u` LIMIT 1   [ RunTime:0.0005s ]
SQL: SHOW COLUMNS FROM `role` [ RunTime:0.0050s ]
SQL: SELECT * FROM `role` WHERE `roleid` IN ('2','3')  [ RunTime:0.0005s ]
SQL: SHOW COLUMNS FROM `auth` [ RunTime:0.0023s ]
SQL: SELECT * FROM `auth` WHERE `authid` IN ('1','3','5','1','2')  [ RunTime:0.0003s ]

[ 2016-09-03T21:51:09+08:00 ] ::1 /thinkphp-cms/index.php/v1/article/upd
INFO: [ app_init ] --START--
INFO: Run Behavior\BuildLiteBehavior [ RunTime:0.000015s ]
INFO: [ app_init ] --END-- [ RunTime:0.000871s ]
INFO: [ app_begin ] --START--
INFO: Run Behavior\ReadHtmlCacheBehavior [ RunTime:0.000567s ]
INFO: [ app_begin ] --END-- [ RunTime:0.000614s ]
SQL: SHOW COLUMNS FROM `user` [ RunTime:0.0029s ]
SQL: SELECT u.roleid FROM `user` `u` LIMIT 1   [ RunTime:0.0006s ]
SQL: SHOW COLUMNS FROM `role` [ RunTime:0.0017s ]
SQL: SELECT * FROM `role` WHERE `roleid` IN ('2','3')  [ RunTime:0.0005s ]
SQL: SHOW COLUMNS FROM `auth` [ RunTime:0.0017s ]
SQL: SELECT * FROM `auth` WHERE `authid` IN ('1','3','5','1','2')  [ RunTime:0.0004s ]

[ 2016-09-03T21:52:44+08:00 ] ::1 /thinkphp-cms/index.php/v1/article/list?aid=36
INFO: [ app_init ] --START--
INFO: Run Behavior\BuildLiteBehavior [ RunTime:0.000012s ]
INFO: [ app_init ] --END-- [ RunTime:0.000571s ]
INFO: [ app_begin ] --START--
INFO: Run Behavior\ReadHtmlCacheBehavior [ RunTime:0.000593s ]
INFO: [ app_begin ] --END-- [ RunTime:0.000626s ]
SQL: SHOW COLUMNS FROM `user` [ RunTime:0.0016s ]
SQL: SELECT u.roleid FROM `user` `u` LIMIT 1   [ RunTime:0.0002s ]
SQL: SHOW COLUMNS FROM `role` [ RunTime:0.0012s ]
SQL: SELECT * FROM `role` WHERE `roleid` IN ('2','3')  [ RunTime:0.0003s ]
SQL: SHOW COLUMNS FROM `auth` [ RunTime:0.0014s ]
SQL: SELECT * FROM `auth` WHERE `authid` IN ('1','3','5','1','2')  [ RunTime:0.0003s ]
SQL: SHOW COLUMNS FROM `article` [ RunTime:0.0013s ]
SQL: SELECT * FROM `article` WHERE ( aid=36 )  [ RunTime:0.0003s ]

[ 2016-09-03T21:52:44+08:00 ] ::1 /thinkphp-cms/index.php/v1/category/list?condition=cid%2Ccname
INFO: [ app_init ] --START--
INFO: Run Behavior\BuildLiteBehavior [ RunTime:0.000012s ]
INFO: [ app_init ] --END-- [ RunTime:0.000560s ]
INFO: [ app_begin ] --START--
INFO: Run Behavior\ReadHtmlCacheBehavior [ RunTime:0.000337s ]
INFO: [ app_begin ] --END-- [ RunTime:0.000368s ]
SQL: SHOW COLUMNS FROM `category` [ RunTime:0.0014s ]
SQL: SELECT `cid`,`cname` FROM `category`  [ RunTime:0.0002s ]

[ 2016-09-03T21:52:50+08:00 ] ::1 /thinkphp-cms/index.php/v1/article/upd
INFO: [ app_init ] --START--
INFO: Run Behavior\BuildLiteBehavior [ RunTime:0.000006s ]
INFO: [ app_init ] --END-- [ RunTime:0.000183s ]
INFO: [ app_begin ] --START--
INFO: Run Behavior\ReadHtmlCacheBehavior [ RunTime:0.000255s ]
INFO: [ app_begin ] --END-- [ RunTime:0.000279s ]
SQL: SHOW COLUMNS FROM `user` [ RunTime:0.0021s ]
SQL: SELECT u.roleid FROM `user` `u` LIMIT 1   [ RunTime:0.0005s ]
SQL: SHOW COLUMNS FROM `role` [ RunTime:0.0012s ]
SQL: SELECT * FROM `role` WHERE `roleid` IN ('2','3')  [ RunTime:0.0004s ]
SQL: SHOW COLUMNS FROM `auth` [ RunTime:0.0013s ]
SQL: SELECT * FROM `auth` WHERE `authid` IN ('1','3','5','1','2')  [ RunTime:0.0003s ]

[ 2016-09-03T21:53:26+08:00 ] ::1 /thinkphp-cms/index.php/v1/article/list?page=1&num=10
INFO: [ app_init ] --START--
INFO: Run Behavior\BuildLiteBehavior [ RunTime:0.000006s ]
INFO: [ app_init ] --END-- [ RunTime:0.000174s ]
INFO: [ app_begin ] --START--
INFO: Run Behavior\ReadHtmlCacheBehavior [ RunTime:0.000223s ]
INFO: [ app_begin ] --END-- [ RunTime:0.000241s ]
SQL: SHOW COLUMNS FROM `user` [ RunTime:0.0019s ]
SQL: SELECT u.roleid FROM `user` `u` LIMIT 1   [ RunTime:0.0002s ]
SQL: SHOW COLUMNS FROM `role` [ RunTime:0.0008s ]
SQL: SELECT * FROM `role` WHERE `roleid` IN ('2','3')  [ RunTime:0.0002s ]
SQL: SHOW COLUMNS FROM `auth` [ RunTime:0.0015s ]
SQL: SELECT * FROM `auth` WHERE `authid` IN ('1','2','3','4','5','1','2')  [ RunTime:0.0003s ]
SQL: SHOW COLUMNS FROM `article` [ RunTime:0.0010s ]
SQL: SELECT COUNT(*) AS tp_count FROM `article` LIMIT 1   [ RunTime:0.0002s ]
SQL: SELECT `title`,`author`,`addtime`,`click`,`aid` FROM `article` ORDER BY addtime desc,aid desc LIMIT 0,10   [ RunTime:0.0002s ]

[ 2016-09-03T21:53:30+08:00 ] ::1 /thinkphp-cms/index.php/v1/article/del
INFO: [ app_init ] --START--
INFO: Run Behavior\BuildLiteBehavior [ RunTime:0.000007s ]
INFO: [ app_init ] --END-- [ RunTime:0.000182s ]
INFO: [ app_begin ] --START--
INFO: Run Behavior\ReadHtmlCacheBehavior [ RunTime:0.000232s ]
INFO: [ app_begin ] --END-- [ RunTime:0.000252s ]
SQL: SHOW COLUMNS FROM `article` [ RunTime:0.0021s ]
SQL: DELETE FROM `article` WHERE `aid` = 36 [ RunTime:0.0003s ]

[ 2016-09-03T21:57:17+08:00 ] ::1 /thinkphp-cms/index.php/v1/category/list?condition=cid%2Ccname
INFO: [ app_init ] --START--
INFO: Run Behavior\BuildLiteBehavior [ RunTime:0.000010s ]
INFO: [ app_init ] --END-- [ RunTime:0.000297s ]
INFO: [ app_begin ] --START--
INFO: Run Behavior\ReadHtmlCacheBehavior [ RunTime:0.000440s ]
INFO: [ app_begin ] --END-- [ RunTime:0.000479s ]
SQL: SHOW COLUMNS FROM `category` [ RunTime:0.0013s ]
SQL: SELECT `cid`,`cname` FROM `category`  [ RunTime:0.0002s ]

