[ 2016-09-01T14:51:56+08:00 ] ::1 /thinkphp-cms/index.php/v1/article/list?page=1&num=10
INFO: [ app_init ] --START--
INFO: Run Behavior\BuildLiteBehavior [ RunTime:0.000007s ]
INFO: [ app_init ] --END-- [ RunTime:0.000202s ]
INFO: [ app_begin ] --START--
INFO: Run Behavior\ReadHtmlCacheBehavior [ RunTime:0.000238s ]
INFO: [ app_begin ] --END-- [ RunTime:0.000258s ]
SQL: SHOW COLUMNS FROM `user` [ RunTime:0.0015s ]
SQL: SELECT u.roleid FROM `user` `u` LIMIT 1   [ RunTime:0.0003s ]
SQL: SHOW COLUMNS FROM `role` [ RunTime:0.0012s ]
SQL: SELECT `roleam` FROM `role` WHERE `roleid` IN ('1','2')  [ RunTime:0.0010s ]
SQL: SHOW COLUMNS FROM `article` [ RunTime:0.0015s ]
SQL: SELECT COUNT(*) AS tp_count FROM `article` LIMIT 1   [ RunTime:0.0010s ]
SQL: SELECT `title`,`author`,`addtime`,`click`,`aid` FROM `article` ORDER BY addtime desc,aid desc LIMIT 0,9   [ RunTime:0.0003s ]

[ 2016-09-01T15:44:23+08:00 ] ::1 /thinkphp-cms/index.php/v1/article/add
INFO: [ app_init ] --START--
INFO: Run Behavior\BuildLiteBehavior [ RunTime:0.000008s ]
INFO: [ app_init ] --END-- [ RunTime:0.000389s ]
INFO: [ app_begin ] --START--
INFO: Run Behavior\ReadHtmlCacheBehavior [ RunTime:0.000423s ]
INFO: [ app_begin ] --END-- [ RunTime:0.000447s ]
SQL: SHOW COLUMNS FROM `user` [ RunTime:0.0017s ]
SQL: SELECT u.roleid FROM `user` `u` LIMIT 1   [ RunTime:0.0001s ]
SQL: SHOW COLUMNS FROM `role` [ RunTime:0.0008s ]
SQL: SELECT `roleam` FROM `role` WHERE `roleid` IN ('1','2')  [ RunTime:0.0002s ]
SQL: SHOW COLUMNS FROM `article` [ RunTime:0.0009s ]
SQL: SELECT COUNT(*) AS tp_count FROM `article` LIMIT 1   [ RunTime:0.0002s ]
SQL: SELECT `title`,`author`,`addtime`,`click`,`aid` FROM `article` ORDER BY addtime desc,aid desc LIMIT 0,9   [ RunTime:0.0002s ]

[ 2016-09-01T19:14:04+08:00 ] ::1 /thinkphp-cms/index.php/v1/article/add
INFO: [ app_init ] --START--
INFO: Run Behavior\BuildLiteBehavior [ RunTime:0.000011s ]
INFO: [ app_init ] --END-- [ RunTime:0.000467s ]
INFO: [ app_begin ] --START--
INFO: Run Behavior\ReadHtmlCacheBehavior [ RunTime:0.000453s ]
INFO: [ app_begin ] --END-- [ RunTime:0.000477s ]
SQL: SHOW COLUMNS FROM `user` [ RunTime:0.0048s ]
SQL: SELECT u.roleid FROM `user` `u` LIMIT 1   [ RunTime:0.0003s ]
SQL: SHOW COLUMNS FROM `role` [ RunTime:0.0016s ]
SQL: SELECT `roleam` FROM `role` WHERE `roleid` IN ('1','2')  [ RunTime:0.0003s ]
SQL: SHOW COLUMNS FROM `article` [ RunTime:0.0013s ]
SQL: SELECT COUNT(*) AS tp_count FROM `article` LIMIT 1   [ RunTime:0.0004s ]
SQL: SELECT `title`,`author`,`addtime`,`click`,`aid` FROM `article` ORDER BY addtime desc,aid desc LIMIT 0,9   [ RunTime:0.0002s ]

[ 2016-09-01T21:06:36+08:00 ] ::1 /thinkphp-cms/index.php/v1/article/list?page=1&num=10
INFO: [ app_init ] --START--
INFO: Run Behavior\BuildLiteBehavior [ RunTime:0.000013s ]
INFO: [ app_init ] --END-- [ RunTime:0.001748s ]
INFO: [ app_begin ] --START--
INFO: Run Behavior\ReadHtmlCacheBehavior [ RunTime:0.000674s ]
INFO: [ app_begin ] --END-- [ RunTime:0.000717s ]

[ 2016-09-01T21:06:50+08:00 ] ::1 /thinkphp-cms/index.php/v1/article/list?page=1&num=10
INFO: [ app_init ] --START--
INFO: Run Behavior\BuildLiteBehavior [ RunTime:0.000007s ]
INFO: [ app_init ] --END-- [ RunTime:0.000194s ]
INFO: [ app_begin ] --START--
INFO: Run Behavior\ReadHtmlCacheBehavior [ RunTime:0.000254s ]
INFO: [ app_begin ] --END-- [ RunTime:0.000277s ]

