[ 2016-08-13T15:35:31+08:00 ] ::1 /thinkphp-cms/index.php/v1/article/add
INFO: [ app_init ] --START--
INFO: Run Behavior\BuildLiteBehavior [ RunTime:0.000012s ]
INFO: [ app_init ] --END-- [ RunTime:0.000726s ]
INFO: [ app_begin ] --START--
INFO: Run Behavior\ReadHtmlCacheBehavior [ RunTime:0.000612s ]
INFO: [ app_begin ] --END-- [ RunTime:0.000657s ]
SQL: SHOW COLUMNS FROM `article` [ RunTime:0.0035s ]
SQL: INSERT INTO `article` (`title`,`content`,`keywords`,`description`,`is_top`,`addtime`,`cid`) VALUES ('这是文章的标题1l','leirong1','gunajianci1','miaoshu','0','','1') [ RunTime:0.0040s ]

[ 2016-08-13T15:49:18+08:00 ] ::1 /thinkphp-cms/index.php/v1/article/add
INFO: [ app_init ] --START--
INFO: Run Behavior\BuildLiteBehavior [ RunTime:0.000008s ]
INFO: [ app_init ] --END-- [ RunTime:0.000446s ]
INFO: [ app_begin ] --START--
INFO: Run Behavior\ReadHtmlCacheBehavior [ RunTime:0.000447s ]
INFO: [ app_begin ] --END-- [ RunTime:0.000474s ]
SQL: SHOW COLUMNS FROM `article` [ RunTime:0.0018s ]
SQL: INSERT INTO `article` (`title`,`content`,`keywords`,`description`,`is_top`,`addtime`,`cid`) VALUES ('这是文章的标题1l','leirong1','gunajianci1','miaoshu','0','','1') [ RunTime:0.0010s ]

[ 2016-08-13T15:51:32+08:00 ] ::1 /thinkphp-cms/index.php/v1/article/add
INFO: [ app_init ] --START--
INFO: Run Behavior\BuildLiteBehavior [ RunTime:0.000021s ]
INFO: [ app_init ] --END-- [ RunTime:0.000451s ]
INFO: [ app_begin ] --START--
INFO: Run Behavior\ReadHtmlCacheBehavior [ RunTime:0.000405s ]
INFO: [ app_begin ] --END-- [ RunTime:0.000445s ]
SQL: SHOW COLUMNS FROM `article` [ RunTime:0.0021s ]
SQL: INSERT INTO `article` (`title`,`content`,`keywords`,`description`,`is_top`,`addtime`,`cid`) VALUES ('这是文章的标题1l','leirong1','gunajianci1','miaoshu','0','','1') [ RunTime:0.0006s ]

[ 2016-08-13T15:52:01+08:00 ] ::1 /thinkphp-cms/index.php/v1/article/add
INFO: [ app_init ] --START--
INFO: Run Behavior\BuildLiteBehavior [ RunTime:0.000034s ]
INFO: [ app_init ] --END-- [ RunTime:0.000485s ]
INFO: [ app_begin ] --START--
INFO: Run Behavior\ReadHtmlCacheBehavior [ RunTime:0.000374s ]
INFO: [ app_begin ] --END-- [ RunTime:0.000410s ]
SQL: SHOW COLUMNS FROM `article` [ RunTime:0.0022s ]
SQL: INSERT INTO `article` (`title`,`content`,`keywords`,`description`,`is_top`,`addtime`,`cid`) VALUES ('这是文章的标题1l','leirong1','gunajianci1','miaoshu','0','','1') [ RunTime:0.0005s ]

[ 2016-08-13T16:08:42+08:00 ] ::1 /thinkphp-cms/index.php/v1/article/add
INFO: [ app_init ] --START--
INFO: Run Behavior\BuildLiteBehavior [ RunTime:0.000008s ]
INFO: [ app_init ] --END-- [ RunTime:0.000207s ]
INFO: [ app_begin ] --START--
INFO: Run Behavior\ReadHtmlCacheBehavior [ RunTime:0.000251s ]
INFO: [ app_begin ] --END-- [ RunTime:0.000275s ]
SQL: SHOW COLUMNS FROM `article` [ RunTime:0.0023s ]
SQL: INSERT INTO `article` (`title`,`content`,`keywords`,`description`,`is_top`,`addtime`,`cid`) VALUES ('这是文章的标题1l','leirong1','gunajianci1','miaoshu','0','','1') [ RunTime:0.0006s ]

