[ 2016-09-27T12:16:58+08:00 ] ::1 /thinkphp-cms/index.php/v1/article/add
INFO: [ app_init ] --START--
INFO: Run Behavior\BuildLiteBehavior [ RunTime:0.000025s ]
INFO: [ app_init ] --END-- [ RunTime:0.000960s ]
INFO: [ app_begin ] --START--
INFO: Run Behavior\ReadHtmlCacheBehavior [ RunTime:0.000501s ]
INFO: [ app_begin ] --END-- [ RunTime:0.000530s ]

[ 2016-09-27T12:20:23+08:00 ] ::1 /thinkphp-cms/index.php/v1/admin/list
INFO: [ app_init ] --START--
INFO: Run Behavior\BuildLiteBehavior [ RunTime:0.000006s ]
INFO: [ app_init ] --END-- [ RunTime:0.000163s ]
INFO: [ app_begin ] --START--
INFO: Run Behavior\ReadHtmlCacheBehavior [ RunTime:0.000211s ]
INFO: [ app_begin ] --END-- [ RunTime:0.000227s ]
SQL: SHOW COLUMNS FROM `user` [ RunTime:0.0019s ]
SQL: SELECT u.roleid FROM `user` `u` WHERE ( uid=3 ) LIMIT 1   [ RunTime:0.0002s ]
SQL: SHOW COLUMNS FROM `role` [ RunTime:0.0010s ]
SQL: SELECT * FROM `role` WHERE `roleid` IN ('2','3')  [ RunTime:0.0005s ]
SQL: SHOW COLUMNS FROM `auth` [ RunTime:0.0013s ]
SQL: SELECT `authid`,`authname`,`authpid`,`authpath` FROM `auth` WHERE `authid` IN ('1','2','3','4','5','6','7','1','2') AND ( authlevel!=0 )  [ RunTime:0.0004s ]

[ 2016-09-27T12:20:28+08:00 ] ::1 /thinkphp-cms/index.php/v1/admin/list
INFO: [ app_init ] --START--
INFO: Run Behavior\BuildLiteBehavior [ RunTime:0.000010s ]
INFO: [ app_init ] --END-- [ RunTime:0.000261s ]
INFO: [ app_begin ] --START--
INFO: Run Behavior\ReadHtmlCacheBehavior [ RunTime:0.000381s ]
INFO: [ app_begin ] --END-- [ RunTime:0.000416s ]
SQL: SHOW COLUMNS FROM `user` [ RunTime:0.0013s ]
SQL: SELECT u.roleid FROM `user` `u` WHERE ( uid=3 ) LIMIT 1   [ RunTime:0.0002s ]
SQL: SHOW COLUMNS FROM `role` [ RunTime:0.0012s ]
SQL: SELECT * FROM `role` WHERE `roleid` IN ('2','3')  [ RunTime:0.0003s ]
SQL: SHOW COLUMNS FROM `auth` [ RunTime:0.0013s ]
SQL: SELECT `authid`,`authname`,`authpid`,`authpath` FROM `auth` WHERE `authid` IN ('1','2','3','4','5','6','7','1','2') AND ( authlevel!=0 )  [ RunTime:0.0003s ]

[ 2016-09-27T12:20:28+08:00 ] ::1 /thinkphp-cms/index.php/v1/category/list?condition=cid%2Ccname
INFO: [ app_init ] --START--
INFO: Run Behavior\BuildLiteBehavior [ RunTime:0.000007s ]
INFO: [ app_init ] --END-- [ RunTime:0.000181s ]
INFO: [ app_begin ] --START--
INFO: Run Behavior\ReadHtmlCacheBehavior [ RunTime:0.000368s ]
INFO: [ app_begin ] --END-- [ RunTime:0.000402s ]
SQL: SHOW COLUMNS FROM `category` [ RunTime:0.0012s ]
SQL: SELECT `cid`,`cname` FROM `category`  [ RunTime:0.0002s ]

[ 2016-09-27T12:20:32+08:00 ] ::1 /thinkphp-cms/index.php/v1/article/list?page=1&num=10
INFO: [ app_init ] --START--
INFO: Run Behavior\BuildLiteBehavior [ RunTime:0.000012s ]
INFO: [ app_init ] --END-- [ RunTime:0.000288s ]
INFO: [ app_begin ] --START--
INFO: Run Behavior\ReadHtmlCacheBehavior [ RunTime:0.001094s ]
INFO: [ app_begin ] --END-- [ RunTime:0.001139s ]
SQL: SHOW COLUMNS FROM `user` [ RunTime:0.0012s ]
SQL: SELECT u.roleid FROM `user` `u` WHERE ( uid=3 ) LIMIT 1   [ RunTime:0.0005s ]
SQL: SHOW COLUMNS FROM `role` [ RunTime:0.0021s ]
SQL: SELECT * FROM `role` WHERE `roleid` IN ('2','3')  [ RunTime:0.0002s ]
SQL: SHOW COLUMNS FROM `auth` [ RunTime:0.0010s ]
SQL: SELECT * FROM `auth` WHERE `authid` IN ('1','2','3','4','5','6','7','1','2')  [ RunTime:0.0003s ]
SQL: SHOW COLUMNS FROM `article` [ RunTime:0.0010s ]
SQL: SELECT COUNT(*) AS tp_count FROM `article` LIMIT 1   [ RunTime:0.0008s ]
SQL: SELECT `title`,`author`,`addtime`,`click`,`aid` FROM `article` ORDER BY addtime desc,aid desc LIMIT 0,10   [ RunTime:0.0002s ]

[ 2016-09-27T12:20:32+08:00 ] ::1 /thinkphp-cms/index.php/v1/admin/list
INFO: [ app_init ] --START--
INFO: Run Behavior\BuildLiteBehavior [ RunTime:0.000012s ]
INFO: [ app_init ] --END-- [ RunTime:0.000281s ]
INFO: [ app_begin ] --START--
INFO: Run Behavior\ReadHtmlCacheBehavior [ RunTime:0.000657s ]
INFO: [ app_begin ] --END-- [ RunTime:0.000697s ]
SQL: SHOW COLUMNS FROM `user` [ RunTime:0.0010s ]
SQL: SELECT u.roleid FROM `user` `u` WHERE ( uid=3 ) LIMIT 1   [ RunTime:0.0002s ]
SQL: SHOW COLUMNS FROM `role` [ RunTime:0.0016s ]
SQL: SELECT * FROM `role` WHERE `roleid` IN ('2','3')  [ RunTime:0.0003s ]
SQL: SHOW COLUMNS FROM `auth` [ RunTime:0.0024s ]
SQL: SELECT `authid`,`authname`,`authpid`,`authpath` FROM `auth` WHERE `authid` IN ('1','2','3','4','5','6','7','1','2') AND ( authlevel!=0 )  [ RunTime:0.0003s ]

[ 2016-09-27T12:20:36+08:00 ] ::1 /thinkphp-cms/index.php/v1/admin/list
INFO: [ app_init ] --START--
INFO: Run Behavior\BuildLiteBehavior [ RunTime:0.000008s ]
INFO: [ app_init ] --END-- [ RunTime:0.000242s ]
INFO: [ app_begin ] --START--
INFO: Run Behavior\ReadHtmlCacheBehavior [ RunTime:0.000336s ]
INFO: [ app_begin ] --END-- [ RunTime:0.000368s ]
SQL: SHOW COLUMNS FROM `user` [ RunTime:0.0010s ]
SQL: SELECT u.roleid FROM `user` `u` WHERE ( uid=3 ) LIMIT 1   [ RunTime:0.0002s ]
SQL: SHOW COLUMNS FROM `role` [ RunTime:0.0009s ]
SQL: SELECT * FROM `role` WHERE `roleid` IN ('2','3')  [ RunTime:0.0003s ]
SQL: SHOW COLUMNS FROM `auth` [ RunTime:0.0011s ]
SQL: SELECT `authid`,`authname`,`authpid`,`authpath` FROM `auth` WHERE `authid` IN ('1','2','3','4','5','6','7','1','2') AND ( authlevel!=0 )  [ RunTime:0.0004s ]

[ 2016-09-27T12:20:36+08:00 ] ::1 /thinkphp-cms/index.php/v1/category/list?condition=cid%2Ccname
INFO: [ app_init ] --START--
INFO: Run Behavior\BuildLiteBehavior [ RunTime:0.000008s ]
INFO: [ app_init ] --END-- [ RunTime:0.000243s ]
INFO: [ app_begin ] --START--
INFO: Run Behavior\ReadHtmlCacheBehavior [ RunTime:0.000339s ]
INFO: [ app_begin ] --END-- [ RunTime:0.000370s ]
SQL: SHOW COLUMNS FROM `category` [ RunTime:0.0016s ]
SQL: SELECT `cid`,`cname` FROM `category`  [ RunTime:0.0003s ]

[ 2016-09-27T12:20:36+08:00 ] ::1 /thinkphp-cms/index.php/v1/article/list?aid=37
INFO: [ app_init ] --START--
INFO: Run Behavior\BuildLiteBehavior [ RunTime:0.000007s ]
INFO: [ app_init ] --END-- [ RunTime:0.000219s ]
INFO: [ app_begin ] --START--
INFO: Run Behavior\ReadHtmlCacheBehavior [ RunTime:0.000285s ]
INFO: [ app_begin ] --END-- [ RunTime:0.000310s ]
SQL: SHOW COLUMNS FROM `user` [ RunTime:0.0023s ]
SQL: SELECT u.roleid FROM `user` `u` WHERE ( uid=3 ) LIMIT 1   [ RunTime:0.0002s ]
SQL: SHOW COLUMNS FROM `role` [ RunTime:0.0010s ]
SQL: SELECT * FROM `role` WHERE `roleid` IN ('2','3')  [ RunTime:0.0002s ]
SQL: SHOW COLUMNS FROM `auth` [ RunTime:0.0017s ]
SQL: SELECT * FROM `auth` WHERE `authid` IN ('1','2','3','4','5','6','7','1','2')  [ RunTime:0.0003s ]
SQL: SHOW COLUMNS FROM `article` [ RunTime:0.0011s ]
SQL: SELECT * FROM `article` WHERE ( aid=37 )  [ RunTime:0.0002s ]

[ 2016-09-27T12:20:51+08:00 ] ::1 /thinkphp-cms/index.php/v1/admin/list
INFO: [ app_init ] --START--
INFO: Run Behavior\BuildLiteBehavior [ RunTime:0.000011s ]
INFO: [ app_init ] --END-- [ RunTime:0.002296s ]
INFO: [ app_begin ] --START--
INFO: Run Behavior\ReadHtmlCacheBehavior [ RunTime:0.000388s ]
INFO: [ app_begin ] --END-- [ RunTime:0.000427s ]
SQL: SHOW COLUMNS FROM `user` [ RunTime:0.0028s ]
SQL: SELECT u.roleid FROM `user` `u` WHERE ( uid=3 ) LIMIT 1   [ RunTime:0.0003s ]
SQL: SHOW COLUMNS FROM `role` [ RunTime:0.0013s ]
SQL: SELECT * FROM `role` WHERE `roleid` IN ('2','3')  [ RunTime:0.0003s ]
SQL: SHOW COLUMNS FROM `auth` [ RunTime:0.0011s ]
SQL: SELECT `authid`,`authname`,`authpid`,`authpath` FROM `auth` WHERE `authid` IN ('1','2','3','4','5','6','7','1','2') AND ( authlevel!=0 )  [ RunTime:0.0003s ]

[ 2016-09-27T12:20:51+08:00 ] ::1 /thinkphp-cms/index.php/v1/category/list?condition=cid%2Ccname
INFO: [ app_init ] --START--
INFO: Run Behavior\BuildLiteBehavior [ RunTime:0.000029s ]
INFO: [ app_init ] --END-- [ RunTime:0.000622s ]
INFO: [ app_begin ] --START--
INFO: Run Behavior\ReadHtmlCacheBehavior [ RunTime:0.000619s ]
INFO: [ app_begin ] --END-- [ RunTime:0.000724s ]
SQL: SHOW COLUMNS FROM `category` [ RunTime:0.0016s ]
SQL: SELECT `cid`,`cname` FROM `category`  [ RunTime:0.0004s ]

[ 2016-09-27T12:20:51+08:00 ] ::1 /thinkphp-cms/index.php/v1/article/list?aid=37
INFO: [ app_init ] --START--
INFO: Run Behavior\BuildLiteBehavior [ RunTime:0.000011s ]
INFO: [ app_init ] --END-- [ RunTime:0.000302s ]
INFO: [ app_begin ] --START--
INFO: Run Behavior\ReadHtmlCacheBehavior [ RunTime:0.000310s ]
INFO: [ app_begin ] --END-- [ RunTime:0.000338s ]
SQL: SHOW COLUMNS FROM `user` [ RunTime:0.0018s ]
SQL: SELECT u.roleid FROM `user` `u` WHERE ( uid=3 ) LIMIT 1   [ RunTime:0.0003s ]
SQL: SHOW COLUMNS FROM `role` [ RunTime:0.0014s ]
SQL: SELECT * FROM `role` WHERE `roleid` IN ('2','3')  [ RunTime:0.0003s ]
SQL: SHOW COLUMNS FROM `auth` [ RunTime:0.0015s ]
SQL: SELECT * FROM `auth` WHERE `authid` IN ('1','2','3','4','5','6','7','1','2')  [ RunTime:0.0003s ]
SQL: SHOW COLUMNS FROM `article` [ RunTime:0.0014s ]
SQL: SELECT * FROM `article` WHERE ( aid=37 )  [ RunTime:0.0003s ]

[ 2016-09-27T12:21:25+08:00 ] ::1 /thinkphp-cms/index.php/v1/admin/list
INFO: [ app_init ] --START--
INFO: Run Behavior\BuildLiteBehavior [ RunTime:0.000010s ]
INFO: [ app_init ] --END-- [ RunTime:0.000254s ]
INFO: [ app_begin ] --START--
INFO: Run Behavior\ReadHtmlCacheBehavior [ RunTime:0.000369s ]
INFO: [ app_begin ] --END-- [ RunTime:0.000399s ]
SQL: SHOW COLUMNS FROM `user` [ RunTime:0.0016s ]
SQL: SELECT u.roleid FROM `user` `u` WHERE ( uid=3 ) LIMIT 1   [ RunTime:0.0002s ]
SQL: SHOW COLUMNS FROM `role` [ RunTime:0.0009s ]
SQL: SELECT * FROM `role` WHERE `roleid` IN ('2','3')  [ RunTime:0.0002s ]
SQL: SHOW COLUMNS FROM `auth` [ RunTime:0.0009s ]
SQL: SELECT `authid`,`authname`,`authpid`,`authpath` FROM `auth` WHERE `authid` IN ('1','2','3','4','5','6','7','1','2') AND ( authlevel!=0 )  [ RunTime:0.0004s ]

[ 2016-09-27T12:21:25+08:00 ] ::1 /thinkphp-cms/index.php/v1/category/list?condition=cid%2Ccname
INFO: [ app_init ] --START--
INFO: Run Behavior\BuildLiteBehavior [ RunTime:0.000013s ]
INFO: [ app_init ] --END-- [ RunTime:0.000360s ]
INFO: [ app_begin ] --START--
INFO: Run Behavior\ReadHtmlCacheBehavior [ RunTime:0.000374s ]
INFO: [ app_begin ] --END-- [ RunTime:0.000412s ]
SQL: SHOW COLUMNS FROM `category` [ RunTime:0.0018s ]
SQL: SELECT `cid`,`cname` FROM `category`  [ RunTime:0.0003s ]

