[ 2016-07-25T12:25:15+08:00 ] ::1 /thinkphp-cms/index.php/v1/sendmail
INFO: [ app_init ] --START--
INFO: Run Behavior\BuildLiteBehavior [ RunTime:0.000006s ]
INFO: [ app_init ] --END-- [ RunTime:0.000164s ]
INFO: [ app_begin ] --START--
INFO: Run Behavior\ReadHtmlCacheBehavior [ RunTime:0.000213s ]
INFO: [ app_begin ] --END-- [ RunTime:0.000231s ]
SQL: SHOW COLUMNS FROM `user` [ RunTime:0.0023s ]
SQL: SELECT u.roleid FROM `user` `u` LIMIT 1   [ RunTime:0.0008s ]
SQL: SHOW COLUMNS FROM `role` [ RunTime:0.0013s ]
SQL: SELECT `roleam` FROM `role` WHERE `roleid` IN ('1','2')  [ RunTime:0.0009s ]

[ 2016-07-25T12:27:30+08:00 ] ::1 /thinkphp-cms/index.php/v1/sendmail
INFO: [ app_init ] --START--
INFO: Run Behavior\BuildLiteBehavior [ RunTime:0.000006s ]
INFO: [ app_init ] --END-- [ RunTime:0.000182s ]
INFO: [ app_begin ] --START--
INFO: Run Behavior\ReadHtmlCacheBehavior [ RunTime:0.000262s ]
INFO: [ app_begin ] --END-- [ RunTime:0.000289s ]
ERR: Call to undefined function Admin\Controller\sendMail()

[ 2016-07-25T12:31:23+08:00 ] ::1 /thinkphp-cms/index.php/v1/sendmail
INFO: [ app_init ] --START--
INFO: Run Behavior\BuildLiteBehavior [ RunTime:0.000009s ]
INFO: [ app_init ] --END-- [ RunTime:0.000185s ]
INFO: [ app_begin ] --START--
INFO: Run Behavior\ReadHtmlCacheBehavior [ RunTime:0.000267s ]
INFO: [ app_begin ] --END-- [ RunTime:0.000310s ]
INFO: [ app_end ] --START--
INFO: Run Behavior\ShowPageTraceBehavior [ RunTime:0.000513s ]
INFO: [ app_end ] --END-- [ RunTime:0.000558s ]

[ 2016-07-25T12:37:35+08:00 ] ::1 /thinkphp-cms/index.php/v1/sendmail
INFO: [ app_init ] --START--
INFO: Run Behavior\BuildLiteBehavior [ RunTime:0.000007s ]
INFO: [ app_init ] --END-- [ RunTime:0.000181s ]
INFO: [ app_begin ] --START--
INFO: Run Behavior\ReadHtmlCacheBehavior [ RunTime:0.000423s ]
INFO: [ app_begin ] --END-- [ RunTime:0.000463s ]
INFO: [ app_end ] --START--
INFO: Run Behavior\ShowPageTraceBehavior [ RunTime:0.000387s ]
INFO: [ app_end ] --END-- [ RunTime:0.000426s ]

[ 2016-07-25T12:45:43+08:00 ] ::1 /thinkphp-cms/index.php/v1/sendmail
INFO: [ app_init ] --START--
INFO: Run Behavior\BuildLiteBehavior [ RunTime:0.000007s ]
INFO: [ app_init ] --END-- [ RunTime:0.000215s ]
INFO: [ app_begin ] --START--
INFO: Run Behavior\ReadHtmlCacheBehavior [ RunTime:0.000327s ]
INFO: [ app_begin ] --END-- [ RunTime:0.000366s ]
NOTIC: [2] mb_strlen(): Unknown encoding &quot;&quot; /Applications/XAMPP/xamppfiles/htdocs/thinkphp-cms/thinkphp/Library/Vendor/PHPMailer/class.phpmailer.php 第 2716 行.
NOTIC: [2] mb_strlen(): Unknown encoding &quot;&quot; /Applications/XAMPP/xamppfiles/htdocs/thinkphp-cms/thinkphp/Library/Vendor/PHPMailer/class.phpmailer.php 第 2751 行.
NOTIC: [2] mb_strlen(): Unknown encoding &quot;&quot; /Applications/XAMPP/xamppfiles/htdocs/thinkphp-cms/thinkphp/Library/Vendor/PHPMailer/class.phpmailer.php 第 2716 行.
NOTIC: [2] mb_strlen(): Unknown encoding &quot;&quot; /Applications/XAMPP/xamppfiles/htdocs/thinkphp-cms/thinkphp/Library/Vendor/PHPMailer/class.phpmailer.php 第 2751 行.
NOTIC: [2] stream_socket_client(): php_network_getaddresses: getaddrinfo failed: nodename nor servname provided, or not known /Applications/XAMPP/xamppfiles/htdocs/thinkphp-cms/thinkphp/Library/Vendor/PHPMailer/class.smtp.php 第 281 行.
NOTIC: [2] stream_socket_client(): unable to connect to :25 (php_network_getaddresses: getaddrinfo failed: nodename nor servname provided, or not known) /Applications/XAMPP/xamppfiles/htdocs/thinkphp-cms/thinkphp/Library/Vendor/PHPMailer/class.smtp.php 第 281 行.
INFO: [ app_end ] --START--
INFO: Run Behavior\ShowPageTraceBehavior [ RunTime:0.000463s ]
INFO: [ app_end ] --END-- [ RunTime:0.000503s ]

[ 2016-07-25T12:48:30+08:00 ] ::1 /thinkphp-cms/index.php/v1/sendmail
INFO: [ app_init ] --START--
INFO: Run Behavior\BuildLiteBehavior [ RunTime:0.000006s ]
INFO: [ app_init ] --END-- [ RunTime:0.000183s ]
INFO: [ app_begin ] --START--
INFO: Run Behavior\ReadHtmlCacheBehavior [ RunTime:0.000217s ]
INFO: [ app_begin ] --END-- [ RunTime:0.000234s ]
NOTIC: [2] mb_strlen(): Unknown encoding &quot;&quot; /Applications/XAMPP/xamppfiles/htdocs/thinkphp-cms/thinkphp/Library/Vendor/PHPMailer/class.phpmailer.php 第 2716 行.
NOTIC: [2] mb_strlen(): Unknown encoding &quot;&quot; /Applications/XAMPP/xamppfiles/htdocs/thinkphp-cms/thinkphp/Library/Vendor/PHPMailer/class.phpmailer.php 第 2751 行.
NOTIC: [2] mb_strlen(): Unknown encoding &quot;&quot; /Applications/XAMPP/xamppfiles/htdocs/thinkphp-cms/thinkphp/Library/Vendor/PHPMailer/class.phpmailer.php 第 2716 行.
NOTIC: [2] mb_strlen(): Unknown encoding &quot;&quot; /Applications/XAMPP/xamppfiles/htdocs/thinkphp-cms/thinkphp/Library/Vendor/PHPMailer/class.phpmailer.php 第 2751 行.
NOTIC: [2] stream_socket_client(): php_network_getaddresses: getaddrinfo failed: nodename nor servname provided, or not known /Applications/XAMPP/xamppfiles/htdocs/thinkphp-cms/thinkphp/Library/Vendor/PHPMailer/class.smtp.php 第 281 行.
NOTIC: [2] stream_socket_client(): unable to connect to :25 (php_network_getaddresses: getaddrinfo failed: nodename nor servname provided, or not known) /Applications/XAMPP/xamppfiles/htdocs/thinkphp-cms/thinkphp/Library/Vendor/PHPMailer/class.smtp.php 第 281 行.
INFO: [ app_end ] --START--
INFO: Run Behavior\ShowPageTraceBehavior [ RunTime:0.000370s ]
INFO: [ app_end ] --END-- [ RunTime:0.000401s ]

[ 2016-07-25T12:50:44+08:00 ] ::1 /thinkphp-cms/index.php/v1/sendmail
INFO: [ app_init ] --START--
INFO: Run Behavior\BuildLiteBehavior [ RunTime:0.000007s ]
INFO: [ app_init ] --END-- [ RunTime:0.000171s ]
INFO: [ app_begin ] --START--
INFO: Run Behavior\ReadHtmlCacheBehavior [ RunTime:0.000394s ]
INFO: [ app_begin ] --END-- [ RunTime:0.000426s ]
NOTIC: [8] Use of undefined constant SMTP_HOST - assumed 'SMTP_HOST' /Applications/XAMPP/xamppfiles/htdocs/thinkphp-cms/APP/Admin/Controller/ArticleController.class.php 第 8 行.
NOTIC: [2] mb_strlen(): Unknown encoding &quot;&quot; /Applications/XAMPP/xamppfiles/htdocs/thinkphp-cms/thinkphp/Library/Vendor/PHPMailer/class.phpmailer.php 第 2716 行.
NOTIC: [2] mb_strlen(): Unknown encoding &quot;&quot; /Applications/XAMPP/xamppfiles/htdocs/thinkphp-cms/thinkphp/Library/Vendor/PHPMailer/class.phpmailer.php 第 2751 行.
NOTIC: [2] mb_strlen(): Unknown encoding &quot;&quot; /Applications/XAMPP/xamppfiles/htdocs/thinkphp-cms/thinkphp/Library/Vendor/PHPMailer/class.phpmailer.php 第 2716 行.
NOTIC: [2] mb_strlen(): Unknown encoding &quot;&quot; /Applications/XAMPP/xamppfiles/htdocs/thinkphp-cms/thinkphp/Library/Vendor/PHPMailer/class.phpmailer.php 第 2751 行.
NOTIC: [2] stream_socket_client(): php_network_getaddresses: getaddrinfo failed: nodename nor servname provided, or not known /Applications/XAMPP/xamppfiles/htdocs/thinkphp-cms/thinkphp/Library/Vendor/PHPMailer/class.smtp.php 第 281 行.
NOTIC: [2] stream_socket_client(): unable to connect to :25 (php_network_getaddresses: getaddrinfo failed: nodename nor servname provided, or not known) /Applications/XAMPP/xamppfiles/htdocs/thinkphp-cms/thinkphp/Library/Vendor/PHPMailer/class.smtp.php 第 281 行.
INFO: [ app_end ] --START--
INFO: Run Behavior\ShowPageTraceBehavior [ RunTime:0.000491s ]
INFO: [ app_end ] --END-- [ RunTime:0.000523s ]

[ 2016-07-25T12:51:26+08:00 ] ::1 /thinkphp-cms/index.php/v1/sendmail
INFO: [ app_init ] --START--
INFO: Run Behavior\BuildLiteBehavior [ RunTime:0.000007s ]
INFO: [ app_init ] --END-- [ RunTime:0.000172s ]
INFO: [ app_begin ] --START--
INFO: Run Behavior\ReadHtmlCacheBehavior [ RunTime:0.000228s ]
INFO: [ app_begin ] --END-- [ RunTime:0.000247s ]
NOTIC: [8] Use of undefined constant SMTP_HOST - assumed 'SMTP_HOST' /Applications/XAMPP/xamppfiles/htdocs/thinkphp-cms/APP/Admin/Controller/ArticleController.class.php 第 8 行.
NOTIC: [2] mb_strlen(): Unknown encoding &quot;&quot; /Applications/XAMPP/xamppfiles/htdocs/thinkphp-cms/thinkphp/Library/Vendor/PHPMailer/class.phpmailer.php 第 2716 行.
NOTIC: [2] mb_strlen(): Unknown encoding &quot;&quot; /Applications/XAMPP/xamppfiles/htdocs/thinkphp-cms/thinkphp/Library/Vendor/PHPMailer/class.phpmailer.php 第 2751 行.
NOTIC: [2] mb_strlen(): Unknown encoding &quot;&quot; /Applications/XAMPP/xamppfiles/htdocs/thinkphp-cms/thinkphp/Library/Vendor/PHPMailer/class.phpmailer.php 第 2716 行.
NOTIC: [2] mb_strlen(): Unknown encoding &quot;&quot; /Applications/XAMPP/xamppfiles/htdocs/thinkphp-cms/thinkphp/Library/Vendor/PHPMailer/class.phpmailer.php 第 2751 行.
NOTIC: [2] stream_socket_client(): php_network_getaddresses: getaddrinfo failed: nodename nor servname provided, or not known /Applications/XAMPP/xamppfiles/htdocs/thinkphp-cms/thinkphp/Library/Vendor/PHPMailer/class.smtp.php 第 281 行.
NOTIC: [2] stream_socket_client(): unable to connect to :25 (php_network_getaddresses: getaddrinfo failed: nodename nor servname provided, or not known) /Applications/XAMPP/xamppfiles/htdocs/thinkphp-cms/thinkphp/Library/Vendor/PHPMailer/class.smtp.php 第 281 行.
INFO: [ app_end ] --START--
INFO: Run Behavior\ShowPageTraceBehavior [ RunTime:0.000448s ]
INFO: [ app_end ] --END-- [ RunTime:0.000486s ]

[ 2016-07-25T12:56:43+08:00 ] ::1 /thinkphp-cms/index.php/v1/sendmail
INFO: [ app_init ] --START--
INFO: Run Behavior\BuildLiteBehavior [ RunTime:0.000007s ]
INFO: [ app_init ] --END-- [ RunTime:0.000200s ]
INFO: [ app_begin ] --START--
INFO: Run Behavior\ReadHtmlCacheBehavior [ RunTime:0.000224s ]
INFO: [ app_begin ] --END-- [ RunTime:0.000243s ]
NOTIC: [8] Use of undefined constant SMTP_HOST - assumed 'SMTP_HOST' /Applications/XAMPP/xamppfiles/htdocs/thinkphp-cms/APP/Admin/Controller/ArticleController.class.php 第 8 行.
ERR: Call to undefined function Admin\Controller\sendMail()

[ 2016-07-25T12:57:24+08:00 ] ::1 /thinkphp-cms/index.php/v1/sendmail
INFO: [ app_init ] --START--
INFO: Run Behavior\BuildLiteBehavior [ RunTime:0.000007s ]
INFO: [ app_init ] --END-- [ RunTime:0.000177s ]
INFO: [ app_begin ] --START--
INFO: Run Behavior\ReadHtmlCacheBehavior [ RunTime:0.000284s ]
INFO: [ app_begin ] --END-- [ RunTime:0.000310s ]
NOTIC: [8] Use of undefined constant SMTP_HOST - assumed 'SMTP_HOST' /Applications/XAMPP/xamppfiles/htdocs/thinkphp-cms/APP/Admin/Controller/ArticleController.class.php 第 8 行.
INFO: [ app_end ] --START--
INFO: Run Behavior\ShowPageTraceBehavior [ RunTime:0.000946s ]
INFO: [ app_end ] --END-- [ RunTime:0.001009s ]

[ 2016-07-25T12:59:59+08:00 ] ::1 /thinkphp-cms/index.php/v1/sendmail
INFO: [ app_init ] --START--
INFO: Run Behavior\BuildLiteBehavior [ RunTime:0.000006s ]
INFO: [ app_init ] --END-- [ RunTime:0.000173s ]
INFO: [ app_begin ] --START--
INFO: Run Behavior\ReadHtmlCacheBehavior [ RunTime:0.000375s ]
INFO: [ app_begin ] --END-- [ RunTime:0.000422s ]
NOTIC: [8] Use of undefined constant SMTP_HOST - assumed 'SMTP_HOST' /Applications/XAMPP/xamppfiles/htdocs/thinkphp-cms/APP/Admin/Controller/ArticleController.class.php 第 8 行.
INFO: [ app_end ] --START--
INFO: Run Behavior\ShowPageTraceBehavior [ RunTime:0.000389s ]
INFO: [ app_end ] --END-- [ RunTime:0.000432s ]

[ 2016-07-25T13:12:56+08:00 ] ::1 /thinkphp-cms/index.php/v1/sendmail
INFO: [ app_init ] --START--
INFO: Run Behavior\BuildLiteBehavior [ RunTime:0.000009s ]
INFO: [ app_init ] --END-- [ RunTime:0.000238s ]
INFO: [ app_begin ] --START--
INFO: Run Behavior\ReadHtmlCacheBehavior [ RunTime:0.000350s ]
INFO: [ app_begin ] --END-- [ RunTime:0.000401s ]
NOTIC: [8] Use of undefined constant SMTP_HOST - assumed 'SMTP_HOST' /Applications/XAMPP/xamppfiles/htdocs/thinkphp-cms/APP/Admin/Controller/ArticleController.class.php 第 8 行.
INFO: [ app_end ] --START--
INFO: Run Behavior\ShowPageTraceBehavior [ RunTime:0.000292s ]
INFO: [ app_end ] --END-- [ RunTime:0.000321s ]

[ 2016-07-25T13:14:43+08:00 ] ::1 /thinkphp-cms/index.php/v1/sendmail
INFO: [ app_init ] --START--
INFO: Run Behavior\BuildLiteBehavior [ RunTime:0.000006s ]
INFO: [ app_init ] --END-- [ RunTime:0.000173s ]
INFO: [ app_begin ] --START--
INFO: Run Behavior\ReadHtmlCacheBehavior [ RunTime:0.000217s ]
INFO: [ app_begin ] --END-- [ RunTime:0.000236s ]
NOTIC: [8] Use of undefined constant SMTP_HOST - assumed 'SMTP_HOST' /Applications/XAMPP/xamppfiles/htdocs/thinkphp-cms/APP/Admin/Controller/ArticleController.class.php 第 8 行.
INFO: [ app_end ] --START--
INFO: Run Behavior\ShowPageTraceBehavior [ RunTime:0.000286s ]
INFO: [ app_end ] --END-- [ RunTime:0.000315s ]

[ 2016-07-25T13:17:09+08:00 ] ::1 /thinkphp-cms/index.php/v1/sendmail
INFO: [ app_init ] --START--
INFO: Run Behavior\BuildLiteBehavior [ RunTime:0.000013s ]
INFO: [ app_init ] --END-- [ RunTime:0.000258s ]
INFO: [ app_begin ] --START--
INFO: Run Behavior\ReadHtmlCacheBehavior [ RunTime:0.000320s ]
INFO: [ app_begin ] --END-- [ RunTime:0.000355s ]
NOTIC: [8] Use of undefined constant SMTP_HOST - assumed 'SMTP_HOST' /Applications/XAMPP/xamppfiles/htdocs/thinkphp-cms/APP/Admin/Controller/ArticleController.class.php 第 8 行.
INFO: [ app_end ] --START--
INFO: Run Behavior\ShowPageTraceBehavior [ RunTime:0.000435s ]
INFO: [ app_end ] --END-- [ RunTime:0.000481s ]

[ 2016-07-25T13:31:50+08:00 ] ::1 /thinkphp-cms/index.php/v1/sendmail
INFO: [ app_init ] --START--
INFO: Run Behavior\BuildLiteBehavior [ RunTime:0.000006s ]
INFO: [ app_init ] --END-- [ RunTime:0.000175s ]
INFO: [ app_begin ] --START--
INFO: Run Behavior\ReadHtmlCacheBehavior [ RunTime:0.000213s ]
INFO: [ app_begin ] --END-- [ RunTime:0.000231s ]
NOTIC: [8] Use of undefined constant SMTP_HOST - assumed 'SMTP_HOST' /Applications/XAMPP/xamppfiles/htdocs/thinkphp-cms/APP/Admin/Controller/ArticleController.class.php 第 8 行.
INFO: [ app_end ] --START--
INFO: Run Behavior\ShowPageTraceBehavior [ RunTime:0.000453s ]
INFO: [ app_end ] --END-- [ RunTime:0.000495s ]

[ 2016-07-25T13:33:49+08:00 ] ::1 /thinkphp-cms/index.php/v1/sendmail
INFO: [ app_init ] --START--
INFO: Run Behavior\BuildLiteBehavior [ RunTime:0.000006s ]
INFO: [ app_init ] --END-- [ RunTime:0.000195s ]
INFO: [ app_begin ] --START--
INFO: Run Behavior\ReadHtmlCacheBehavior [ RunTime:0.000333s ]
INFO: [ app_begin ] --END-- [ RunTime:0.000373s ]
ERR: syntax error, unexpected '&'

[ 2016-07-25T13:34:44+08:00 ] ::1 /thinkphp-cms/index.php/v1/sendmail
INFO: [ app_init ] --START--
INFO: Run Behavior\BuildLiteBehavior [ RunTime:0.000007s ]
INFO: [ app_init ] --END-- [ RunTime:0.000263s ]
INFO: [ app_begin ] --START--
INFO: Run Behavior\ReadHtmlCacheBehavior [ RunTime:0.000224s ]
INFO: [ app_begin ] --END-- [ RunTime:0.000243s ]
NOTIC: [8] Use of undefined constant SMTP_HOST - assumed 'SMTP_HOST' /Applications/XAMPP/xamppfiles/htdocs/thinkphp-cms/APP/Admin/Controller/ArticleController.class.php 第 8 行.
INFO: [ app_end ] --START--
INFO: Run Behavior\ShowPageTraceBehavior [ RunTime:0.000382s ]
INFO: [ app_end ] --END-- [ RunTime:0.000418s ]

[ 2016-07-25T13:37:50+08:00 ] ::1 /thinkphp-cms/index.php/v1/sendmail
INFO: [ app_init ] --START--
INFO: Run Behavior\BuildLiteBehavior [ RunTime:0.000006s ]
INFO: [ app_init ] --END-- [ RunTime:0.000286s ]
INFO: [ app_begin ] --START--
INFO: Run Behavior\ReadHtmlCacheBehavior [ RunTime:0.000255s ]
INFO: [ app_begin ] --END-- [ RunTime:0.000281s ]
INFO: [ app_end ] --START--
INFO: Run Behavior\ShowPageTraceBehavior [ RunTime:0.000458s ]
INFO: [ app_end ] --END-- [ RunTime:0.000503s ]

[ 2016-07-25T13:40:26+08:00 ] ::1 /thinkphp-cms/index.php/v1/sendmail
INFO: [ app_init ] --START--
INFO: Run Behavior\BuildLiteBehavior [ RunTime:0.000006s ]
INFO: [ app_init ] --END-- [ RunTime:0.000174s ]
INFO: [ app_begin ] --START--
INFO: Run Behavior\ReadHtmlCacheBehavior [ RunTime:0.000225s ]
INFO: [ app_begin ] --END-- [ RunTime:0.000245s ]
INFO: [ app_end ] --START--
INFO: Run Behavior\ShowPageTraceBehavior [ RunTime:0.000371s ]
INFO: [ app_end ] --END-- [ RunTime:0.000410s ]

[ 2016-07-25T14:47:54+08:00 ] ::1 /thinkphp-cms/index.php/v1/sendmail
INFO: [ app_init ] --START--
INFO: Run Behavior\BuildLiteBehavior [ RunTime:0.000013s ]
INFO: [ app_init ] --END-- [ RunTime:0.000463s ]
INFO: [ app_begin ] --START--
INFO: Run Behavior\ReadHtmlCacheBehavior [ RunTime:0.000513s ]
INFO: [ app_begin ] --END-- [ RunTime:0.000584s ]
INFO: [ app_end ] --START--
INFO: Run Behavior\ShowPageTraceBehavior [ RunTime:0.002499s ]
INFO: [ app_end ] --END-- [ RunTime:0.002564s ]

[ 2016-07-25T14:47:56+08:00 ] ::1 /thinkphp-cms/index.php/v1/sendmail
INFO: [ app_init ] --START--
INFO: Run Behavior\BuildLiteBehavior [ RunTime:0.000006s ]
INFO: [ app_init ] --END-- [ RunTime:0.000182s ]
INFO: [ app_begin ] --START--
INFO: Run Behavior\ReadHtmlCacheBehavior [ RunTime:0.000224s ]
INFO: [ app_begin ] --END-- [ RunTime:0.000243s ]
INFO: [ app_end ] --START--
INFO: Run Behavior\ShowPageTraceBehavior [ RunTime:0.000470s ]
INFO: [ app_end ] --END-- [ RunTime:0.000514s ]

[ 2016-07-25T14:47:56+08:00 ] ::1 /thinkphp-cms/index.php/v1/sendmail
INFO: [ app_init ] --START--
INFO: Run Behavior\BuildLiteBehavior [ RunTime:0.000007s ]
INFO: [ app_init ] --END-- [ RunTime:0.000197s ]
INFO: [ app_begin ] --START--
INFO: Run Behavior\ReadHtmlCacheBehavior [ RunTime:0.000271s ]
INFO: [ app_begin ] --END-- [ RunTime:0.000293s ]
INFO: [ app_end ] --START--
INFO: Run Behavior\ShowPageTraceBehavior [ RunTime:0.000366s ]
INFO: [ app_end ] --END-- [ RunTime:0.000400s ]

[ 2016-07-25T15:26:31+08:00 ] ::1 /thinkphp-cms/index.php/v1/sendmail
INFO: [ app_init ] --START--
INFO: Run Behavior\BuildLiteBehavior [ RunTime:0.000006s ]
INFO: [ app_init ] --END-- [ RunTime:0.000222s ]
INFO: [ app_begin ] --START--
INFO: Run Behavior\ReadHtmlCacheBehavior [ RunTime:0.000395s ]
INFO: [ app_begin ] --END-- [ RunTime:0.000484s ]
INFO: [ app_end ] --START--
INFO: Run Behavior\ShowPageTraceBehavior [ RunTime:0.000398s ]
INFO: [ app_end ] --END-- [ RunTime:0.000436s ]

[ 2016-07-25T15:28:06+08:00 ] ::1 /thinkphp-cms/index.php/v1/sendmail
INFO: [ app_init ] --START--
INFO: Run Behavior\BuildLiteBehavior [ RunTime:0.000010s ]
INFO: [ app_init ] --END-- [ RunTime:0.000243s ]
INFO: [ app_begin ] --START--
INFO: Run Behavior\ReadHtmlCacheBehavior [ RunTime:0.000242s ]
INFO: [ app_begin ] --END-- [ RunTime:0.000263s ]
NOTIC: [8] Undefined variable: config /Applications/XAMPP/xamppfiles/htdocs/thinkphp-cms/APP/Common/Common/function.php 第 57 行.
INFO: [ app_end ] --START--
INFO: Run Behavior\ShowPageTraceBehavior [ RunTime:0.000353s ]
INFO: [ app_end ] --END-- [ RunTime:0.000385s ]

[ 2016-07-25T15:29:52+08:00 ] ::1 /thinkphp-cms/index.php/v1/sendmail
INFO: [ app_init ] --START--
INFO: Run Behavior\BuildLiteBehavior [ RunTime:0.000010s ]
INFO: [ app_init ] --END-- [ RunTime:0.000238s ]
INFO: [ app_begin ] --START--
INFO: Run Behavior\ReadHtmlCacheBehavior [ RunTime:0.000255s ]
INFO: [ app_begin ] --END-- [ RunTime:0.000276s ]
NOTIC: [8] Undefined variable: config /Applications/XAMPP/xamppfiles/htdocs/thinkphp-cms/APP/Common/Common/function.php 第 57 行.
NOTIC: [2] stream_socket_client(): php_network_getaddresses: getaddrinfo failed: nodename nor servname provided, or not known /Applications/XAMPP/xamppfiles/htdocs/thinkphp-cms/thinkphp/Library/Vendor/PHPMailer/class.smtp.php 第 281 行.
NOTIC: [2] stream_socket_client(): unable to connect to smtp.163.com:25 (php_network_getaddresses: getaddrinfo failed: nodename nor servname provided, or not known) /Applications/XAMPP/xamppfiles/htdocs/thinkphp-cms/thinkphp/Library/Vendor/PHPMailer/class.smtp.php 第 281 行.
INFO: [ app_end ] --START--
INFO: Run Behavior\ShowPageTraceBehavior [ RunTime:0.000548s ]
INFO: [ app_end ] --END-- [ RunTime:0.000589s ]

[ 2016-07-25T15:29:52+08:00 ] ::1 /thinkphp-cms/index.php/v1/sendmail
INFO: [ app_init ] --START--
INFO: Run Behavior\BuildLiteBehavior [ RunTime:0.000020s ]
INFO: [ app_init ] --END-- [ RunTime:0.000500s ]
INFO: [ app_begin ] --START--
INFO: Run Behavior\ReadHtmlCacheBehavior [ RunTime:0.000505s ]
INFO: [ app_begin ] --END-- [ RunTime:0.000549s ]
SQL: SHOW COLUMNS FROM `user` [ RunTime:0.0056s ]
SQL: SELECT u.roleid FROM `user` `u` LIMIT 1   [ RunTime:0.0003s ]
SQL: SHOW COLUMNS FROM `role` [ RunTime:0.0022s ]
SQL: SELECT `roleam` FROM `role` WHERE `roleid` IN ('1','2')  [ RunTime:0.0004s ]

[ 2016-07-25T15:30:31+08:00 ] ::1 /thinkphp-cms/index.php/v1/sendmail
INFO: [ app_init ] --START--
INFO: Run Behavior\BuildLiteBehavior [ RunTime:0.000028s ]
INFO: [ app_init ] --END-- [ RunTime:0.000449s ]
INFO: [ app_begin ] --START--
INFO: Run Behavior\ReadHtmlCacheBehavior [ RunTime:0.000438s ]
INFO: [ app_begin ] --END-- [ RunTime:0.000485s ]
NOTIC: [8] Undefined variable: config /Applications/XAMPP/xamppfiles/htdocs/thinkphp-cms/APP/Common/Common/function.php 第 57 行.
NOTIC: [2] stream_socket_client(): php_network_getaddresses: getaddrinfo failed: nodename nor servname provided, or not known /Applications/XAMPP/xamppfiles/htdocs/thinkphp-cms/thinkphp/Library/Vendor/PHPMailer/class.smtp.php 第 281 行.
NOTIC: [2] stream_socket_client(): unable to connect to smtp.163.com:25 (php_network_getaddresses: getaddrinfo failed: nodename nor servname provided, or not known) /Applications/XAMPP/xamppfiles/htdocs/thinkphp-cms/thinkphp/Library/Vendor/PHPMailer/class.smtp.php 第 281 行.
INFO: [ app_end ] --START--
INFO: Run Behavior\ShowPageTraceBehavior [ RunTime:0.000755s ]
INFO: [ app_end ] --END-- [ RunTime:0.000810s ]

[ 2016-07-25T15:43:01+08:00 ] ::1 /thinkphp-cms/index.php/v1/sendmail
INFO: [ app_init ] --START--
INFO: Run Behavior\BuildLiteBehavior [ RunTime:0.000007s ]
INFO: [ app_init ] --END-- [ RunTime:0.000176s ]
INFO: [ app_begin ] --START--
INFO: Run Behavior\ReadHtmlCacheBehavior [ RunTime:0.000222s ]
INFO: [ app_begin ] --END-- [ RunTime:0.000239s ]
NOTIC: [8] Undefined variable: config /Applications/XAMPP/xamppfiles/htdocs/thinkphp-cms/APP/Common/Common/function.php 第 57 行.
INFO: [ app_end ] --START--
INFO: Run Behavior\ShowPageTraceBehavior [ RunTime:0.000398s ]
INFO: [ app_end ] --END-- [ RunTime:0.000434s ]

[ 2016-07-25T15:43:14+08:00 ] ::1 /thinkphp-cms/index.php/v1/sendmail
INFO: [ app_init ] --START--
INFO: Run Behavior\BuildLiteBehavior [ RunTime:0.000009s ]
INFO: [ app_init ] --END-- [ RunTime:0.000228s ]
INFO: [ app_begin ] --START--
INFO: Run Behavior\ReadHtmlCacheBehavior [ RunTime:0.000217s ]
INFO: [ app_begin ] --END-- [ RunTime:0.000236s ]
NOTIC: [8] Undefined variable: config /Applications/XAMPP/xamppfiles/htdocs/thinkphp-cms/APP/Common/Common/function.php 第 57 行.
INFO: [ app_end ] --START--
INFO: Run Behavior\ShowPageTraceBehavior [ RunTime:0.000358s ]
INFO: [ app_end ] --END-- [ RunTime:0.000392s ]

[ 2016-07-25T15:46:01+08:00 ] ::1 /thinkphp-cms/index.php/v1/sendmail
INFO: [ app_init ] --START--
INFO: Run Behavior\BuildLiteBehavior [ RunTime:0.000007s ]
INFO: [ app_init ] --END-- [ RunTime:0.000174s ]
INFO: [ app_begin ] --START--
INFO: Run Behavior\ReadHtmlCacheBehavior [ RunTime:0.000341s ]
INFO: [ app_begin ] --END-- [ RunTime:0.000370s ]
NOTIC: [8] Undefined variable: config /Applications/XAMPP/xamppfiles/htdocs/thinkphp-cms/APP/Common/Common/function.php 第 57 行.
INFO: [ app_end ] --START--
INFO: Run Behavior\ShowPageTraceBehavior [ RunTime:0.000604s ]
INFO: [ app_end ] --END-- [ RunTime:0.000653s ]

[ 2016-07-25T15:55:57+08:00 ] ::1 /thinkphp-cms/index.php/v1/sendmail
INFO: [ app_init ] --START--
INFO: Run Behavior\BuildLiteBehavior [ RunTime:0.000008s ]
INFO: [ app_init ] --END-- [ RunTime:0.000188s ]
INFO: [ app_begin ] --START--
INFO: Run Behavior\ReadHtmlCacheBehavior [ RunTime:0.000236s ]
INFO: [ app_begin ] --END-- [ RunTime:0.000257s ]
NOTIC: [8] Undefined variable: config /Applications/XAMPP/xamppfiles/htdocs/thinkphp-cms/APP/Common/Common/function.php 第 58 行.
NOTIC: [2] stream_socket_client(): SSL operation failed with code 1. OpenSSL Error messages:
error:140770FC:SSL routines:SSL23_GET_SERVER_HELLO:unknown protocol /Applications/XAMPP/xamppfiles/htdocs/thinkphp-cms/thinkphp/Library/Vendor/PHPMailer/class.smtp.php 第 281 行.
NOTIC: [2] stream_socket_client(): Failed to enable crypto /Applications/XAMPP/xamppfiles/htdocs/thinkphp-cms/thinkphp/Library/Vendor/PHPMailer/class.smtp.php 第 281 行.
NOTIC: [2] stream_socket_client(): unable to connect to ssl://smtp.163.com:25 (Unknown error) /Applications/XAMPP/xamppfiles/htdocs/thinkphp-cms/thinkphp/Library/Vendor/PHPMailer/class.smtp.php 第 281 行.
INFO: [ app_end ] --START--
INFO: Run Behavior\ShowPageTraceBehavior [ RunTime:0.000444s ]
INFO: [ app_end ] --END-- [ RunTime:0.000476s ]

[ 2016-07-25T16:00:37+08:00 ] ::1 /thinkphp-cms/index.php/v1/sendmail
INFO: [ app_init ] --START--
INFO: Run Behavior\BuildLiteBehavior [ RunTime:0.000008s ]
INFO: [ app_init ] --END-- [ RunTime:0.000218s ]
INFO: [ app_begin ] --START--
INFO: Run Behavior\ReadHtmlCacheBehavior [ RunTime:0.000434s ]
INFO: [ app_begin ] --END-- [ RunTime:0.000498s ]
ERR: Cannot pass parameter 3 by reference

[ 2016-07-25T16:01:09+08:00 ] ::1 /thinkphp-cms/index.php/v1/sendmail
INFO: [ app_init ] --START--
INFO: Run Behavior\BuildLiteBehavior [ RunTime:0.000007s ]
INFO: [ app_init ] --END-- [ RunTime:0.000176s ]
INFO: [ app_begin ] --START--
INFO: Run Behavior\ReadHtmlCacheBehavior [ RunTime:0.000326s ]
INFO: [ app_begin ] --END-- [ RunTime:0.000355s ]
INFO: [ app_end ] --START--
INFO: Run Behavior\ShowPageTraceBehavior [ RunTime:0.000553s ]
INFO: [ app_end ] --END-- [ RunTime:0.000603s ]

[ 2016-07-25T16:05:35+08:00 ] ::1 /thinkphp-cms/index.php/v1/sendmail
INFO: [ app_init ] --START--
INFO: Run Behavior\BuildLiteBehavior [ RunTime:0.000006s ]
INFO: [ app_init ] --END-- [ RunTime:0.000168s ]
INFO: [ app_begin ] --START--
INFO: Run Behavior\ReadHtmlCacheBehavior [ RunTime:0.000207s ]
INFO: [ app_begin ] --END-- [ RunTime:0.000225s ]
NOTIC: [2] stream_socket_client(): SSL operation failed with code 1. OpenSSL Error messages:
error:140770FC:SSL routines:SSL23_GET_SERVER_HELLO:unknown protocol /Applications/XAMPP/xamppfiles/htdocs/thinkphp-cms/thinkphp/Library/Vendor/PHPMailer/class.smtp.php 第 281 行.
NOTIC: [2] stream_socket_client(): Failed to enable crypto /Applications/XAMPP/xamppfiles/htdocs/thinkphp-cms/thinkphp/Library/Vendor/PHPMailer/class.smtp.php 第 281 行.
NOTIC: [2] stream_socket_client(): unable to connect to ssl://smtp.163.com:25 (Unknown error) /Applications/XAMPP/xamppfiles/htdocs/thinkphp-cms/thinkphp/Library/Vendor/PHPMailer/class.smtp.php 第 281 行.
INFO: [ app_end ] --START--
INFO: Run Behavior\ShowPageTraceBehavior [ RunTime:0.000588s ]
INFO: [ app_end ] --END-- [ RunTime:0.000626s ]

[ 2016-07-25T16:17:37+08:00 ] ::1 /thinkphp-cms/index.php/v1/sendmail
INFO: [ app_init ] --START--
INFO: Run Behavior\BuildLiteBehavior [ RunTime:0.000010s ]
INFO: [ app_init ] --END-- [ RunTime:0.000240s ]
INFO: [ app_begin ] --START--
INFO: Run Behavior\ReadHtmlCacheBehavior [ RunTime:0.000257s ]
INFO: [ app_begin ] --END-- [ RunTime:0.000335s ]
ERR: 非法操作:sendMail

[ 2016-07-25T16:18:28+08:00 ] ::1 /thinkphp-cms/index.php/v1/sendmail
INFO: [ app_init ] --START--
INFO: Run Behavior\BuildLiteBehavior [ RunTime:0.000006s ]
INFO: [ app_init ] --END-- [ RunTime:0.000186s ]
INFO: [ app_begin ] --START--
INFO: Run Behavior\ReadHtmlCacheBehavior [ RunTime:0.000279s ]
INFO: [ app_begin ] --END-- [ RunTime:0.000303s ]
ERR: 非法操作:sendMail

[ 2016-07-25T16:19:10+08:00 ] ::1 /thinkphp-cms/index.php/v1/sendmail
INFO: [ app_init ] --START--
INFO: Run Behavior\BuildLiteBehavior [ RunTime:0.000006s ]
INFO: [ app_init ] --END-- [ RunTime:0.000188s ]
INFO: [ app_begin ] --START--
INFO: Run Behavior\ReadHtmlCacheBehavior [ RunTime:0.000236s ]
INFO: [ app_begin ] --END-- [ RunTime:0.000258s ]
ERR: 非法操作:sendMail

[ 2016-07-25T16:19:44+08:00 ] ::1 /thinkphp-cms/index.php/v1/sendmail
INFO: [ app_init ] --START--
INFO: Run Behavior\BuildLiteBehavior [ RunTime:0.000008s ]
INFO: [ app_init ] --END-- [ RunTime:0.000187s ]
INFO: [ app_begin ] --START--
INFO: Run Behavior\ReadHtmlCacheBehavior [ RunTime:0.000384s ]
INFO: [ app_begin ] --END-- [ RunTime:0.000415s ]
INFO: [ app_end ] --START--
INFO: Run Behavior\ShowPageTraceBehavior [ RunTime:0.000472s ]
INFO: [ app_end ] --END-- [ RunTime:0.000523s ]

[ 2016-07-25T16:20:23+08:00 ] ::1 /thinkphp-cms/index.php/v1/sendmail
INFO: [ app_init ] --START--
INFO: Run Behavior\BuildLiteBehavior [ RunTime:0.000007s ]
INFO: [ app_init ] --END-- [ RunTime:0.000172s ]
INFO: [ app_begin ] --START--
INFO: Run Behavior\ReadHtmlCacheBehavior [ RunTime:0.000214s ]
INFO: [ app_begin ] --END-- [ RunTime:0.000231s ]
INFO: [ app_end ] --START--
INFO: Run Behavior\ShowPageTraceBehavior [ RunTime:0.000437s ]
INFO: [ app_end ] --END-- [ RunTime:0.000475s ]

[ 2016-07-25T16:26:22+08:00 ] ::1 /thinkphp-cms/index.php/v1/sendmail
INFO: [ app_init ] --START--
INFO: Run Behavior\BuildLiteBehavior [ RunTime:0.000006s ]
INFO: [ app_init ] --END-- [ RunTime:0.000168s ]
INFO: [ app_begin ] --START--
INFO: Run Behavior\ReadHtmlCacheBehavior [ RunTime:0.000220s ]
INFO: [ app_begin ] --END-- [ RunTime:0.000240s ]
INFO: [ app_end ] --START--
INFO: Run Behavior\ShowPageTraceBehavior [ RunTime:0.000567s ]
INFO: [ app_end ] --END-- [ RunTime:0.000619s ]

[ 2016-07-25T16:29:42+08:00 ] ::1 /thinkphp-cms/index.php/v1/sendmail
INFO: [ app_init ] --START--
INFO: Run Behavior\BuildLiteBehavior [ RunTime:0.000007s ]
INFO: [ app_init ] --END-- [ RunTime:0.000173s ]
INFO: [ app_begin ] --START--
INFO: Run Behavior\ReadHtmlCacheBehavior [ RunTime:0.000211s ]
INFO: [ app_begin ] --END-- [ RunTime:0.000229s ]
INFO: [ app_end ] --START--
INFO: Run Behavior\ShowPageTraceBehavior [ RunTime:0.000368s ]
INFO: [ app_end ] --END-- [ RunTime:0.000419s ]

[ 2016-07-25T16:30:43+08:00 ] ::1 /thinkphp-cms/index.php/v1/sendmail
INFO: [ app_init ] --START--
INFO: Run Behavior\BuildLiteBehavior [ RunTime:0.000011s ]
INFO: [ app_init ] --END-- [ RunTime:0.000236s ]
INFO: [ app_begin ] --START--
INFO: Run Behavior\ReadHtmlCacheBehavior [ RunTime:0.000276s ]
INFO: [ app_begin ] --END-- [ RunTime:0.000302s ]
INFO: [ app_end ] --START--
INFO: Run Behavior\ShowPageTraceBehavior [ RunTime:0.000707s ]
INFO: [ app_end ] --END-- [ RunTime:0.000773s ]

