[ 2016-08-29T13:57:24+08:00 ] ::1 /thinkphp-cms/index.php/v1/index/index?cid=15&num=0%2C9
INFO: [ app_init ] --START--
INFO: Run Behavior\BuildLiteBehavior [ RunTime:0.000013s ]
INFO: [ app_init ] --END-- [ RunTime:0.000569s ]
INFO: [ app_begin ] --START--
INFO: Run Behavior\ReadHtmlCacheBehavior [ RunTime:0.000620s ]
INFO: [ app_begin ] --END-- [ RunTime:0.000668s ]
ERR: Think\Controller:response方法不存在！

[ 2016-08-29T13:59:20+08:00 ] ::1 /thinkphp-cms/index.php/v1/index/index
INFO: [ app_init ] --START--
INFO: Run Behavior\BuildLiteBehavior [ RunTime:0.000008s ]
INFO: [ app_init ] --END-- [ RunTime:0.000430s ]
INFO: [ app_begin ] --START--
INFO: Run Behavior\ReadHtmlCacheBehavior [ RunTime:0.000435s ]
INFO: [ app_begin ] --END-- [ RunTime:0.000464s ]
SQL: SHOW COLUMNS FROM `article` [ RunTime:0.0019s ]
ERR: 1064:You have an error in your SQL syntax; check the manual that corresponds to your MariaDB server version for the right syntax to use near ') ORDER BY aid desc LIMIT 4' at line 1
 [ SQL语句 ] : SELECT * FROM `article` WHERE ( cid= ) ORDER BY aid desc LIMIT 4  
ERR: 1064:You have an error in your SQL syntax; check the manual that corresponds to your MariaDB server version for the right syntax to use near ') ORDER BY aid desc LIMIT 4' at line 1
 [ SQL语句 ] : SELECT * FROM `article` WHERE ( cid= ) ORDER BY aid desc LIMIT 4  

[ 2016-08-29T14:02:15+08:00 ] ::1 /thinkphp-cms/index.php/v1/index/index
INFO: [ app_init ] --START--
INFO: Run Behavior\BuildLiteBehavior [ RunTime:0.000007s ]
INFO: [ app_init ] --END-- [ RunTime:0.000415s ]
INFO: [ app_begin ] --START--
INFO: Run Behavior\ReadHtmlCacheBehavior [ RunTime:0.000445s ]
INFO: [ app_begin ] --END-- [ RunTime:0.000474s ]
ERR: Think\Controller:response方法不存在！

[ 2016-08-29T14:04:27+08:00 ] ::1 /thinkphp-cms/index.php/v1/index/index
INFO: [ app_init ] --START--
INFO: Run Behavior\BuildLiteBehavior [ RunTime:0.000006s ]
INFO: [ app_init ] --END-- [ RunTime:0.000345s ]
INFO: [ app_begin ] --START--
INFO: Run Behavior\ReadHtmlCacheBehavior [ RunTime:0.000383s ]
INFO: [ app_begin ] --END-- [ RunTime:0.000403s ]

[ 2016-08-29T14:04:40+08:00 ] ::1 /thinkphp-cms/index.php/v1/index/index?cid=15&num=0%2C9
INFO: [ app_init ] --START--
INFO: Run Behavior\BuildLiteBehavior [ RunTime:0.000016s ]
INFO: [ app_init ] --END-- [ RunTime:0.000405s ]
INFO: [ app_begin ] --START--
INFO: Run Behavior\ReadHtmlCacheBehavior [ RunTime:0.000479s ]
INFO: [ app_begin ] --END-- [ RunTime:0.000530s ]
SQL: SHOW COLUMNS FROM `article` [ RunTime:0.0068s ]
SQL: SELECT * FROM `article` WHERE ( cid=15 ) ORDER BY aid desc LIMIT 4   [ RunTime:0.0018s ]
SQL: SELECT * FROM `article` ORDER BY aid desc LIMIT 0,9   [ RunTime:0.0014s ]
NOTIC: [8] Undefined variable: articleList /Applications/XAMPP/xamppfiles/htdocs/thinkphp-cms/APP/Home/Controller/IndexController.class.php 第 19 行.

[ 2016-08-29T14:21:03+08:00 ] ::1 /thinkphp-cms/index.php/v1/index/index?cid=15&num=0%2C9
INFO: [ app_init ] --START--
INFO: Run Behavior\BuildLiteBehavior [ RunTime:0.000018s ]
INFO: [ app_init ] --END-- [ RunTime:0.000441s ]
INFO: [ app_begin ] --START--
INFO: Run Behavior\ReadHtmlCacheBehavior [ RunTime:0.000449s ]
INFO: [ app_begin ] --END-- [ RunTime:0.000496s ]
SQL: SHOW COLUMNS FROM `article` [ RunTime:0.0018s ]
SQL: SELECT * FROM `article` WHERE ( `cid` LIKE '%,15,%' OR `cid` LIKE '15,%' OR `cid` LIKE '%,15' OR `cid` = '15' ) ORDER BY aid desc LIMIT 4   [ RunTime:0.0006s ]
SQL: SELECT * FROM `article` ORDER BY aid desc LIMIT 0,9   [ RunTime:0.0003s ]
NOTIC: [8] Undefined variable: articleList /Applications/XAMPP/xamppfiles/htdocs/thinkphp-cms/APP/Home/Controller/IndexController.class.php 第 20 行.

[ 2016-08-29T14:21:56+08:00 ] ::1 /thinkphp-cms/index.php/v1/index/index?cid=15&num=0%2C9
INFO: [ app_init ] --START--
INFO: Run Behavior\BuildLiteBehavior [ RunTime:0.000010s ]
INFO: [ app_init ] --END-- [ RunTime:0.000313s ]
INFO: [ app_begin ] --START--
INFO: Run Behavior\ReadHtmlCacheBehavior [ RunTime:0.000348s ]
INFO: [ app_begin ] --END-- [ RunTime:0.000377s ]
SQL: SHOW COLUMNS FROM `article` [ RunTime:0.0025s ]
SQL: SELECT * FROM `article` WHERE ( `cid` LIKE '%,15,%' OR `cid` LIKE '15,%' OR `cid` LIKE '%,15' OR `cid` = '15' ) ORDER BY aid desc LIMIT 4   [ RunTime:0.0004s ]
SQL: SELECT * FROM `article` ORDER BY aid desc LIMIT 0,9   [ RunTime:0.0002s ]
NOTIC: [8] Undefined variable: articleList /Applications/XAMPP/xamppfiles/htdocs/thinkphp-cms/APP/Home/Controller/IndexController.class.php 第 20 行.

[ 2016-08-29T14:27:40+08:00 ] ::1 /thinkphp-cms/index.php/v1/index/index?cid=15&num=0%2C9
INFO: [ app_init ] --START--
INFO: Run Behavior\BuildLiteBehavior [ RunTime:0.000014s ]
INFO: [ app_init ] --END-- [ RunTime:0.000573s ]
INFO: [ app_begin ] --START--
INFO: Run Behavior\ReadHtmlCacheBehavior [ RunTime:0.000647s ]
INFO: [ app_begin ] --END-- [ RunTime:0.000697s ]
SQL: SHOW COLUMNS FROM `article` [ RunTime:0.0031s ]
SQL: SELECT * FROM `article` WHERE ( `cid` LIKE '%,15,%' OR `cid` LIKE '15,%' OR `cid` LIKE '%,15' OR `cid` = '15' ) ORDER BY aid desc LIMIT 4   [ RunTime:0.0004s ]
SQL: SELECT * FROM `article` ORDER BY aid desc LIMIT 9   [ RunTime:0.0003s ]
NOTIC: [8] Undefined variable: articleList /Applications/XAMPP/xamppfiles/htdocs/thinkphp-cms/APP/Home/Controller/IndexController.class.php 第 20 行.

[ 2016-08-29T14:28:09+08:00 ] ::1 /thinkphp-cms/index.php/v1/index/index?cid=15&num=0%2C9
INFO: [ app_init ] --START--
INFO: Run Behavior\BuildLiteBehavior [ RunTime:0.000015s ]
INFO: [ app_init ] --END-- [ RunTime:0.000389s ]
INFO: [ app_begin ] --START--
INFO: Run Behavior\ReadHtmlCacheBehavior [ RunTime:0.000466s ]
INFO: [ app_begin ] --END-- [ RunTime:0.000515s ]
SQL: SHOW COLUMNS FROM `article` [ RunTime:0.0023s ]
SQL: SELECT * FROM `article` WHERE ( `cid` LIKE '%,15,%' OR `cid` LIKE '15,%' OR `cid` LIKE '%,15' OR `cid` = '15' ) ORDER BY aid desc LIMIT 4   [ RunTime:0.0005s ]
NOTIC: [2] Invalid argument supplied for foreach() /Applications/XAMPP/xamppfiles/htdocs/thinkphp-cms/thinkphp/Library/Think/Db/Driver.class.php 第 504 行.
SQL: SELECT * FROM `article` ORDER BY aid desc LIMIT 9   [ RunTime:0.0003s ]
NOTIC: [8] Undefined variable: articleList /Applications/XAMPP/xamppfiles/htdocs/thinkphp-cms/APP/Home/Controller/IndexController.class.php 第 20 行.

[ 2016-08-29T14:30:33+08:00 ] ::1 /thinkphp-cms/index.php/v1/index/index?cid=15&num=0%2C9
INFO: [ app_init ] --START--
INFO: Run Behavior\BuildLiteBehavior [ RunTime:0.000020s ]
INFO: [ app_init ] --END-- [ RunTime:0.000790s ]
INFO: [ app_begin ] --START--
INFO: Run Behavior\ReadHtmlCacheBehavior [ RunTime:0.000676s ]
INFO: [ app_begin ] --END-- [ RunTime:0.000726s ]
SQL: SHOW COLUMNS FROM `article` [ RunTime:0.0051s ]
SQL: SELECT * FROM `article` WHERE ( `cid` LIKE '%,15,%' OR `cid` LIKE '15,%' OR `cid` LIKE '%,15' OR `cid` = '15' ) ORDER BY aid desc LIMIT 4   [ RunTime:0.0008s ]
SQL: SELECT * FROM `article` ORDER BY aid desc LIMIT 9   [ RunTime:0.0005s ]

[ 2016-08-29T14:41:57+08:00 ] ::1 /thinkphp-cms/index.php/v1/index/index?cid=15&num=0%2C9
INFO: [ app_init ] --START--
INFO: Run Behavior\BuildLiteBehavior [ RunTime:0.000012s ]
INFO: [ app_init ] --END-- [ RunTime:0.000535s ]
INFO: [ app_begin ] --START--
INFO: Run Behavior\ReadHtmlCacheBehavior [ RunTime:0.000811s ]
INFO: [ app_begin ] --END-- [ RunTime:0.000860s ]
ERR: syntax error, unexpected 'as' (T_AS), expecting ';'

[ 2016-08-29T14:42:40+08:00 ] ::1 /thinkphp-cms/index.php/v1/index/index?cid=15&num=0%2C9
INFO: [ app_init ] --START--
INFO: Run Behavior\BuildLiteBehavior [ RunTime:0.000017s ]
INFO: [ app_init ] --END-- [ RunTime:0.000697s ]
INFO: [ app_begin ] --START--
INFO: Run Behavior\ReadHtmlCacheBehavior [ RunTime:0.000947s ]
INFO: [ app_begin ] --END-- [ RunTime:0.000995s ]
SQL: SHOW COLUMNS FROM `article` [ RunTime:0.0057s ]
SQL: SELECT * FROM `article` WHERE ( `cid` LIKE '%,15,%' OR `cid` LIKE '15,%' OR `cid` LIKE '%,15' OR `cid` = '15' ) ORDER BY aid desc LIMIT 4   [ RunTime:0.0017s ]
ERR: Call to undefined function Home\Controller\msubstr()

[ 2016-08-29T14:46:45+08:00 ] ::1 /thinkphp-cms/index.php/v1/index/index?cid=15&num=0%2C9
INFO: [ app_init ] --START--
INFO: Run Behavior\BuildLiteBehavior [ RunTime:0.000038s ]
INFO: [ app_init ] --END-- [ RunTime:0.001500s ]
INFO: [ app_begin ] --START--
INFO: Run Behavior\ReadHtmlCacheBehavior [ RunTime:0.001338s ]
INFO: [ app_begin ] --END-- [ RunTime:0.001513s ]
SQL: SHOW COLUMNS FROM `article` [ RunTime:0.0046s ]
SQL: SELECT * FROM `article` WHERE ( `cid` LIKE '%,15,%' OR `cid` LIKE '15,%' OR `cid` LIKE '%,15' OR `cid` = '15' ) ORDER BY aid desc LIMIT 4   [ RunTime:0.0009s ]
SQL: SELECT * FROM `article` ORDER BY aid desc LIMIT 0,9   [ RunTime:0.0007s ]

[ 2016-08-29T16:20:26+08:00 ] ::1 /thinkphp-cms/index.php/v1/index/index?cid=15&num=0%2C9
INFO: [ app_init ] --START--
INFO: Run Behavior\BuildLiteBehavior [ RunTime:0.000012s ]
INFO: [ app_init ] --END-- [ RunTime:0.000569s ]
INFO: [ app_begin ] --START--
INFO: Run Behavior\ReadHtmlCacheBehavior [ RunTime:0.001116s ]
INFO: [ app_begin ] --END-- [ RunTime:0.001166s ]
SQL: SHOW COLUMNS FROM `article` [ RunTime:0.0028s ]
SQL: SELECT `aid`,`title`,`author`,`keywords`,`description`,`cid` FROM `article` WHERE ( `cid` LIKE '%,15,%' OR `cid` LIKE '15,%' OR `cid` LIKE '%,15' OR `cid` = '15' ) ORDER BY aid desc LIMIT 4   [ RunTime:0.0004s ]
SQL: SELECT `aid`,`title`,`author`,`keywords`,`description`,`cid` FROM `article` ORDER BY aid desc LIMIT 0,9   [ RunTime:0.0003s ]

[ 2016-08-29T16:45:01+08:00 ] ::1 /thinkphp-cms/index.php/v1/index/index?cid=15&num=0%2C9
INFO: [ app_init ] --START--
INFO: Run Behavior\BuildLiteBehavior [ RunTime:0.000012s ]
INFO: [ app_init ] --END-- [ RunTime:0.000799s ]
INFO: [ app_begin ] --START--
INFO: Run Behavior\ReadHtmlCacheBehavior [ RunTime:0.000633s ]
INFO: [ app_begin ] --END-- [ RunTime:0.000686s ]
SQL: SHOW COLUMNS FROM `article` [ RunTime:0.0023s ]
SQL: SELECT `aid`,`title`,`author`,`keywords`,`content`,`description`,`cid` FROM `article` WHERE ( `cid` LIKE '%,15,%' OR `cid` LIKE '15,%' OR `cid` LIKE '%,15' OR `cid` = '15' ) ORDER BY aid desc LIMIT 4   [ RunTime:0.0005s ]
SQL: SELECT `aid`,`title`,`author`,`keywords`,`description`,`content`,`cid` FROM `article` ORDER BY aid desc LIMIT 0,9   [ RunTime:0.0003s ]

[ 2016-08-29T16:47:06+08:00 ] ::1 /thinkphp-cms/index.php/v1/index/index?cid=15&num=0%2C9
INFO: [ app_init ] --START--
INFO: Run Behavior\BuildLiteBehavior [ RunTime:0.000026s ]
INFO: [ app_init ] --END-- [ RunTime:0.001088s ]
INFO: [ app_begin ] --START--
INFO: Run Behavior\ReadHtmlCacheBehavior [ RunTime:0.000739s ]
INFO: [ app_begin ] --END-- [ RunTime:0.000781s ]
SQL: SHOW COLUMNS FROM `article` [ RunTime:0.0034s ]
SQL: SELECT `aid`,`title`,`author`,`keywords`,`content`,`description`,`cid` FROM `article` WHERE ( `cid` LIKE '%,15,%' OR `cid` LIKE '15,%' OR `cid` LIKE '%,15' OR `cid` = '15' ) ORDER BY aid desc LIMIT 4   [ RunTime:0.0006s ]
SQL: SELECT `aid`,`title`,`author`,`keywords`,`description`,`content`,`cid` FROM `article` ORDER BY aid desc LIMIT 0,9   [ RunTime:0.0003s ]

[ 2016-08-29T16:56:26+08:00 ] ::1 /thinkphp-cms/index.php/v1/index/index?cid=15&num=0%2C9
INFO: [ app_init ] --START--
INFO: Run Behavior\BuildLiteBehavior [ RunTime:0.000019s ]
INFO: [ app_init ] --END-- [ RunTime:0.000725s ]
INFO: [ app_begin ] --START--
INFO: Run Behavior\ReadHtmlCacheBehavior [ RunTime:0.000653s ]
INFO: [ app_begin ] --END-- [ RunTime:0.000702s ]
SQL: SHOW COLUMNS FROM `article` [ RunTime:0.0026s ]
SQL: SELECT `aid`,`title`,`author`,`keywords`,`content`,`description`,`cid` FROM `article` WHERE ( `cid` LIKE '%,15,%' OR `cid` LIKE '15,%' OR `cid` LIKE '%,15' OR `cid` = '15' ) ORDER BY aid desc LIMIT 4   [ RunTime:0.0009s ]
SQL: SELECT `aid`,`title`,`author`,`keywords`,`description`,`content`,`cid` FROM `article` ORDER BY aid desc LIMIT 0,9   [ RunTime:0.0008s ]

[ 2016-08-29T17:10:57+08:00 ] ::1 /thinkphp-cms/index.php/v1/index/index?cid=15&num=0%2C9
INFO: [ app_init ] --START--
INFO: Run Behavior\BuildLiteBehavior [ RunTime:0.000039s ]
INFO: [ app_init ] --END-- [ RunTime:0.000710s ]
INFO: [ app_begin ] --START--
INFO: Run Behavior\ReadHtmlCacheBehavior [ RunTime:0.000434s ]
INFO: [ app_begin ] --END-- [ RunTime:0.000480s ]
SQL: SHOW COLUMNS FROM `article` [ RunTime:0.0018s ]
SQL: SELECT `aid`,`title`,`author`,`keywords`,`content`,`description`,`cid` FROM `article` WHERE ( `cid` LIKE '%,15,%' OR `cid` LIKE '15,%' OR `cid` LIKE '%,15' OR `cid` = '15' ) ORDER BY aid desc LIMIT 4   [ RunTime:0.0008s ]
SQL: SELECT `aid`,`title`,`author`,`keywords`,`description`,`content`,`cid` FROM `article` ORDER BY aid desc LIMIT 0,9   [ RunTime:0.0009s ]

[ 2016-08-29T17:13:27+08:00 ] ::1 /thinkphp-cms/index.php/v1/index/index?cid=15&num=0%2C9
INFO: [ app_init ] --START--
INFO: Run Behavior\BuildLiteBehavior [ RunTime:0.000022s ]
INFO: [ app_init ] --END-- [ RunTime:0.000868s ]
INFO: [ app_begin ] --START--
INFO: Run Behavior\ReadHtmlCacheBehavior [ RunTime:0.000805s ]
INFO: [ app_begin ] --END-- [ RunTime:0.000913s ]
SQL: SHOW COLUMNS FROM `article` [ RunTime:0.0057s ]
SQL: SELECT `aid`,`title`,`author`,`keywords`,`content`,`description`,`cid` FROM `article` WHERE ( `cid` LIKE '%,15,%' OR `cid` LIKE '15,%' OR `cid` LIKE '%,15' OR `cid` = '15' ) ORDER BY aid desc LIMIT 4   [ RunTime:0.0011s ]
SQL: SELECT `aid`,`title`,`author`,`keywords`,`description`,`content`,`cid` FROM `article` ORDER BY aid desc LIMIT 0,9   [ RunTime:0.0007s ]

[ 2016-08-29T17:14:50+08:00 ] ::1 /thinkphp-cms/index.php/v1/index/index?cid=15&num=0%2C9
INFO: [ app_init ] --START--
INFO: Run Behavior\BuildLiteBehavior [ RunTime:0.000012s ]
INFO: [ app_init ] --END-- [ RunTime:0.000515s ]
INFO: [ app_begin ] --START--
INFO: Run Behavior\ReadHtmlCacheBehavior [ RunTime:0.000729s ]
INFO: [ app_begin ] --END-- [ RunTime:0.000770s ]
SQL: SHOW COLUMNS FROM `article` [ RunTime:0.0037s ]
SQL: SELECT `aid`,`title`,`author`,`keywords`,`content`,`description`,`cid` FROM `article` WHERE ( `cid` LIKE '%,15,%' OR `cid` LIKE '15,%' OR `cid` LIKE '%,15' OR `cid` = '15' ) ORDER BY aid desc LIMIT 4   [ RunTime:0.0003s ]
SQL: SELECT `aid`,`title`,`author`,`keywords`,`description`,`content`,`cid` FROM `article` ORDER BY aid desc LIMIT 0,9   [ RunTime:0.0002s ]

[ 2016-08-29T17:18:25+08:00 ] ::1 /thinkphp-cms/index.php/v1/index/index?cid=15&num=0%2C9
INFO: [ app_init ] --START--
INFO: Run Behavior\BuildLiteBehavior [ RunTime:0.000011s ]
INFO: [ app_init ] --END-- [ RunTime:0.000536s ]
INFO: [ app_begin ] --START--
INFO: Run Behavior\ReadHtmlCacheBehavior [ RunTime:0.000627s ]
INFO: [ app_begin ] --END-- [ RunTime:0.000680s ]
SQL: SHOW COLUMNS FROM `article` [ RunTime:0.0029s ]
SQL: SELECT `aid`,`title`,`author`,`keywords`,`content`,`description`,`cid` FROM `article` WHERE ( `cid` LIKE '%,15,%' OR `cid` LIKE '15,%' OR `cid` LIKE '%,15' OR `cid` = '15' ) ORDER BY aid desc LIMIT 4   [ RunTime:0.0004s ]
SQL: SELECT `aid`,`title`,`author`,`keywords`,`description`,`content`,`cid` FROM `article` ORDER BY aid desc LIMIT 0,9   [ RunTime:0.0006s ]

[ 2016-08-29T17:20:08+08:00 ] ::1 /thinkphp-cms/index.php/v1/index/index?cid=15&num=0%2C9
INFO: [ app_init ] --START--
INFO: Run Behavior\BuildLiteBehavior [ RunTime:0.000013s ]
INFO: [ app_init ] --END-- [ RunTime:0.000761s ]
INFO: [ app_begin ] --START--
INFO: Run Behavior\ReadHtmlCacheBehavior [ RunTime:0.000717s ]
INFO: [ app_begin ] --END-- [ RunTime:0.000766s ]
SQL: SHOW COLUMNS FROM `article` [ RunTime:0.0023s ]
SQL: SELECT `aid`,`title`,`author`,`keywords`,`content`,`description`,`cid` FROM `article` WHERE ( `cid` LIKE '%,15,%' OR `cid` LIKE '15,%' OR `cid` LIKE '%,15' OR `cid` = '15' ) ORDER BY aid desc LIMIT 4   [ RunTime:0.0004s ]
SQL: SELECT `aid`,`title`,`author`,`keywords`,`description`,`content`,`cid` FROM `article` ORDER BY aid desc LIMIT 0,9   [ RunTime:0.0004s ]

[ 2016-08-29T17:40:42+08:00 ] ::1 /thinkphp-cms/index.php/v1/index/index?cid=15&num=0%2C9
INFO: [ app_init ] --START--
INFO: Run Behavior\BuildLiteBehavior [ RunTime:0.000017s ]
INFO: [ app_init ] --END-- [ RunTime:0.000630s ]
INFO: [ app_begin ] --START--
INFO: Run Behavior\ReadHtmlCacheBehavior [ RunTime:0.000690s ]
INFO: [ app_begin ] --END-- [ RunTime:0.000740s ]
SQL: SHOW COLUMNS FROM `article` [ RunTime:0.0031s ]
SQL: SELECT `aid`,`title`,`author`,`keywords`,`content`,`description`,`cid` FROM `article` WHERE ( `cid` LIKE '%,15,%' OR `cid` LIKE '15,%' OR `cid` LIKE '%,15' OR `cid` = '15' ) ORDER BY aid desc LIMIT 4   [ RunTime:0.0009s ]
SQL: SELECT `aid`,`title`,`author`,`keywords`,`addtime`,`click`,`description`,`content`,`cid` FROM `article` ORDER BY aid desc LIMIT 0,9   [ RunTime:0.0003s ]

[ 2016-08-29T17:43:10+08:00 ] ::1 /thinkphp-cms/index.php/v1/index/index?cid=15&num=0%2C9
INFO: [ app_init ] --START--
INFO: Run Behavior\BuildLiteBehavior [ RunTime:0.000010s ]
INFO: [ app_init ] --END-- [ RunTime:0.000277s ]
INFO: [ app_begin ] --START--
INFO: Run Behavior\ReadHtmlCacheBehavior [ RunTime:0.000256s ]
INFO: [ app_begin ] --END-- [ RunTime:0.000281s ]
SQL: SHOW COLUMNS FROM `article` [ RunTime:0.0024s ]
SQL: SELECT `aid`,`title`,`author`,`keywords`,`content`,`description`,`cid` FROM `article` WHERE ( `cid` LIKE '%,15,%' OR `cid` LIKE '15,%' OR `cid` LIKE '%,15' OR `cid` = '15' ) ORDER BY aid desc LIMIT 4   [ RunTime:0.0004s ]
SQL: SELECT `aid`,`title`,`author`,`keywords`,`addtime`,`click`,`description`,`content`,`cid` FROM `article` ORDER BY aid desc LIMIT 0,9   [ RunTime:0.0003s ]

[ 2016-08-29T17:45:14+08:00 ] ::1 /thinkphp-cms/index.php/v1/index/index?cid=15&num=0%2C9
INFO: [ app_init ] --START--
INFO: Run Behavior\BuildLiteBehavior [ RunTime:0.000006s ]
INFO: [ app_init ] --END-- [ RunTime:0.000190s ]
INFO: [ app_begin ] --START--
INFO: Run Behavior\ReadHtmlCacheBehavior [ RunTime:0.000229s ]
INFO: [ app_begin ] --END-- [ RunTime:0.000248s ]
SQL: SHOW COLUMNS FROM `article` [ RunTime:0.0042s ]
SQL: SELECT `aid`,`title`,`author`,`keywords`,`content`,`description`,`cid` FROM `article` WHERE ( `cid` LIKE '%,15,%' OR `cid` LIKE '15,%' OR `cid` LIKE '%,15' OR `cid` = '15' ) ORDER BY aid desc LIMIT 4   [ RunTime:0.0006s ]
SQL: SELECT `aid`,`title`,`author`,`keywords`,`addtime`,`click`,`description`,`content`,`cid` FROM `article` ORDER BY aid desc LIMIT 0,9   [ RunTime:0.0012s ]

[ 2016-08-29T17:47:44+08:00 ] ::1 /thinkphp-cms/index.php/v1/index/index?cid=15&num=0%2C9
INFO: [ app_init ] --START--
INFO: Run Behavior\BuildLiteBehavior [ RunTime:0.000007s ]
INFO: [ app_init ] --END-- [ RunTime:0.000224s ]
INFO: [ app_begin ] --START--
INFO: Run Behavior\ReadHtmlCacheBehavior [ RunTime:0.000358s ]
INFO: [ app_begin ] --END-- [ RunTime:0.000384s ]
SQL: SHOW COLUMNS FROM `article` [ RunTime:0.0031s ]
SQL: SELECT `aid`,`title`,`author`,`keywords`,`content`,`description`,`cid` FROM `article` WHERE ( `cid` LIKE '%,15,%' OR `cid` LIKE '15,%' OR `cid` LIKE '%,15' OR `cid` = '15' ) ORDER BY aid desc LIMIT 4   [ RunTime:0.0008s ]
SQL: SELECT `aid`,`title`,`author`,`keywords`,`addtime`,`click`,`description`,`content`,`cid` FROM `article` ORDER BY aid desc LIMIT 0,9   [ RunTime:0.0021s ]

[ 2016-08-29T17:48:21+08:00 ] ::1 /thinkphp-cms/index.php/v1/index/index?cid=15&num=0%2C9
INFO: [ app_init ] --START--
INFO: Run Behavior\BuildLiteBehavior [ RunTime:0.000007s ]
INFO: [ app_init ] --END-- [ RunTime:0.000187s ]
INFO: [ app_begin ] --START--
INFO: Run Behavior\ReadHtmlCacheBehavior [ RunTime:0.000411s ]
INFO: [ app_begin ] --END-- [ RunTime:0.000456s ]
SQL: SHOW COLUMNS FROM `article` [ RunTime:0.0023s ]
SQL: SELECT `aid`,`title`,`author`,`keywords`,`content`,`description`,`cid` FROM `article` WHERE ( `cid` LIKE '%,15,%' OR `cid` LIKE '15,%' OR `cid` LIKE '%,15' OR `cid` = '15' ) ORDER BY aid desc LIMIT 4   [ RunTime:0.0004s ]
SQL: SELECT `aid`,`title`,`author`,`keywords`,`addtime`,`click`,`description`,`content`,`cid` FROM `article` ORDER BY aid desc LIMIT 0,9   [ RunTime:0.0004s ]

[ 2016-08-29T18:33:17+08:00 ] ::1 /thinkphp-cms/index.php/v1/index/index?cid=15&num=0%2C9
INFO: [ app_init ] --START--
INFO: Run Behavior\BuildLiteBehavior [ RunTime:0.000011s ]
INFO: [ app_init ] --END-- [ RunTime:0.000357s ]
INFO: [ app_begin ] --START--
INFO: Run Behavior\ReadHtmlCacheBehavior [ RunTime:0.000273s ]
INFO: [ app_begin ] --END-- [ RunTime:0.000300s ]
SQL: SHOW COLUMNS FROM `article` [ RunTime:0.0020s ]
SQL: SELECT `aid`,`title`,`author`,`keywords`,`content`,`description`,`cid` FROM `article` WHERE ( `cid` LIKE '%,15,%' OR `cid` LIKE '15,%' OR `cid` LIKE '%,15' OR `cid` = '15' ) ORDER BY aid desc LIMIT 4   [ RunTime:0.0007s ]
SQL: SELECT `aid`,`title`,`author`,`keywords`,`addtime`,`click`,`description`,`content`,`cid` FROM `article` ORDER BY aid desc LIMIT 0,9   [ RunTime:0.0004s ]

[ 2016-08-29T19:17:30+08:00 ] ::1 /thinkphp-cms/index.php/v1/comment/list?artid=31
INFO: [ app_init ] --START--
INFO: Run Behavior\BuildLiteBehavior [ RunTime:0.000016s ]
INFO: [ app_init ] --END-- [ RunTime:0.000648s ]
INFO: [ app_begin ] --START--
INFO: Run Behavior\ReadHtmlCacheBehavior [ RunTime:0.001148s ]
INFO: [ app_begin ] --END-- [ RunTime:0.001259s ]
SQL: SHOW COLUMNS FROM `comment` [ RunTime:0.0036s ]
SQL: SELECT `cid`,`pid`,`artid`,`username`,`content` FROM `comment` WHERE ( artid=31 )  [ RunTime:0.0004s ]
NOTIC: [2] Invalid argument supplied for foreach() /Applications/XAMPP/xamppfiles/htdocs/thinkphp-cms/APP/Home/Controller/CommentController.class.php 第 9 行.

[ 2016-08-29T19:18:28+08:00 ] ::1 /thinkphp-cms/index.php/v1/comment/list?artid=31
INFO: [ app_init ] --START--
INFO: Run Behavior\BuildLiteBehavior [ RunTime:0.000012s ]
INFO: [ app_init ] --END-- [ RunTime:0.000386s ]
INFO: [ app_begin ] --START--
INFO: Run Behavior\ReadHtmlCacheBehavior [ RunTime:0.000427s ]
INFO: [ app_begin ] --END-- [ RunTime:0.000467s ]
SQL: SHOW COLUMNS FROM `comment` [ RunTime:0.0016s ]
SQL: SELECT `cid`,`pid`,`artid`,`username`,`content` FROM `comment` WHERE ( artid=31 )  [ RunTime:0.0003s ]

[ 2016-08-29T19:29:49+08:00 ] ::1 /thinkphp-cms/index.php/v1/index/index?cid=15&num=0%2C9
INFO: [ app_init ] --START--
INFO: Run Behavior\BuildLiteBehavior [ RunTime:0.000029s ]
INFO: [ app_init ] --END-- [ RunTime:0.001103s ]
INFO: [ app_begin ] --START--
INFO: Run Behavior\ReadHtmlCacheBehavior [ RunTime:0.000605s ]
INFO: [ app_begin ] --END-- [ RunTime:0.000681s ]
SQL: SHOW COLUMNS FROM `article` [ RunTime:0.0037s ]
SQL: SELECT `aid`,`title`,`author`,`keywords`,`content`,`description`,`cid` FROM `article` WHERE ( `cid` LIKE '%,15,%' OR `cid` LIKE '15,%' OR `cid` LIKE '%,15' OR `cid` = '15' ) ORDER BY aid desc LIMIT 4   [ RunTime:0.0014s ]
SQL: SELECT `aid`,`title`,`author`,`keywords`,`addtime`,`click`,`description`,`content`,`cid` FROM `article` ORDER BY aid desc LIMIT 0,9   [ RunTime:0.0006s ]

[ 2016-08-29T19:29:52+08:00 ] ::1 /thinkphp-cms/index.php/v1/index/index?cid=15&num=0%2C9
INFO: [ app_init ] --START--
INFO: Run Behavior\BuildLiteBehavior [ RunTime:0.000007s ]
INFO: [ app_init ] --END-- [ RunTime:0.000224s ]
INFO: [ app_begin ] --START--
INFO: Run Behavior\ReadHtmlCacheBehavior [ RunTime:0.000267s ]
INFO: [ app_begin ] --END-- [ RunTime:0.000291s ]
SQL: SHOW COLUMNS FROM `article` [ RunTime:0.0017s ]
SQL: SELECT `aid`,`title`,`author`,`keywords`,`content`,`description`,`cid` FROM `article` WHERE ( `cid` LIKE '%,15,%' OR `cid` LIKE '15,%' OR `cid` LIKE '%,15' OR `cid` = '15' ) ORDER BY aid desc LIMIT 4   [ RunTime:0.0003s ]
SQL: SELECT `aid`,`title`,`author`,`keywords`,`addtime`,`click`,`description`,`content`,`cid` FROM `article` ORDER BY aid desc LIMIT 0,9   [ RunTime:0.0003s ]

[ 2016-08-29T19:30:32+08:00 ] ::1 /thinkphp-cms/index.php/v1/index/index?cid=15&num=0%2C9
INFO: [ app_init ] --START--
INFO: Run Behavior\BuildLiteBehavior [ RunTime:0.000018s ]
INFO: [ app_init ] --END-- [ RunTime:0.000768s ]
INFO: [ app_begin ] --START--
INFO: Run Behavior\ReadHtmlCacheBehavior [ RunTime:0.000556s ]
INFO: [ app_begin ] --END-- [ RunTime:0.000593s ]
SQL: SHOW COLUMNS FROM `article` [ RunTime:0.0024s ]
SQL: SELECT `aid`,`title`,`author`,`keywords`,`content`,`description`,`cid` FROM `article` WHERE ( `cid` LIKE '%,15,%' OR `cid` LIKE '15,%' OR `cid` LIKE '%,15' OR `cid` = '15' ) ORDER BY aid desc LIMIT 4   [ RunTime:0.0004s ]
SQL: SELECT `aid`,`title`,`author`,`keywords`,`addtime`,`click`,`description`,`content`,`cid` FROM `article` ORDER BY aid desc LIMIT 0,9   [ RunTime:0.0003s ]

[ 2016-08-29T19:30:35+08:00 ] ::1 /thinkphp-cms/index.php/v1/comment/list?artid=31
INFO: [ app_init ] --START--
INFO: Run Behavior\BuildLiteBehavior [ RunTime:0.000007s ]
INFO: [ app_init ] --END-- [ RunTime:0.000204s ]
INFO: [ app_begin ] --START--
INFO: Run Behavior\ReadHtmlCacheBehavior [ RunTime:0.000376s ]
INFO: [ app_begin ] --END-- [ RunTime:0.000413s ]
SQL: SHOW COLUMNS FROM `comment` [ RunTime:0.0013s ]
SQL: SELECT `cid`,`pid`,`artid`,`username`,`content` FROM `comment` WHERE ( artid=31 )  [ RunTime:0.0003s ]

[ 2016-08-29T19:30:41+08:00 ] ::1 /thinkphp-cms/index.php/v1/index/index?cid=15&num=0%2C9
INFO: [ app_init ] --START--
INFO: Run Behavior\BuildLiteBehavior [ RunTime:0.000022s ]
INFO: [ app_init ] --END-- [ RunTime:0.000482s ]
INFO: [ app_begin ] --START--
INFO: Run Behavior\ReadHtmlCacheBehavior [ RunTime:0.000508s ]
INFO: [ app_begin ] --END-- [ RunTime:0.000559s ]
SQL: SHOW COLUMNS FROM `article` [ RunTime:0.0024s ]
SQL: SELECT `aid`,`title`,`author`,`keywords`,`content`,`description`,`cid` FROM `article` WHERE ( `cid` LIKE '%,15,%' OR `cid` LIKE '15,%' OR `cid` LIKE '%,15' OR `cid` = '15' ) ORDER BY aid desc LIMIT 4   [ RunTime:0.0004s ]
SQL: SELECT `aid`,`title`,`author`,`keywords`,`addtime`,`click`,`description`,`content`,`cid` FROM `article` ORDER BY aid desc LIMIT 0,9   [ RunTime:0.0006s ]

[ 2016-08-29T19:30:47+08:00 ] ::1 /thinkphp-cms/index.php/v1/comment/list?artid=32
INFO: [ app_init ] --START--
INFO: Run Behavior\BuildLiteBehavior [ RunTime:0.000007s ]
INFO: [ app_init ] --END-- [ RunTime:0.000179s ]
INFO: [ app_begin ] --START--
INFO: Run Behavior\ReadHtmlCacheBehavior [ RunTime:0.000458s ]
INFO: [ app_begin ] --END-- [ RunTime:0.000489s ]
SQL: SHOW COLUMNS FROM `comment` [ RunTime:0.0021s ]
SQL: SELECT `cid`,`pid`,`artid`,`username`,`content` FROM `comment` WHERE ( artid=32 )  [ RunTime:0.0002s ]
NOTIC: [2] Invalid argument supplied for foreach() /Applications/XAMPP/xamppfiles/htdocs/thinkphp-cms/APP/Home/Controller/CommentController.class.php 第 9 行.

[ 2016-08-29T19:30:50+08:00 ] ::1 /thinkphp-cms/index.php/v1/index/index?cid=15&num=0%2C9
INFO: [ app_init ] --START--
INFO: Run Behavior\BuildLiteBehavior [ RunTime:0.000008s ]
INFO: [ app_init ] --END-- [ RunTime:0.000189s ]
INFO: [ app_begin ] --START--
INFO: Run Behavior\ReadHtmlCacheBehavior [ RunTime:0.000424s ]
INFO: [ app_begin ] --END-- [ RunTime:0.000470s ]
SQL: SHOW COLUMNS FROM `article` [ RunTime:0.0024s ]
SQL: SELECT `aid`,`title`,`author`,`keywords`,`content`,`description`,`cid` FROM `article` WHERE ( `cid` LIKE '%,15,%' OR `cid` LIKE '15,%' OR `cid` LIKE '%,15' OR `cid` = '15' ) ORDER BY aid desc LIMIT 4   [ RunTime:0.0005s ]
SQL: SELECT `aid`,`title`,`author`,`keywords`,`addtime`,`click`,`description`,`content`,`cid` FROM `article` ORDER BY aid desc LIMIT 0,9   [ RunTime:0.0003s ]

[ 2016-08-29T21:15:36+08:00 ] ::1 /thinkphp-cms/index.php/v1/index/index?cid=15&num=0%2C9
INFO: [ app_init ] --START--
INFO: Run Behavior\BuildLiteBehavior [ RunTime:0.000012s ]
INFO: [ app_init ] --END-- [ RunTime:0.000538s ]
INFO: [ app_begin ] --START--
INFO: Run Behavior\ReadHtmlCacheBehavior [ RunTime:0.000702s ]
INFO: [ app_begin ] --END-- [ RunTime:0.000749s ]
SQL: SHOW COLUMNS FROM `article` [ RunTime:0.0035s ]
SQL: SELECT `aid`,`title`,`author`,`keywords`,`content`,`description`,`cid` FROM `article` WHERE ( `cid` LIKE '%,15,%' OR `cid` LIKE '15,%' OR `cid` LIKE '%,15' OR `cid` = '15' ) ORDER BY aid desc LIMIT 4   [ RunTime:0.0004s ]
SQL: SELECT `aid`,`title`,`author`,`keywords`,`addtime`,`click`,`description`,`content`,`cid` FROM `article` WHERE ( `cid` NOT LIKE '%,15,%' AND `cid` LIKE '15,%' AND `cid` LIKE '%,15' AND `cid` = '15'  ) ORDER BY aid desc LIMIT 0,9   [ RunTime:0.0011s ]

