[ 2016-09-01T14:49:21+08:00 ] ::1 /thinkphp-cms/index.php/v1/index/category?cid=31
INFO: [ app_init ] --START--
INFO: Run Behavior\BuildLiteBehavior [ RunTime:0.000017s ]
INFO: [ app_init ] --END-- [ RunTime:0.000836s ]
INFO: [ app_begin ] --START--
INFO: Run Behavior\ReadHtmlCacheBehavior [ RunTime:0.000529s ]
INFO: [ app_begin ] --END-- [ RunTime:0.000562s ]
SQL: SHOW COLUMNS FROM `article` [ RunTime:0.0140s ]
SQL: SELECT * FROM `article` WHERE ( `cid` LIKE '%,31,%' OR `cid` LIKE '31,%' OR `cid` LIKE '%,31' OR `cid` = '31' )  [ RunTime:0.0059s ]

[ 2016-09-01T14:49:27+08:00 ] ::1 /thinkphp-cms/index.php/v1/index/index?cid=15&num=0%2C9
INFO: [ app_init ] --START--
INFO: Run Behavior\BuildLiteBehavior [ RunTime:0.000022s ]
INFO: [ app_init ] --END-- [ RunTime:0.000487s ]
INFO: [ app_begin ] --START--
INFO: Run Behavior\ReadHtmlCacheBehavior [ RunTime:0.000448s ]
INFO: [ app_begin ] --END-- [ RunTime:0.000510s ]
SQL: SHOW COLUMNS FROM `article` [ RunTime:0.0031s ]
SQL: SELECT `aid`,`title`,`author`,`keywords`,`content`,`description`,`cid` FROM `article` WHERE ( `cid` LIKE '%,15,%' OR `cid` LIKE '15,%' OR `cid` LIKE '%,15' OR `cid` = '15' ) ORDER BY aid desc LIMIT 4   [ RunTime:0.0009s ]
SQL: SELECT `aid`,`title`,`author`,`keywords`,`addtime`,`click`,`description`,`content`,`cid` FROM `article` WHERE ( `cid` NOT LIKE '%,15,%' AND `cid` NOT LIKE '15,%' AND `cid` NOT LIKE '%,15' AND `cid` NOT LIKE '15'  ) ORDER BY aid desc LIMIT 0,9   [ RunTime:0.0010s ]

[ 2016-09-01T14:51:10+08:00 ] ::1 /thinkphp-cms/index.php/v1/comment/list?artid=34
INFO: [ app_init ] --START--
INFO: Run Behavior\BuildLiteBehavior [ RunTime:0.000014s ]
INFO: [ app_init ] --END-- [ RunTime:0.000428s ]
INFO: [ app_begin ] --START--
INFO: Run Behavior\ReadHtmlCacheBehavior [ RunTime:0.000405s ]
INFO: [ app_begin ] --END-- [ RunTime:0.000442s ]
SQL: SHOW COLUMNS FROM `comment` [ RunTime:0.0010s ]
SQL: SELECT `cid`,`pid`,`artid`,`username`,`content` FROM `comment` WHERE ( artid=34 )  [ RunTime:0.0004s ]
NOTIC: [2] Invalid argument supplied for foreach() /Applications/XAMPP/xamppfiles/htdocs/thinkphp-cms/APP/Home/Controller/CommentController.class.php 第 9 行.

[ 2016-09-01T14:51:10+08:00 ] ::1 /thinkphp-cms/index.php/v1/index/single?aid=34
INFO: [ app_init ] --START--
INFO: Run Behavior\BuildLiteBehavior [ RunTime:0.000017s ]
INFO: [ app_init ] --END-- [ RunTime:0.000414s ]
INFO: [ app_begin ] --START--
INFO: Run Behavior\ReadHtmlCacheBehavior [ RunTime:0.000449s ]
INFO: [ app_begin ] --END-- [ RunTime:0.000497s ]
SQL: SHOW COLUMNS FROM `article` [ RunTime:0.0023s ]
SQL: SELECT * FROM `article` WHERE ( aid=34 )  [ RunTime:0.0007s ]

[ 2016-09-01T14:52:49+08:00 ] ::1 /thinkphp-cms/index.php/v1/index/single?aid=34
INFO: [ app_init ] --START--
INFO: Run Behavior\BuildLiteBehavior [ RunTime:0.000015s ]
INFO: [ app_init ] --END-- [ RunTime:0.000398s ]
INFO: [ app_begin ] --START--
INFO: Run Behavior\ReadHtmlCacheBehavior [ RunTime:0.000457s ]
INFO: [ app_begin ] --END-- [ RunTime:0.000502s ]
SQL: SHOW COLUMNS FROM `article` [ RunTime:0.0025s ]
SQL: SELECT * FROM `article` WHERE ( aid=34 )  [ RunTime:0.0003s ]

[ 2016-09-01T14:52:49+08:00 ] ::1 /thinkphp-cms/index.php/v1/comment/list?artid=34
INFO: [ app_init ] --START--
INFO: Run Behavior\BuildLiteBehavior [ RunTime:0.000015s ]
INFO: [ app_init ] --END-- [ RunTime:0.000375s ]
INFO: [ app_begin ] --START--
INFO: Run Behavior\ReadHtmlCacheBehavior [ RunTime:0.000418s ]
INFO: [ app_begin ] --END-- [ RunTime:0.000457s ]
SQL: SHOW COLUMNS FROM `comment` [ RunTime:0.0017s ]
SQL: SELECT `cid`,`pid`,`artid`,`username`,`content` FROM `comment` WHERE ( artid=34 )  [ RunTime:0.0005s ]
NOTIC: [2] Invalid argument supplied for foreach() /Applications/XAMPP/xamppfiles/htdocs/thinkphp-cms/APP/Home/Controller/CommentController.class.php 第 9 行.

[ 2016-09-01T14:53:05+08:00 ] ::1 /thinkphp-cms/index.php/v1/index/single?aid=34
INFO: [ app_init ] --START--
INFO: Run Behavior\BuildLiteBehavior [ RunTime:0.000018s ]
INFO: [ app_init ] --END-- [ RunTime:0.000403s ]
INFO: [ app_begin ] --START--
INFO: Run Behavior\ReadHtmlCacheBehavior [ RunTime:0.000372s ]
INFO: [ app_begin ] --END-- [ RunTime:0.000408s ]
SQL: SHOW COLUMNS FROM `article` [ RunTime:0.0024s ]
SQL: SELECT * FROM `article` WHERE ( aid=34 )  [ RunTime:0.0004s ]

[ 2016-09-01T14:53:05+08:00 ] ::1 /thinkphp-cms/index.php/v1/comment/list?artid=34
INFO: [ app_init ] --START--
INFO: Run Behavior\BuildLiteBehavior [ RunTime:0.000017s ]
INFO: [ app_init ] --END-- [ RunTime:0.000426s ]
INFO: [ app_begin ] --START--
INFO: Run Behavior\ReadHtmlCacheBehavior [ RunTime:0.000372s ]
INFO: [ app_begin ] --END-- [ RunTime:0.000406s ]
SQL: SHOW COLUMNS FROM `comment` [ RunTime:0.0018s ]
SQL: SELECT `cid`,`pid`,`artid`,`username`,`content` FROM `comment` WHERE ( artid=34 )  [ RunTime:0.0003s ]
NOTIC: [2] Invalid argument supplied for foreach() /Applications/XAMPP/xamppfiles/htdocs/thinkphp-cms/APP/Home/Controller/CommentController.class.php 第 9 行.

[ 2016-09-01T14:53:18+08:00 ] ::1 /thinkphp-cms/index.php/v1/index/single?aid=34
INFO: [ app_init ] --START--
INFO: Run Behavior\BuildLiteBehavior [ RunTime:0.000013s ]
INFO: [ app_init ] --END-- [ RunTime:0.000328s ]
INFO: [ app_begin ] --START--
INFO: Run Behavior\ReadHtmlCacheBehavior [ RunTime:0.000435s ]
INFO: [ app_begin ] --END-- [ RunTime:0.000484s ]
SQL: SHOW COLUMNS FROM `article` [ RunTime:0.0016s ]
SQL: SELECT * FROM `article` WHERE ( aid=34 )  [ RunTime:0.0004s ]

[ 2016-09-01T14:53:18+08:00 ] ::1 /thinkphp-cms/index.php/v1/comment/list?artid=34
INFO: [ app_init ] --START--
INFO: Run Behavior\BuildLiteBehavior [ RunTime:0.000094s ]
INFO: [ app_init ] --END-- [ RunTime:0.000401s ]
INFO: [ app_begin ] --START--
INFO: Run Behavior\ReadHtmlCacheBehavior [ RunTime:0.000362s ]
INFO: [ app_begin ] --END-- [ RunTime:0.000400s ]
SQL: SHOW COLUMNS FROM `comment` [ RunTime:0.0016s ]
SQL: SELECT `cid`,`pid`,`artid`,`username`,`content` FROM `comment` WHERE ( artid=34 )  [ RunTime:0.0003s ]
NOTIC: [2] Invalid argument supplied for foreach() /Applications/XAMPP/xamppfiles/htdocs/thinkphp-cms/APP/Home/Controller/CommentController.class.php 第 9 行.

[ 2016-09-01T14:53:30+08:00 ] ::1 /thinkphp-cms/index.php/v1/index/single?aid=34
INFO: [ app_init ] --START--
INFO: Run Behavior\BuildLiteBehavior [ RunTime:0.000010s ]
INFO: [ app_init ] --END-- [ RunTime:0.000261s ]
INFO: [ app_begin ] --START--
INFO: Run Behavior\ReadHtmlCacheBehavior [ RunTime:0.000984s ]
INFO: [ app_begin ] --END-- [ RunTime:0.001078s ]
SQL: SHOW COLUMNS FROM `article` [ RunTime:0.0026s ]
SQL: SELECT * FROM `article` WHERE ( aid=34 )  [ RunTime:0.0003s ]

[ 2016-09-01T14:53:30+08:00 ] ::1 /thinkphp-cms/index.php/v1/comment/list?artid=34
INFO: [ app_init ] --START--
INFO: Run Behavior\BuildLiteBehavior [ RunTime:0.000011s ]
INFO: [ app_init ] --END-- [ RunTime:0.000293s ]
INFO: [ app_begin ] --START--
INFO: Run Behavior\ReadHtmlCacheBehavior [ RunTime:0.000457s ]
INFO: [ app_begin ] --END-- [ RunTime:0.000508s ]
SQL: SHOW COLUMNS FROM `comment` [ RunTime:0.0012s ]
SQL: SELECT `cid`,`pid`,`artid`,`username`,`content` FROM `comment` WHERE ( artid=34 )  [ RunTime:0.0002s ]
NOTIC: [2] Invalid argument supplied for foreach() /Applications/XAMPP/xamppfiles/htdocs/thinkphp-cms/APP/Home/Controller/CommentController.class.php 第 9 行.

[ 2016-09-01T14:54:10+08:00 ] ::1 /thinkphp-cms/index.php/v1/index/category?cid=29
INFO: [ app_init ] --START--
INFO: Run Behavior\BuildLiteBehavior [ RunTime:0.000008s ]
INFO: [ app_init ] --END-- [ RunTime:0.000188s ]
INFO: [ app_begin ] --START--
INFO: Run Behavior\ReadHtmlCacheBehavior [ RunTime:0.000241s ]
INFO: [ app_begin ] --END-- [ RunTime:0.000263s ]
SQL: SHOW COLUMNS FROM `article` [ RunTime:0.0035s ]
SQL: SELECT * FROM `article` WHERE ( `cid` LIKE '%,29,%' OR `cid` LIKE '29,%' OR `cid` LIKE '%,29' OR `cid` = '29' )  [ RunTime:0.0005s ]

[ 2016-09-01T14:54:18+08:00 ] ::1 /thinkphp-cms/index.php/v1/comment/list?artid=26
INFO: [ app_init ] --START--
INFO: Run Behavior\BuildLiteBehavior [ RunTime:0.000010s ]
INFO: [ app_init ] --END-- [ RunTime:0.000278s ]
INFO: [ app_begin ] --START--
INFO: Run Behavior\ReadHtmlCacheBehavior [ RunTime:0.000245s ]
INFO: [ app_begin ] --END-- [ RunTime:0.000271s ]
SQL: SHOW COLUMNS FROM `comment` [ RunTime:0.0028s ]
SQL: SELECT `cid`,`pid`,`artid`,`username`,`content` FROM `comment` WHERE ( artid=26 )  [ RunTime:0.0006s ]

[ 2016-09-01T14:54:18+08:00 ] ::1 /thinkphp-cms/index.php/v1/index/single?aid=26
INFO: [ app_init ] --START--
INFO: Run Behavior\BuildLiteBehavior [ RunTime:0.000009s ]
INFO: [ app_init ] --END-- [ RunTime:0.000237s ]
INFO: [ app_begin ] --START--
INFO: Run Behavior\ReadHtmlCacheBehavior [ RunTime:0.000266s ]
INFO: [ app_begin ] --END-- [ RunTime:0.000290s ]
SQL: SHOW COLUMNS FROM `article` [ RunTime:0.0015s ]
SQL: SELECT * FROM `article` WHERE ( aid=26 )  [ RunTime:0.0003s ]

[ 2016-09-01T14:55:04+08:00 ] ::1 /thinkphp-cms/index.php/v1/comment/list?artid=26
INFO: [ app_init ] --START--
INFO: Run Behavior\BuildLiteBehavior [ RunTime:0.000012s ]
INFO: [ app_init ] --END-- [ RunTime:0.000301s ]
INFO: [ app_begin ] --START--
INFO: Run Behavior\ReadHtmlCacheBehavior [ RunTime:0.000420s ]
INFO: [ app_begin ] --END-- [ RunTime:0.000459s ]
SQL: SHOW COLUMNS FROM `comment` [ RunTime:0.0025s ]
SQL: SELECT `cid`,`pid`,`artid`,`username`,`content` FROM `comment` WHERE ( artid=26 )  [ RunTime:0.0004s ]

[ 2016-09-01T14:55:04+08:00 ] ::1 /thinkphp-cms/index.php/v1/index/single?aid=26
INFO: [ app_init ] --START--
INFO: Run Behavior\BuildLiteBehavior [ RunTime:0.000017s ]
INFO: [ app_init ] --END-- [ RunTime:0.000480s ]
INFO: [ app_begin ] --START--
INFO: Run Behavior\ReadHtmlCacheBehavior [ RunTime:0.000552s ]
INFO: [ app_begin ] --END-- [ RunTime:0.000600s ]
SQL: SHOW COLUMNS FROM `article` [ RunTime:0.0017s ]
SQL: SELECT * FROM `article` WHERE ( aid=26 )  [ RunTime:0.0007s ]

[ 2016-09-01T14:55:26+08:00 ] ::1 /thinkphp-cms/index.php/v1/index/single?aid=26
INFO: [ app_init ] --START--
INFO: Run Behavior\BuildLiteBehavior [ RunTime:0.000012s ]
INFO: [ app_init ] --END-- [ RunTime:0.000367s ]
INFO: [ app_begin ] --START--
INFO: Run Behavior\ReadHtmlCacheBehavior [ RunTime:0.000866s ]
INFO: [ app_begin ] --END-- [ RunTime:0.000914s ]
SQL: SHOW COLUMNS FROM `article` [ RunTime:0.0021s ]
SQL: SELECT * FROM `article` WHERE ( aid=26 )  [ RunTime:0.0004s ]

[ 2016-09-01T14:55:26+08:00 ] ::1 /thinkphp-cms/index.php/v1/comment/list?artid=26
INFO: [ app_init ] --START--
INFO: Run Behavior\BuildLiteBehavior [ RunTime:0.000012s ]
INFO: [ app_init ] --END-- [ RunTime:0.000300s ]
INFO: [ app_begin ] --START--
INFO: Run Behavior\ReadHtmlCacheBehavior [ RunTime:0.000452s ]
INFO: [ app_begin ] --END-- [ RunTime:0.000502s ]
SQL: SHOW COLUMNS FROM `comment` [ RunTime:0.0017s ]
SQL: SELECT `cid`,`pid`,`artid`,`username`,`content` FROM `comment` WHERE ( artid=26 )  [ RunTime:0.0004s ]

[ 2016-09-01T14:55:37+08:00 ] ::1 /thinkphp-cms/index.php/v1/index/single?aid=26
INFO: [ app_init ] --START--
INFO: Run Behavior\BuildLiteBehavior [ RunTime:0.000012s ]
INFO: [ app_init ] --END-- [ RunTime:0.000485s ]
INFO: [ app_begin ] --START--
INFO: Run Behavior\ReadHtmlCacheBehavior [ RunTime:0.000414s ]
INFO: [ app_begin ] --END-- [ RunTime:0.000457s ]
SQL: SHOW COLUMNS FROM `article` [ RunTime:0.0027s ]
SQL: SELECT * FROM `article` WHERE ( aid=26 )  [ RunTime:0.0006s ]

[ 2016-09-01T14:55:37+08:00 ] ::1 /thinkphp-cms/index.php/v1/comment/list?artid=26
INFO: [ app_init ] --START--
INFO: Run Behavior\BuildLiteBehavior [ RunTime:0.000010s ]
INFO: [ app_init ] --END-- [ RunTime:0.000278s ]
INFO: [ app_begin ] --START--
INFO: Run Behavior\ReadHtmlCacheBehavior [ RunTime:0.000528s ]
INFO: [ app_begin ] --END-- [ RunTime:0.000572s ]
SQL: SHOW COLUMNS FROM `comment` [ RunTime:0.0013s ]
SQL: SELECT `cid`,`pid`,`artid`,`username`,`content` FROM `comment` WHERE ( artid=26 )  [ RunTime:0.0003s ]

[ 2016-09-01T14:56:00+08:00 ] ::1 /thinkphp-cms/index.php/v1/index/single?aid=26
INFO: [ app_init ] --START--
INFO: Run Behavior\BuildLiteBehavior [ RunTime:0.000012s ]
INFO: [ app_init ] --END-- [ RunTime:0.000541s ]
INFO: [ app_begin ] --START--
INFO: Run Behavior\ReadHtmlCacheBehavior [ RunTime:0.000562s ]
INFO: [ app_begin ] --END-- [ RunTime:0.000616s ]
SQL: SHOW COLUMNS FROM `article` [ RunTime:0.0025s ]
SQL: SELECT * FROM `article` WHERE ( aid=26 )  [ RunTime:0.0004s ]

[ 2016-09-01T14:56:00+08:00 ] ::1 /thinkphp-cms/index.php/v1/comment/list?artid=26
INFO: [ app_init ] --START--
INFO: Run Behavior\BuildLiteBehavior [ RunTime:0.000010s ]
INFO: [ app_init ] --END-- [ RunTime:0.000296s ]
INFO: [ app_begin ] --START--
INFO: Run Behavior\ReadHtmlCacheBehavior [ RunTime:0.000403s ]
INFO: [ app_begin ] --END-- [ RunTime:0.000444s ]
SQL: SHOW COLUMNS FROM `comment` [ RunTime:0.0017s ]
SQL: SELECT `cid`,`pid`,`artid`,`username`,`content` FROM `comment` WHERE ( artid=26 )  [ RunTime:0.0002s ]

[ 2016-09-01T14:58:08+08:00 ] ::1 /thinkphp-cms/index.php/v1/index/single?aid=26
INFO: [ app_init ] --START--
INFO: Run Behavior\BuildLiteBehavior [ RunTime:0.000012s ]
INFO: [ app_init ] --END-- [ RunTime:0.000296s ]
INFO: [ app_begin ] --START--
INFO: Run Behavior\ReadHtmlCacheBehavior [ RunTime:0.000327s ]
INFO: [ app_begin ] --END-- [ RunTime:0.000361s ]
SQL: SHOW COLUMNS FROM `article` [ RunTime:0.0040s ]
SQL: SELECT * FROM `article` WHERE ( aid=26 )  [ RunTime:0.0009s ]

[ 2016-09-01T14:58:08+08:00 ] ::1 /thinkphp-cms/index.php/v1/comment/list?artid=26
INFO: [ app_init ] --START--
INFO: Run Behavior\BuildLiteBehavior [ RunTime:0.000010s ]
INFO: [ app_init ] --END-- [ RunTime:0.000309s ]
INFO: [ app_begin ] --START--
INFO: Run Behavior\ReadHtmlCacheBehavior [ RunTime:0.000376s ]
INFO: [ app_begin ] --END-- [ RunTime:0.000412s ]
SQL: SHOW COLUMNS FROM `comment` [ RunTime:0.0016s ]
SQL: SELECT `cid`,`pid`,`artid`,`username`,`content` FROM `comment` WHERE ( artid=26 )  [ RunTime:0.0003s ]

[ 2016-09-01T15:00:09+08:00 ] ::1 /thinkphp-cms/index.php/v1/index/single?aid=26
INFO: [ app_init ] --START--
INFO: Run Behavior\BuildLiteBehavior [ RunTime:0.000012s ]
INFO: [ app_init ] --END-- [ RunTime:0.000301s ]
INFO: [ app_begin ] --START--
INFO: Run Behavior\ReadHtmlCacheBehavior [ RunTime:0.000355s ]
INFO: [ app_begin ] --END-- [ RunTime:0.000394s ]
SQL: SHOW COLUMNS FROM `article` [ RunTime:0.0020s ]
SQL: SELECT * FROM `article` WHERE ( aid=26 )  [ RunTime:0.0004s ]

[ 2016-09-01T15:00:09+08:00 ] ::1 /thinkphp-cms/index.php/v1/comment/list?artid=26
INFO: [ app_init ] --START--
INFO: Run Behavior\BuildLiteBehavior [ RunTime:0.000012s ]
INFO: [ app_init ] --END-- [ RunTime:0.000289s ]
INFO: [ app_begin ] --START--
INFO: Run Behavior\ReadHtmlCacheBehavior [ RunTime:0.000384s ]
INFO: [ app_begin ] --END-- [ RunTime:0.000427s ]
SQL: SHOW COLUMNS FROM `comment` [ RunTime:0.0015s ]
SQL: SELECT `cid`,`pid`,`artid`,`username`,`content` FROM `comment` WHERE ( artid=26 )  [ RunTime:0.0003s ]

[ 2016-09-01T15:00:34+08:00 ] ::1 /thinkphp-cms/index.php/v1/index/single?aid=26
INFO: [ app_init ] --START--
INFO: Run Behavior\BuildLiteBehavior [ RunTime:0.000009s ]
INFO: [ app_init ] --END-- [ RunTime:0.000281s ]
INFO: [ app_begin ] --START--
INFO: Run Behavior\ReadHtmlCacheBehavior [ RunTime:0.000739s ]
INFO: [ app_begin ] --END-- [ RunTime:0.000963s ]
SQL: SHOW COLUMNS FROM `article` [ RunTime:0.0020s ]
SQL: SELECT * FROM `article` WHERE ( aid=26 )  [ RunTime:0.0005s ]

[ 2016-09-01T15:00:34+08:00 ] ::1 /thinkphp-cms/index.php/v1/comment/list?artid=26
INFO: [ app_init ] --START--
INFO: Run Behavior\BuildLiteBehavior [ RunTime:0.000010s ]
INFO: [ app_init ] --END-- [ RunTime:0.000302s ]
INFO: [ app_begin ] --START--
INFO: Run Behavior\ReadHtmlCacheBehavior [ RunTime:0.000386s ]
INFO: [ app_begin ] --END-- [ RunTime:0.000428s ]
SQL: SHOW COLUMNS FROM `comment` [ RunTime:0.0016s ]
SQL: SELECT `cid`,`pid`,`artid`,`username`,`content` FROM `comment` WHERE ( artid=26 )  [ RunTime:0.0003s ]

[ 2016-09-01T15:01:47+08:00 ] ::1 /thinkphp-cms/index.php/v1/index/index?cid=15&num=0%2C9
INFO: [ app_init ] --START--
INFO: Run Behavior\BuildLiteBehavior [ RunTime:0.000009s ]
INFO: [ app_init ] --END-- [ RunTime:0.000250s ]
INFO: [ app_begin ] --START--
INFO: Run Behavior\ReadHtmlCacheBehavior [ RunTime:0.000353s ]
INFO: [ app_begin ] --END-- [ RunTime:0.000389s ]
SQL: SHOW COLUMNS FROM `article` [ RunTime:0.0028s ]
SQL: SELECT `aid`,`title`,`author`,`keywords`,`content`,`description`,`cid` FROM `article` WHERE ( `cid` LIKE '%,15,%' OR `cid` LIKE '15,%' OR `cid` LIKE '%,15' OR `cid` = '15' ) ORDER BY aid desc LIMIT 4   [ RunTime:0.0004s ]
SQL: SELECT `aid`,`title`,`author`,`keywords`,`addtime`,`click`,`description`,`content`,`cid` FROM `article` WHERE ( `cid` NOT LIKE '%,15,%' AND `cid` NOT LIKE '15,%' AND `cid` NOT LIKE '%,15' AND `cid` NOT LIKE '15'  ) ORDER BY aid desc LIMIT 0,9   [ RunTime:0.0005s ]

[ 2016-09-01T15:02:31+08:00 ] ::1 /thinkphp-cms/index.php/v1/index/index?cid=15&num=0%2C9
INFO: [ app_init ] --START--
INFO: Run Behavior\BuildLiteBehavior [ RunTime:0.000014s ]
INFO: [ app_init ] --END-- [ RunTime:0.000696s ]
INFO: [ app_begin ] --START--
INFO: Run Behavior\ReadHtmlCacheBehavior [ RunTime:0.000403s ]
INFO: [ app_begin ] --END-- [ RunTime:0.000446s ]
SQL: SHOW COLUMNS FROM `article` [ RunTime:0.0018s ]
SQL: SELECT `aid`,`title`,`author`,`keywords`,`content`,`description`,`cid` FROM `article` WHERE ( `cid` LIKE '%,15,%' OR `cid` LIKE '15,%' OR `cid` LIKE '%,15' OR `cid` = '15' ) ORDER BY aid desc LIMIT 4   [ RunTime:0.0004s ]
SQL: SELECT `aid`,`title`,`author`,`keywords`,`addtime`,`click`,`description`,`content`,`cid` FROM `article` WHERE ( `cid` NOT LIKE '%,15,%' AND `cid` NOT LIKE '15,%' AND `cid` NOT LIKE '%,15' AND `cid` NOT LIKE '15'  ) ORDER BY aid desc LIMIT 0,9   [ RunTime:0.0006s ]

[ 2016-09-01T15:03:07+08:00 ] ::1 /thinkphp-cms/index.php/v1/index/index?cid=15&num=0%2C9
INFO: [ app_init ] --START--
INFO: Run Behavior\BuildLiteBehavior [ RunTime:0.000014s ]
INFO: [ app_init ] --END-- [ RunTime:0.000451s ]
INFO: [ app_begin ] --START--
INFO: Run Behavior\ReadHtmlCacheBehavior [ RunTime:0.000575s ]
INFO: [ app_begin ] --END-- [ RunTime:0.000625s ]
SQL: SHOW COLUMNS FROM `article` [ RunTime:0.0013s ]
SQL: SELECT `aid`,`title`,`author`,`keywords`,`content`,`description`,`cid` FROM `article` WHERE ( `cid` LIKE '%,15,%' OR `cid` LIKE '15,%' OR `cid` LIKE '%,15' OR `cid` = '15' ) ORDER BY aid desc LIMIT 4   [ RunTime:0.0003s ]
SQL: SELECT `aid`,`title`,`author`,`keywords`,`addtime`,`click`,`description`,`content`,`cid` FROM `article` WHERE ( `cid` NOT LIKE '%,15,%' AND `cid` NOT LIKE '15,%' AND `cid` NOT LIKE '%,15' AND `cid` NOT LIKE '15'  ) ORDER BY aid desc LIMIT 0,9   [ RunTime:0.0003s ]

[ 2016-09-01T15:03:36+08:00 ] ::1 /thinkphp-cms/index.php/v1/index/index?cid=15&num=0%2C9
INFO: [ app_init ] --START--
INFO: Run Behavior\BuildLiteBehavior [ RunTime:0.000010s ]
INFO: [ app_init ] --END-- [ RunTime:0.000284s ]
INFO: [ app_begin ] --START--
INFO: Run Behavior\ReadHtmlCacheBehavior [ RunTime:0.000548s ]
INFO: [ app_begin ] --END-- [ RunTime:0.000598s ]
SQL: SHOW COLUMNS FROM `article` [ RunTime:0.0012s ]
SQL: SELECT `aid`,`title`,`author`,`keywords`,`content`,`description`,`cid` FROM `article` WHERE ( `cid` LIKE '%,15,%' OR `cid` LIKE '15,%' OR `cid` LIKE '%,15' OR `cid` = '15' ) ORDER BY aid desc LIMIT 4   [ RunTime:0.0003s ]
SQL: SELECT `aid`,`title`,`author`,`keywords`,`addtime`,`click`,`description`,`content`,`cid` FROM `article` WHERE ( `cid` NOT LIKE '%,15,%' AND `cid` NOT LIKE '15,%' AND `cid` NOT LIKE '%,15' AND `cid` NOT LIKE '15'  ) ORDER BY aid desc LIMIT 0,9   [ RunTime:0.0003s ]

[ 2016-09-01T15:04:05+08:00 ] ::1 /thinkphp-cms/index.php/v1/index/index?cid=15&num=0%2C9
INFO: [ app_init ] --START--
INFO: Run Behavior\BuildLiteBehavior [ RunTime:0.000007s ]
INFO: [ app_init ] --END-- [ RunTime:0.000206s ]
INFO: [ app_begin ] --START--
INFO: Run Behavior\ReadHtmlCacheBehavior [ RunTime:0.000368s ]
INFO: [ app_begin ] --END-- [ RunTime:0.000399s ]
SQL: SHOW COLUMNS FROM `article` [ RunTime:0.0015s ]
SQL: SELECT `aid`,`title`,`author`,`keywords`,`content`,`description`,`cid` FROM `article` WHERE ( `cid` LIKE '%,15,%' OR `cid` LIKE '15,%' OR `cid` LIKE '%,15' OR `cid` = '15' ) ORDER BY aid desc LIMIT 4   [ RunTime:0.0004s ]
SQL: SELECT `aid`,`title`,`author`,`keywords`,`addtime`,`click`,`description`,`content`,`cid` FROM `article` WHERE ( `cid` NOT LIKE '%,15,%' AND `cid` NOT LIKE '15,%' AND `cid` NOT LIKE '%,15' AND `cid` NOT LIKE '15'  ) ORDER BY aid desc LIMIT 0,9   [ RunTime:0.0006s ]

[ 2016-09-01T15:04:07+08:00 ] ::1 /thinkphp-cms/index.php/v1/index/index?cid=15&num=0%2C9
INFO: [ app_init ] --START--
INFO: Run Behavior\BuildLiteBehavior [ RunTime:0.000017s ]
INFO: [ app_init ] --END-- [ RunTime:0.000523s ]
INFO: [ app_begin ] --START--
INFO: Run Behavior\ReadHtmlCacheBehavior [ RunTime:0.000411s ]
INFO: [ app_begin ] --END-- [ RunTime:0.000455s ]
SQL: SHOW COLUMNS FROM `article` [ RunTime:0.0018s ]
SQL: SELECT `aid`,`title`,`author`,`keywords`,`content`,`description`,`cid` FROM `article` WHERE ( `cid` LIKE '%,15,%' OR `cid` LIKE '15,%' OR `cid` LIKE '%,15' OR `cid` = '15' ) ORDER BY aid desc LIMIT 4   [ RunTime:0.0004s ]
SQL: SELECT `aid`,`title`,`author`,`keywords`,`addtime`,`click`,`description`,`content`,`cid` FROM `article` WHERE ( `cid` NOT LIKE '%,15,%' AND `cid` NOT LIKE '15,%' AND `cid` NOT LIKE '%,15' AND `cid` NOT LIKE '15'  ) ORDER BY aid desc LIMIT 0,9   [ RunTime:0.0005s ]

[ 2016-09-01T15:05:34+08:00 ] ::1 /thinkphp-cms/index.php/v1/index/index?cid=15&num=0%2C9
INFO: [ app_init ] --START--
INFO: Run Behavior\BuildLiteBehavior [ RunTime:0.000013s ]
INFO: [ app_init ] --END-- [ RunTime:0.000455s ]
INFO: [ app_begin ] --START--
INFO: Run Behavior\ReadHtmlCacheBehavior [ RunTime:0.000468s ]
INFO: [ app_begin ] --END-- [ RunTime:0.000517s ]
SQL: SHOW COLUMNS FROM `article` [ RunTime:0.0017s ]
SQL: SELECT `aid`,`title`,`author`,`keywords`,`content`,`description`,`cid` FROM `article` WHERE ( `cid` LIKE '%,15,%' OR `cid` LIKE '15,%' OR `cid` LIKE '%,15' OR `cid` = '15' ) ORDER BY aid desc LIMIT 4   [ RunTime:0.0004s ]
SQL: SELECT `aid`,`title`,`author`,`keywords`,`addtime`,`click`,`description`,`content`,`cid` FROM `article` WHERE ( `cid` NOT LIKE '%,15,%' AND `cid` NOT LIKE '15,%' AND `cid` NOT LIKE '%,15' AND `cid` NOT LIKE '15'  ) ORDER BY aid desc LIMIT 0,9   [ RunTime:0.0004s ]

[ 2016-09-01T15:05:53+08:00 ] ::1 /thinkphp-cms/index.php/v1/index/index?cid=15&num=0%2C9
INFO: [ app_init ] --START--
INFO: Run Behavior\BuildLiteBehavior [ RunTime:0.000015s ]
INFO: [ app_init ] --END-- [ RunTime:0.000373s ]
INFO: [ app_begin ] --START--
INFO: Run Behavior\ReadHtmlCacheBehavior [ RunTime:0.000391s ]
INFO: [ app_begin ] --END-- [ RunTime:0.000435s ]
SQL: SHOW COLUMNS FROM `article` [ RunTime:0.0052s ]
SQL: SELECT `aid`,`title`,`author`,`keywords`,`content`,`description`,`cid` FROM `article` WHERE ( `cid` LIKE '%,15,%' OR `cid` LIKE '15,%' OR `cid` LIKE '%,15' OR `cid` = '15' ) ORDER BY aid desc LIMIT 4   [ RunTime:0.0005s ]
SQL: SELECT `aid`,`title`,`author`,`keywords`,`addtime`,`click`,`description`,`content`,`cid` FROM `article` WHERE ( `cid` NOT LIKE '%,15,%' AND `cid` NOT LIKE '15,%' AND `cid` NOT LIKE '%,15' AND `cid` NOT LIKE '15'  ) ORDER BY aid desc LIMIT 0,9   [ RunTime:0.0027s ]

[ 2016-09-01T15:06:14+08:00 ] ::1 /thinkphp-cms/index.php/v1/index/index?cid=15&num=0%2C9
INFO: [ app_init ] --START--
INFO: Run Behavior\BuildLiteBehavior [ RunTime:0.000012s ]
INFO: [ app_init ] --END-- [ RunTime:0.000264s ]
INFO: [ app_begin ] --START--
INFO: Run Behavior\ReadHtmlCacheBehavior [ RunTime:0.000281s ]
INFO: [ app_begin ] --END-- [ RunTime:0.000309s ]
SQL: SHOW COLUMNS FROM `article` [ RunTime:0.0017s ]
SQL: SELECT `aid`,`title`,`author`,`keywords`,`content`,`description`,`cid` FROM `article` WHERE ( `cid` LIKE '%,15,%' OR `cid` LIKE '15,%' OR `cid` LIKE '%,15' OR `cid` = '15' ) ORDER BY aid desc LIMIT 4   [ RunTime:0.0003s ]
SQL: SELECT `aid`,`title`,`author`,`keywords`,`addtime`,`click`,`description`,`content`,`cid` FROM `article` WHERE ( `cid` NOT LIKE '%,15,%' AND `cid` NOT LIKE '15,%' AND `cid` NOT LIKE '%,15' AND `cid` NOT LIKE '15'  ) ORDER BY aid desc LIMIT 0,9   [ RunTime:0.0011s ]

[ 2016-09-01T15:12:01+08:00 ] ::1 /thinkphp-cms/index.php/v1/index/index?cid=15&num=0%2C9
INFO: [ app_init ] --START--
INFO: Run Behavior\BuildLiteBehavior [ RunTime:0.000011s ]
INFO: [ app_init ] --END-- [ RunTime:0.000283s ]
INFO: [ app_begin ] --START--
INFO: Run Behavior\ReadHtmlCacheBehavior [ RunTime:0.000290s ]
INFO: [ app_begin ] --END-- [ RunTime:0.000322s ]
SQL: SHOW COLUMNS FROM `article` [ RunTime:0.0028s ]
SQL: SELECT `aid`,`title`,`author`,`keywords`,`content`,`description`,`cid` FROM `article` WHERE ( `cid` LIKE '%,15,%' OR `cid` LIKE '15,%' OR `cid` LIKE '%,15' OR `cid` = '15' ) ORDER BY aid desc LIMIT 4   [ RunTime:0.0005s ]
SQL: SELECT `aid`,`title`,`author`,`keywords`,`addtime`,`click`,`description`,`content`,`cid` FROM `article` WHERE ( `cid` NOT LIKE '%,15,%' AND `cid` NOT LIKE '15,%' AND `cid` NOT LIKE '%,15' AND `cid` NOT LIKE '15'  ) ORDER BY aid desc LIMIT 0,9   [ RunTime:0.0006s ]

[ 2016-09-01T15:15:54+08:00 ] ::1 /thinkphp-cms/index.php/v1/index/index?cid=15&num=0%2C9
INFO: [ app_init ] --START--
INFO: Run Behavior\BuildLiteBehavior [ RunTime:0.000010s ]
INFO: [ app_init ] --END-- [ RunTime:0.000339s ]
INFO: [ app_begin ] --START--
INFO: Run Behavior\ReadHtmlCacheBehavior [ RunTime:0.000392s ]
INFO: [ app_begin ] --END-- [ RunTime:0.000432s ]
SQL: SHOW COLUMNS FROM `article` [ RunTime:0.0023s ]
SQL: SELECT `aid`,`title`,`author`,`keywords`,`content`,`description`,`cid` FROM `article` WHERE ( `cid` LIKE '%,15,%' OR `cid` LIKE '15,%' OR `cid` LIKE '%,15' OR `cid` = '15' ) ORDER BY aid desc LIMIT 4   [ RunTime:0.0004s ]
SQL: SELECT `aid`,`title`,`author`,`keywords`,`addtime`,`click`,`description`,`content`,`cid` FROM `article` WHERE ( `cid` NOT LIKE '%,15,%' AND `cid` NOT LIKE '15,%' AND `cid` NOT LIKE '%,15' AND `cid` NOT LIKE '15'  ) ORDER BY aid desc LIMIT 0,9   [ RunTime:0.0010s ]

[ 2016-09-01T15:18:05+08:00 ] ::1 /thinkphp-cms/index.php/v1/index/index?cid=15&num=0%2C9
INFO: [ app_init ] --START--
INFO: Run Behavior\BuildLiteBehavior [ RunTime:0.000011s ]
INFO: [ app_init ] --END-- [ RunTime:0.000320s ]
INFO: [ app_begin ] --START--
INFO: Run Behavior\ReadHtmlCacheBehavior [ RunTime:0.000429s ]
INFO: [ app_begin ] --END-- [ RunTime:0.000473s ]
SQL: SHOW COLUMNS FROM `article` [ RunTime:0.0015s ]
SQL: SELECT `aid`,`title`,`author`,`keywords`,`content`,`description`,`cid` FROM `article` WHERE ( `cid` LIKE '%,15,%' OR `cid` LIKE '15,%' OR `cid` LIKE '%,15' OR `cid` = '15' ) ORDER BY aid desc LIMIT 4   [ RunTime:0.0005s ]
SQL: SELECT `aid`,`title`,`author`,`keywords`,`addtime`,`click`,`description`,`content`,`cid` FROM `article` WHERE ( `cid` NOT LIKE '%,15,%' AND `cid` NOT LIKE '15,%' AND `cid` NOT LIKE '%,15' AND `cid` NOT LIKE '15'  ) ORDER BY aid desc LIMIT 0,9   [ RunTime:0.0005s ]

[ 2016-09-01T15:18:07+08:00 ] ::1 /thinkphp-cms/index.php/v1/index/category?cid=17
INFO: [ app_init ] --START--
INFO: Run Behavior\BuildLiteBehavior [ RunTime:0.000009s ]
INFO: [ app_init ] --END-- [ RunTime:0.000269s ]
INFO: [ app_begin ] --START--
INFO: Run Behavior\ReadHtmlCacheBehavior [ RunTime:0.000341s ]
INFO: [ app_begin ] --END-- [ RunTime:0.000375s ]
SQL: SHOW COLUMNS FROM `article` [ RunTime:0.0024s ]
SQL: SELECT * FROM `article` WHERE ( `cid` LIKE '%,17,%' OR `cid` LIKE '17,%' OR `cid` LIKE '%,17' OR `cid` = '17' )  [ RunTime:0.0003s ]

[ 2016-09-01T15:18:15+08:00 ] ::1 /thinkphp-cms/index.php/v1/index/category?cid=29
INFO: [ app_init ] --START--
INFO: Run Behavior\BuildLiteBehavior [ RunTime:0.000007s ]
INFO: [ app_init ] --END-- [ RunTime:0.000192s ]
INFO: [ app_begin ] --START--
INFO: Run Behavior\ReadHtmlCacheBehavior [ RunTime:0.000359s ]
INFO: [ app_begin ] --END-- [ RunTime:0.000390s ]
SQL: SHOW COLUMNS FROM `article` [ RunTime:0.0037s ]
SQL: SELECT * FROM `article` WHERE ( `cid` LIKE '%,29,%' OR `cid` LIKE '29,%' OR `cid` LIKE '%,29' OR `cid` = '29' )  [ RunTime:0.0003s ]

[ 2016-09-01T15:18:18+08:00 ] ::1 /thinkphp-cms/index.php/v1/index/index?cid=15&num=0%2C9
INFO: [ app_init ] --START--
INFO: Run Behavior\BuildLiteBehavior [ RunTime:0.000013s ]
INFO: [ app_init ] --END-- [ RunTime:0.000420s ]
INFO: [ app_begin ] --START--
INFO: Run Behavior\ReadHtmlCacheBehavior [ RunTime:0.000477s ]
INFO: [ app_begin ] --END-- [ RunTime:0.000537s ]
SQL: SHOW COLUMNS FROM `article` [ RunTime:0.0023s ]
SQL: SELECT `aid`,`title`,`author`,`keywords`,`content`,`description`,`cid` FROM `article` WHERE ( `cid` LIKE '%,15,%' OR `cid` LIKE '15,%' OR `cid` LIKE '%,15' OR `cid` = '15' ) ORDER BY aid desc LIMIT 4   [ RunTime:0.0004s ]
SQL: SELECT `aid`,`title`,`author`,`keywords`,`addtime`,`click`,`description`,`content`,`cid` FROM `article` WHERE ( `cid` NOT LIKE '%,15,%' AND `cid` NOT LIKE '15,%' AND `cid` NOT LIKE '%,15' AND `cid` NOT LIKE '15'  ) ORDER BY aid desc LIMIT 0,9   [ RunTime:0.0003s ]

[ 2016-09-01T15:18:19+08:00 ] ::1 /thinkphp-cms/index.php/v1/index/category?cid=18
INFO: [ app_init ] --START--
INFO: Run Behavior\BuildLiteBehavior [ RunTime:0.000012s ]
INFO: [ app_init ] --END-- [ RunTime:0.000347s ]
INFO: [ app_begin ] --START--
INFO: Run Behavior\ReadHtmlCacheBehavior [ RunTime:0.000451s ]
INFO: [ app_begin ] --END-- [ RunTime:0.000562s ]
SQL: SHOW COLUMNS FROM `article` [ RunTime:0.0014s ]
SQL: SELECT * FROM `article` WHERE ( `cid` LIKE '%,18,%' OR `cid` LIKE '18,%' OR `cid` LIKE '%,18' OR `cid` = '18' )  [ RunTime:0.0003s ]

[ 2016-09-01T15:18:22+08:00 ] ::1 /thinkphp-cms/index.php/v1/index/single?aid=29
INFO: [ app_init ] --START--
INFO: Run Behavior\BuildLiteBehavior [ RunTime:0.000016s ]
INFO: [ app_init ] --END-- [ RunTime:0.002583s ]
INFO: [ app_begin ] --START--
INFO: Run Behavior\ReadHtmlCacheBehavior [ RunTime:0.000818s ]
INFO: [ app_begin ] --END-- [ RunTime:0.000866s ]
SQL: SHOW COLUMNS FROM `article` [ RunTime:0.0023s ]
SQL: SELECT * FROM `article` WHERE ( aid=29 )  [ RunTime:0.0003s ]

[ 2016-09-01T15:18:22+08:00 ] ::1 /thinkphp-cms/index.php/v1/comment/list?artid=29
INFO: [ app_init ] --START--
INFO: Run Behavior\BuildLiteBehavior [ RunTime:0.000011s ]
INFO: [ app_init ] --END-- [ RunTime:0.000293s ]
INFO: [ app_begin ] --START--
INFO: Run Behavior\ReadHtmlCacheBehavior [ RunTime:0.000664s ]
INFO: [ app_begin ] --END-- [ RunTime:0.001031s ]
SQL: SHOW COLUMNS FROM `comment` [ RunTime:0.0021s ]
SQL: SELECT `cid`,`pid`,`artid`,`username`,`content` FROM `comment` WHERE ( artid=29 )  [ RunTime:0.0007s ]
NOTIC: [2] Invalid argument supplied for foreach() /Applications/XAMPP/xamppfiles/htdocs/thinkphp-cms/APP/Home/Controller/CommentController.class.php 第 9 行.

[ 2016-09-01T15:18:27+08:00 ] ::1 /thinkphp-cms/index.php/v1/index/index?cid=15&num=0%2C9
INFO: [ app_init ] --START--
INFO: Run Behavior\BuildLiteBehavior [ RunTime:0.000010s ]
INFO: [ app_init ] --END-- [ RunTime:0.000260s ]
INFO: [ app_begin ] --START--
INFO: Run Behavior\ReadHtmlCacheBehavior [ RunTime:0.000404s ]
INFO: [ app_begin ] --END-- [ RunTime:0.000446s ]
SQL: SHOW COLUMNS FROM `article` [ RunTime:0.0014s ]
SQL: SELECT `aid`,`title`,`author`,`keywords`,`content`,`description`,`cid` FROM `article` WHERE ( `cid` LIKE '%,15,%' OR `cid` LIKE '15,%' OR `cid` LIKE '%,15' OR `cid` = '15' ) ORDER BY aid desc LIMIT 4   [ RunTime:0.0004s ]
SQL: SELECT `aid`,`title`,`author`,`keywords`,`addtime`,`click`,`description`,`content`,`cid` FROM `article` WHERE ( `cid` NOT LIKE '%,15,%' AND `cid` NOT LIKE '15,%' AND `cid` NOT LIKE '%,15' AND `cid` NOT LIKE '15'  ) ORDER BY aid desc LIMIT 0,9   [ RunTime:0.0004s ]

[ 2016-09-01T15:44:31+08:00 ] ::1 /thinkphp-cms/index.php/v1/index/index?cid=15&num=0%2C9
INFO: [ app_init ] --START--
INFO: Run Behavior\BuildLiteBehavior [ RunTime:0.000014s ]
INFO: [ app_init ] --END-- [ RunTime:0.000328s ]
INFO: [ app_begin ] --START--
INFO: Run Behavior\ReadHtmlCacheBehavior [ RunTime:0.000293s ]
INFO: [ app_begin ] --END-- [ RunTime:0.000324s ]
SQL: SHOW COLUMNS FROM `article` [ RunTime:0.0011s ]
SQL: SELECT `aid`,`title`,`author`,`keywords`,`content`,`description`,`cid` FROM `article` WHERE ( `cid` LIKE '%,15,%' OR `cid` LIKE '15,%' OR `cid` LIKE '%,15' OR `cid` = '15' ) ORDER BY aid desc LIMIT 4   [ RunTime:0.0003s ]
SQL: SELECT `aid`,`title`,`author`,`keywords`,`addtime`,`click`,`description`,`content`,`cid` FROM `article` WHERE ( `cid` NOT LIKE '%,15,%' AND `cid` NOT LIKE '15,%' AND `cid` NOT LIKE '%,15' AND `cid` NOT LIKE '15'  ) ORDER BY aid desc LIMIT 0,9   [ RunTime:0.0003s ]

