[ 2016-09-03T18:44:10+08:00 ] ::1 /thinkphp-cms/index.php/v1/index/index?cid=15&num=0%2C9
INFO: [ app_init ] --START--
INFO: Run Behavior\BuildLiteBehavior [ RunTime:0.000012s ]
INFO: [ app_init ] --END-- [ RunTime:0.000670s ]
INFO: [ app_begin ] --START--
INFO: Run Behavior\ReadHtmlCacheBehavior [ RunTime:0.000961s ]
INFO: [ app_begin ] --END-- [ RunTime:0.001013s ]
SQL: SHOW COLUMNS FROM `article` [ RunTime:0.0029s ]
SQL: SELECT `aid`,`title`,`author`,`keywords`,`content`,`description`,`cid` FROM `article` WHERE ( `cid` LIKE '%,15,%' OR `cid` LIKE '15,%' OR `cid` LIKE '%,15' OR `cid` = '15' ) ORDER BY aid desc LIMIT 4   [ RunTime:0.0024s ]
SQL: SELECT `aid`,`title`,`author`,`keywords`,`addtime`,`click`,`description`,`content`,`cid` FROM `article` WHERE ( `cid` NOT LIKE '%,15,%' AND `cid` NOT LIKE '15,%' AND `cid` NOT LIKE '%,15' AND `cid` NOT LIKE '15'  ) ORDER BY aid desc LIMIT 0,9   [ RunTime:0.0018s ]

[ 2016-09-03T18:44:13+08:00 ] ::1 /thinkphp-cms/index.php/v1/index/index?cid=15&num=0%2C9
INFO: [ app_init ] --START--
INFO: Run Behavior\BuildLiteBehavior [ RunTime:0.000042s ]
INFO: [ app_init ] --END-- [ RunTime:0.000755s ]
INFO: [ app_begin ] --START--
INFO: Run Behavior\ReadHtmlCacheBehavior [ RunTime:0.000632s ]
INFO: [ app_begin ] --END-- [ RunTime:0.000678s ]
SQL: SHOW COLUMNS FROM `article` [ RunTime:0.0016s ]
SQL: SELECT `aid`,`title`,`author`,`keywords`,`content`,`description`,`cid` FROM `article` WHERE ( `cid` LIKE '%,15,%' OR `cid` LIKE '15,%' OR `cid` LIKE '%,15' OR `cid` = '15' ) ORDER BY aid desc LIMIT 4   [ RunTime:0.0005s ]
SQL: SELECT `aid`,`title`,`author`,`keywords`,`addtime`,`click`,`description`,`content`,`cid` FROM `article` WHERE ( `cid` NOT LIKE '%,15,%' AND `cid` NOT LIKE '15,%' AND `cid` NOT LIKE '%,15' AND `cid` NOT LIKE '15'  ) ORDER BY aid desc LIMIT 0,9   [ RunTime:0.0005s ]

[ 2016-09-03T18:44:18+08:00 ] ::1 /thinkphp-cms/index.php/v1/index/single?aid=33
INFO: [ app_init ] --START--
INFO: Run Behavior\BuildLiteBehavior [ RunTime:0.000013s ]
INFO: [ app_init ] --END-- [ RunTime:0.000413s ]
INFO: [ app_begin ] --START--
INFO: Run Behavior\ReadHtmlCacheBehavior [ RunTime:0.000375s ]
INFO: [ app_begin ] --END-- [ RunTime:0.000413s ]
SQL: SHOW COLUMNS FROM `article` [ RunTime:0.0017s ]
SQL: SELECT * FROM `article` WHERE ( aid=33 )  [ RunTime:0.0003s ]

[ 2016-09-03T18:44:18+08:00 ] ::1 /thinkphp-cms/index.php/v1/comment/list?artid=33
INFO: [ app_init ] --START--
INFO: Run Behavior\BuildLiteBehavior [ RunTime:0.000029s ]
INFO: [ app_init ] --END-- [ RunTime:0.001082s ]
INFO: [ app_begin ] --START--
INFO: Run Behavior\ReadHtmlCacheBehavior [ RunTime:0.000821s ]
INFO: [ app_begin ] --END-- [ RunTime:0.000871s ]
SQL: SHOW COLUMNS FROM `comment` [ RunTime:0.0026s ]
SQL: SELECT `cid`,`pid`,`artid`,`username`,`content` FROM `comment` WHERE ( artid=33 )  [ RunTime:0.0010s ]
NOTIC: [2] Invalid argument supplied for foreach() /Applications/XAMPP/xamppfiles/htdocs/thinkphp-cms/APP/Home/Controller/CommentController.class.php 第 9 行.

[ 2016-09-03T18:44:24+08:00 ] ::1 /thinkphp-cms/index.php/v1/index/index?cid=15&num=0%2C9
INFO: [ app_init ] --START--
INFO: Run Behavior\BuildLiteBehavior [ RunTime:0.000010s ]
INFO: [ app_init ] --END-- [ RunTime:0.000319s ]
INFO: [ app_begin ] --START--
INFO: Run Behavior\ReadHtmlCacheBehavior [ RunTime:0.000396s ]
INFO: [ app_begin ] --END-- [ RunTime:0.000431s ]
SQL: SHOW COLUMNS FROM `article` [ RunTime:0.0015s ]
SQL: SELECT `aid`,`title`,`author`,`keywords`,`content`,`description`,`cid` FROM `article` WHERE ( `cid` LIKE '%,15,%' OR `cid` LIKE '15,%' OR `cid` LIKE '%,15' OR `cid` = '15' ) ORDER BY aid desc LIMIT 4   [ RunTime:0.0004s ]
SQL: SELECT `aid`,`title`,`author`,`keywords`,`addtime`,`click`,`description`,`content`,`cid` FROM `article` WHERE ( `cid` NOT LIKE '%,15,%' AND `cid` NOT LIKE '15,%' AND `cid` NOT LIKE '%,15' AND `cid` NOT LIKE '15'  ) ORDER BY aid desc LIMIT 0,9   [ RunTime:0.0005s ]

