[ 2016-08-31T12:21:33+08:00 ] ::1 /thinkphp-cms/index.php/v1/index/single?aid=26
INFO: [ app_init ] --START--
INFO: Run Behavior\BuildLiteBehavior [ RunTime:0.000017s ]
INFO: [ app_init ] --END-- [ RunTime:0.001139s ]
INFO: [ app_begin ] --START--
INFO: Run Behavior\ReadHtmlCacheBehavior [ RunTime:0.000798s ]
INFO: [ app_begin ] --END-- [ RunTime:0.000831s ]
SQL: SHOW COLUMNS FROM `article` [ RunTime:0.0163s ]
SQL: SELECT * FROM `article` WHERE ( aid=26 )  [ RunTime:0.0051s ]

[ 2016-08-31T12:21:33+08:00 ] ::1 /thinkphp-cms/index.php/v1/comment/list?artid=26
INFO: [ app_init ] --START--
INFO: Run Behavior\BuildLiteBehavior [ RunTime:0.000017s ]
INFO: [ app_init ] --END-- [ RunTime:0.001100s ]
INFO: [ app_begin ] --START--
INFO: Run Behavior\ReadHtmlCacheBehavior [ RunTime:0.000774s ]
INFO: [ app_begin ] --END-- [ RunTime:0.000811s ]
SQL: SHOW COLUMNS FROM `comment` [ RunTime:0.0023s ]
SQL: SELECT `cid`,`pid`,`artid`,`username`,`content` FROM `comment` WHERE ( artid=26 )  [ RunTime:0.0008s ]

[ 2016-08-31T12:52:51+08:00 ] ::1 /thinkphp-cms/index.php/v1/index/category?cid=30
INFO: [ app_init ] --START--
INFO: Run Behavior\BuildLiteBehavior [ RunTime:0.000021s ]
INFO: [ app_init ] --END-- [ RunTime:0.001035s ]
INFO: [ app_begin ] --START--
INFO: Run Behavior\ReadHtmlCacheBehavior [ RunTime:0.000388s ]
INFO: [ app_begin ] --END-- [ RunTime:0.000421s ]
SQL: SHOW COLUMNS FROM `article` [ RunTime:0.0022s ]
SQL: SELECT * FROM `article` WHERE ( `cid` LIKE '%,30,%' OR `cid` LIKE '30,%' OR `cid` LIKE '%,30' OR `cid` = '30' )  [ RunTime:0.0011s ]

[ 2016-08-31T12:52:54+08:00 ] ::1 /thinkphp-cms/index.php/v1/index/category?cid=31
INFO: [ app_init ] --START--
INFO: Run Behavior\BuildLiteBehavior [ RunTime:0.000007s ]
INFO: [ app_init ] --END-- [ RunTime:0.000251s ]
INFO: [ app_begin ] --START--
INFO: Run Behavior\ReadHtmlCacheBehavior [ RunTime:0.000248s ]
INFO: [ app_begin ] --END-- [ RunTime:0.000272s ]
SQL: SHOW COLUMNS FROM `article` [ RunTime:0.0022s ]
SQL: SELECT * FROM `article` WHERE ( `cid` LIKE '%,31,%' OR `cid` LIKE '31,%' OR `cid` LIKE '%,31' OR `cid` = '31' )  [ RunTime:0.0004s ]

[ 2016-08-31T12:52:59+08:00 ] ::1 /thinkphp-cms/index.php/v1/index/category?cid=31
INFO: [ app_init ] --START--
INFO: Run Behavior\BuildLiteBehavior [ RunTime:0.000016s ]
INFO: [ app_init ] --END-- [ RunTime:0.000444s ]
INFO: [ app_begin ] --START--
INFO: Run Behavior\ReadHtmlCacheBehavior [ RunTime:0.000518s ]
INFO: [ app_begin ] --END-- [ RunTime:0.000576s ]
SQL: SHOW COLUMNS FROM `article` [ RunTime:0.0028s ]
SQL: SELECT * FROM `article` WHERE ( `cid` LIKE '%,31,%' OR `cid` LIKE '31,%' OR `cid` LIKE '%,31' OR `cid` = '31' )  [ RunTime:0.0007s ]

[ 2016-08-31T12:53:00+08:00 ] ::1 /thinkphp-cms/index.php/v1/index/category?cid=32
INFO: [ app_init ] --START--
INFO: Run Behavior\BuildLiteBehavior [ RunTime:0.000013s ]
INFO: [ app_init ] --END-- [ RunTime:0.000397s ]
INFO: [ app_begin ] --START--
INFO: Run Behavior\ReadHtmlCacheBehavior [ RunTime:0.000537s ]
INFO: [ app_begin ] --END-- [ RunTime:0.000589s ]
SQL: SHOW COLUMNS FROM `article` [ RunTime:0.0013s ]
SQL: SELECT * FROM `article` WHERE ( `cid` LIKE '%,32,%' OR `cid` LIKE '32,%' OR `cid` LIKE '%,32' OR `cid` = '32' )  [ RunTime:0.0003s ]

[ 2016-08-31T12:53:08+08:00 ] ::1 /thinkphp-cms/index.php/v1/index/category?cid=30
INFO: [ app_init ] --START--
INFO: Run Behavior\BuildLiteBehavior [ RunTime:0.000012s ]
INFO: [ app_init ] --END-- [ RunTime:0.000399s ]
INFO: [ app_begin ] --START--
INFO: Run Behavior\ReadHtmlCacheBehavior [ RunTime:0.000363s ]
INFO: [ app_begin ] --END-- [ RunTime:0.000396s ]
SQL: SHOW COLUMNS FROM `article` [ RunTime:0.0013s ]
SQL: SELECT * FROM `article` WHERE ( `cid` LIKE '%,30,%' OR `cid` LIKE '30,%' OR `cid` LIKE '%,30' OR `cid` = '30' )  [ RunTime:0.0002s ]

[ 2016-08-31T16:40:33+08:00 ] ::1 /thinkphp-cms/index.php/v1/index/category?cid=30
INFO: [ app_init ] --START--
INFO: Run Behavior\BuildLiteBehavior [ RunTime:0.000017s ]
INFO: [ app_init ] --END-- [ RunTime:0.000645s ]
INFO: [ app_begin ] --START--
INFO: Run Behavior\ReadHtmlCacheBehavior [ RunTime:0.000316s ]
INFO: [ app_begin ] --END-- [ RunTime:0.000347s ]
SQL: SHOW COLUMNS FROM `article` [ RunTime:0.0022s ]
SQL: SELECT * FROM `article` WHERE ( `cid` LIKE '%,30,%' OR `cid` LIKE '30,%' OR `cid` LIKE '%,30' OR `cid` = '30' )  [ RunTime:0.0004s ]

[ 2016-08-31T16:41:36+08:00 ] ::1 /thinkphp-cms/index.php/v1/index/single?aid=26
INFO: [ app_init ] --START--
INFO: Run Behavior\BuildLiteBehavior [ RunTime:0.000016s ]
INFO: [ app_init ] --END-- [ RunTime:0.000383s ]
INFO: [ app_begin ] --START--
INFO: Run Behavior\ReadHtmlCacheBehavior [ RunTime:0.000412s ]
INFO: [ app_begin ] --END-- [ RunTime:0.000455s ]
SQL: SHOW COLUMNS FROM `article` [ RunTime:0.0021s ]
SQL: SELECT * FROM `article` WHERE ( aid=26 )  [ RunTime:0.0003s ]

[ 2016-08-31T16:41:36+08:00 ] ::1 /thinkphp-cms/index.php/v1/comment/list?artid=26
INFO: [ app_init ] --START--
INFO: Run Behavior\BuildLiteBehavior [ RunTime:0.000016s ]
INFO: [ app_init ] --END-- [ RunTime:0.000430s ]
INFO: [ app_begin ] --START--
INFO: Run Behavior\ReadHtmlCacheBehavior [ RunTime:0.000407s ]
INFO: [ app_begin ] --END-- [ RunTime:0.000443s ]
SQL: SHOW COLUMNS FROM `comment` [ RunTime:0.0022s ]
SQL: SELECT `cid`,`pid`,`artid`,`username`,`content` FROM `comment` WHERE ( artid=26 )  [ RunTime:0.0004s ]

[ 2016-08-31T16:53:14+08:00 ] ::1 /thinkphp-cms/index.php/v1/index/category?cid=30
INFO: [ app_init ] --START--
INFO: Run Behavior\BuildLiteBehavior [ RunTime:0.000014s ]
INFO: [ app_init ] --END-- [ RunTime:0.000323s ]
INFO: [ app_begin ] --START--
INFO: Run Behavior\ReadHtmlCacheBehavior [ RunTime:0.000300s ]
INFO: [ app_begin ] --END-- [ RunTime:0.000324s ]
SQL: SHOW COLUMNS FROM `article` [ RunTime:0.0022s ]
SQL: SELECT * FROM `article` WHERE ( `cid` LIKE '%,30,%' OR `cid` LIKE '30,%' OR `cid` LIKE '%,30' OR `cid` = '30' )  [ RunTime:0.0007s ]

[ 2016-08-31T16:53:48+08:00 ] ::1 /thinkphp-cms/index.php/v1/index/category?cid=29
INFO: [ app_init ] --START--
INFO: Run Behavior\BuildLiteBehavior [ RunTime:0.000017s ]
INFO: [ app_init ] --END-- [ RunTime:0.000428s ]
INFO: [ app_begin ] --START--
INFO: Run Behavior\ReadHtmlCacheBehavior [ RunTime:0.000505s ]
INFO: [ app_begin ] --END-- [ RunTime:0.000580s ]
SQL: SHOW COLUMNS FROM `article` [ RunTime:0.0015s ]
SQL: SELECT * FROM `article` WHERE ( `cid` LIKE '%,29,%' OR `cid` LIKE '29,%' OR `cid` LIKE '%,29' OR `cid` = '29' )  [ RunTime:0.0003s ]

[ 2016-08-31T16:53:56+08:00 ] ::1 /thinkphp-cms/index.php/v1/index/category?cid=30
INFO: [ app_init ] --START--
INFO: Run Behavior\BuildLiteBehavior [ RunTime:0.000008s ]
INFO: [ app_init ] --END-- [ RunTime:0.000200s ]
INFO: [ app_begin ] --START--
INFO: Run Behavior\ReadHtmlCacheBehavior [ RunTime:0.000438s ]
INFO: [ app_begin ] --END-- [ RunTime:0.000487s ]
SQL: SHOW COLUMNS FROM `article` [ RunTime:0.0020s ]
SQL: SELECT * FROM `article` WHERE ( `cid` LIKE '%,30,%' OR `cid` LIKE '30,%' OR `cid` LIKE '%,30' OR `cid` = '30' )  [ RunTime:0.0004s ]

[ 2016-08-31T16:53:57+08:00 ] ::1 /thinkphp-cms/index.php/v1/index/single?aid=26
INFO: [ app_init ] --START--
INFO: Run Behavior\BuildLiteBehavior [ RunTime:0.000011s ]
INFO: [ app_init ] --END-- [ RunTime:0.000292s ]
INFO: [ app_begin ] --START--
INFO: Run Behavior\ReadHtmlCacheBehavior [ RunTime:0.000372s ]
INFO: [ app_begin ] --END-- [ RunTime:0.000764s ]
SQL: SHOW COLUMNS FROM `article` [ RunTime:0.0014s ]
SQL: SELECT * FROM `article` WHERE ( aid=26 )  [ RunTime:0.0004s ]

[ 2016-08-31T16:53:57+08:00 ] ::1 /thinkphp-cms/index.php/v1/comment/list?artid=26
INFO: [ app_init ] --START--
INFO: Run Behavior\BuildLiteBehavior [ RunTime:0.000015s ]
INFO: [ app_init ] --END-- [ RunTime:0.000929s ]
INFO: [ app_begin ] --START--
INFO: Run Behavior\ReadHtmlCacheBehavior [ RunTime:0.000365s ]
INFO: [ app_begin ] --END-- [ RunTime:0.000406s ]
SQL: SHOW COLUMNS FROM `comment` [ RunTime:0.0016s ]
SQL: SELECT `cid`,`pid`,`artid`,`username`,`content` FROM `comment` WHERE ( artid=26 )  [ RunTime:0.0007s ]

[ 2016-08-31T16:54:05+08:00 ] ::1 /thinkphp-cms/index.php/v1/comment/add
INFO: [ app_init ] --START--
INFO: Run Behavior\BuildLiteBehavior [ RunTime:0.000006s ]
INFO: [ app_init ] --END-- [ RunTime:0.000168s ]
INFO: [ app_begin ] --START--
INFO: Run Behavior\ReadHtmlCacheBehavior [ RunTime:0.000205s ]
INFO: [ app_begin ] --END-- [ RunTime:0.000223s ]
SQL: SHOW COLUMNS FROM `comment` [ RunTime:0.0013s ]
SQL: INSERT INTO `comment` (`pid`,`content`,`artid`,`username`) VALUES ('0','gdfgdfg','26','sdasd') [ RunTime:0.0054s ]

[ 2016-08-31T16:54:15+08:00 ] ::1 /thinkphp-cms/index.php/v1/comment/add
INFO: [ app_init ] --START--
INFO: Run Behavior\BuildLiteBehavior [ RunTime:0.000043s ]
INFO: [ app_init ] --END-- [ RunTime:0.000452s ]
INFO: [ app_begin ] --START--
INFO: Run Behavior\ReadHtmlCacheBehavior [ RunTime:0.000403s ]
INFO: [ app_begin ] --END-- [ RunTime:0.000441s ]
SQL: SHOW COLUMNS FROM `comment` [ RunTime:0.0019s ]
SQL: INSERT INTO `comment` (`pid`,`content`,`artid`,`username`) VALUES ('26','hjghjgh','26','dsdas') [ RunTime:0.0013s ]

[ 2016-08-31T16:55:13+08:00 ] ::1 /thinkphp-cms/index.php/v1/index/index?cid=15&num=0%2C9
INFO: [ app_init ] --START--
INFO: Run Behavior\BuildLiteBehavior [ RunTime:0.000012s ]
INFO: [ app_init ] --END-- [ RunTime:0.000333s ]
INFO: [ app_begin ] --START--
INFO: Run Behavior\ReadHtmlCacheBehavior [ RunTime:0.000445s ]
INFO: [ app_begin ] --END-- [ RunTime:0.000489s ]
SQL: SHOW COLUMNS FROM `article` [ RunTime:0.0022s ]
SQL: SELECT `aid`,`title`,`author`,`keywords`,`content`,`description`,`cid` FROM `article` WHERE ( `cid` LIKE '%,15,%' OR `cid` LIKE '15,%' OR `cid` LIKE '%,15' OR `cid` = '15' ) ORDER BY aid desc LIMIT 4   [ RunTime:0.0007s ]
SQL: SELECT `aid`,`title`,`author`,`keywords`,`addtime`,`click`,`description`,`content`,`cid` FROM `article` WHERE ( `cid` NOT LIKE '%,15,%' AND `cid` NOT LIKE '15,%' AND `cid` NOT LIKE '%,15' AND `cid` NOT LIKE '15'  ) ORDER BY aid desc LIMIT 0,9   [ RunTime:0.0003s ]

[ 2016-08-31T16:55:24+08:00 ] ::1 /thinkphp-cms/index.php/v1/index/single?aid=33
INFO: [ app_init ] --START--
INFO: Run Behavior\BuildLiteBehavior [ RunTime:0.000010s ]
INFO: [ app_init ] --END-- [ RunTime:0.000221s ]
INFO: [ app_begin ] --START--
INFO: Run Behavior\ReadHtmlCacheBehavior [ RunTime:0.000237s ]
INFO: [ app_begin ] --END-- [ RunTime:0.000260s ]
SQL: SHOW COLUMNS FROM `article` [ RunTime:0.0017s ]
SQL: SELECT * FROM `article` WHERE ( aid=33 )  [ RunTime:0.0005s ]

[ 2016-08-31T16:55:24+08:00 ] ::1 /thinkphp-cms/index.php/v1/comment/list?artid=33
INFO: [ app_init ] --START--
INFO: Run Behavior\BuildLiteBehavior [ RunTime:0.000008s ]
INFO: [ app_init ] --END-- [ RunTime:0.000244s ]
INFO: [ app_begin ] --START--
INFO: Run Behavior\ReadHtmlCacheBehavior [ RunTime:0.000373s ]
INFO: [ app_begin ] --END-- [ RunTime:0.000411s ]
SQL: SHOW COLUMNS FROM `comment` [ RunTime:0.0012s ]
SQL: SELECT `cid`,`pid`,`artid`,`username`,`content` FROM `comment` WHERE ( artid=33 )  [ RunTime:0.0002s ]
NOTIC: [2] Invalid argument supplied for foreach() /Applications/XAMPP/xamppfiles/htdocs/thinkphp-cms/APP/Home/Controller/CommentController.class.php 第 9 行.

[ 2016-08-31T16:55:32+08:00 ] ::1 /thinkphp-cms/index.php/v1/index/index?cid=15&num=0%2C9
INFO: [ app_init ] --START--
INFO: Run Behavior\BuildLiteBehavior [ RunTime:0.000010s ]
INFO: [ app_init ] --END-- [ RunTime:0.000239s ]
INFO: [ app_begin ] --START--
INFO: Run Behavior\ReadHtmlCacheBehavior [ RunTime:0.000243s ]
INFO: [ app_begin ] --END-- [ RunTime:0.000265s ]
SQL: SHOW COLUMNS FROM `article` [ RunTime:0.0016s ]
SQL: SELECT `aid`,`title`,`author`,`keywords`,`content`,`description`,`cid` FROM `article` WHERE ( `cid` LIKE '%,15,%' OR `cid` LIKE '15,%' OR `cid` LIKE '%,15' OR `cid` = '15' ) ORDER BY aid desc LIMIT 4   [ RunTime:0.0005s ]
SQL: SELECT `aid`,`title`,`author`,`keywords`,`addtime`,`click`,`description`,`content`,`cid` FROM `article` WHERE ( `cid` NOT LIKE '%,15,%' AND `cid` NOT LIKE '15,%' AND `cid` NOT LIKE '%,15' AND `cid` NOT LIKE '15'  ) ORDER BY aid desc LIMIT 0,9   [ RunTime:0.0023s ]

[ 2016-08-31T16:55:52+08:00 ] ::1 /thinkphp-cms/index.php/v1/index/single?aid=31
INFO: [ app_init ] --START--
INFO: Run Behavior\BuildLiteBehavior [ RunTime:0.000011s ]
INFO: [ app_init ] --END-- [ RunTime:0.000301s ]
INFO: [ app_begin ] --START--
INFO: Run Behavior\ReadHtmlCacheBehavior [ RunTime:0.000439s ]
INFO: [ app_begin ] --END-- [ RunTime:0.000475s ]
SQL: SHOW COLUMNS FROM `article` [ RunTime:0.0019s ]
SQL: SELECT * FROM `article` WHERE ( aid=31 )  [ RunTime:0.0012s ]

[ 2016-08-31T16:55:52+08:00 ] ::1 /thinkphp-cms/index.php/v1/comment/list?artid=31
INFO: [ app_init ] --START--
INFO: Run Behavior\BuildLiteBehavior [ RunTime:0.000019s ]
INFO: [ app_init ] --END-- [ RunTime:0.000379s ]
INFO: [ app_begin ] --START--
INFO: Run Behavior\ReadHtmlCacheBehavior [ RunTime:0.000638s ]
INFO: [ app_begin ] --END-- [ RunTime:0.000721s ]
SQL: SHOW COLUMNS FROM `comment` [ RunTime:0.0016s ]
SQL: SELECT `cid`,`pid`,`artid`,`username`,`content` FROM `comment` WHERE ( artid=31 )  [ RunTime:0.0002s ]
NOTIC: [2] Invalid argument supplied for foreach() /Applications/XAMPP/xamppfiles/htdocs/thinkphp-cms/APP/Home/Controller/CommentController.class.php 第 9 行.

[ 2016-08-31T16:59:42+08:00 ] ::1 /thinkphp-cms/index.php/v1/index/category?cid=29
INFO: [ app_init ] --START--
INFO: Run Behavior\BuildLiteBehavior [ RunTime:0.000013s ]
INFO: [ app_init ] --END-- [ RunTime:0.000345s ]
INFO: [ app_begin ] --START--
INFO: Run Behavior\ReadHtmlCacheBehavior [ RunTime:0.000490s ]
INFO: [ app_begin ] --END-- [ RunTime:0.000542s ]
SQL: SHOW COLUMNS FROM `article` [ RunTime:0.0024s ]
SQL: SELECT * FROM `article` WHERE ( `cid` LIKE '%,29,%' OR `cid` LIKE '29,%' OR `cid` LIKE '%,29' OR `cid` = '29' )  [ RunTime:0.0003s ]

[ 2016-08-31T17:01:34+08:00 ] ::1 /thinkphp-cms/index.php/v1/index/category?cid=29
INFO: [ app_init ] --START--
INFO: Run Behavior\BuildLiteBehavior [ RunTime:0.000010s ]
INFO: [ app_init ] --END-- [ RunTime:0.000240s ]
INFO: [ app_begin ] --START--
INFO: Run Behavior\ReadHtmlCacheBehavior [ RunTime:0.000255s ]
INFO: [ app_begin ] --END-- [ RunTime:0.000279s ]
SQL: SHOW COLUMNS FROM `article` [ RunTime:0.0021s ]
SQL: SELECT * FROM `article` WHERE ( `cid` LIKE '%,29,%' OR `cid` LIKE '29,%' OR `cid` LIKE '%,29' OR `cid` = '29' )  [ RunTime:0.0005s ]

[ 2016-08-31T17:01:37+08:00 ] ::1 /thinkphp-cms/index.php/v1/index/category?cid=30
INFO: [ app_init ] --START--
INFO: Run Behavior\BuildLiteBehavior [ RunTime:0.000010s ]
INFO: [ app_init ] --END-- [ RunTime:0.000354s ]
INFO: [ app_begin ] --START--
INFO: Run Behavior\ReadHtmlCacheBehavior [ RunTime:0.000631s ]
INFO: [ app_begin ] --END-- [ RunTime:0.000673s ]
SQL: SHOW COLUMNS FROM `article` [ RunTime:0.0021s ]
SQL: SELECT * FROM `article` WHERE ( `cid` LIKE '%,30,%' OR `cid` LIKE '30,%' OR `cid` LIKE '%,30' OR `cid` = '30' )  [ RunTime:0.0003s ]

[ 2016-08-31T17:02:02+08:00 ] ::1 /thinkphp-cms/index.php/v1/index/category?cid=30
INFO: [ app_init ] --START--
INFO: Run Behavior\BuildLiteBehavior [ RunTime:0.000010s ]
INFO: [ app_init ] --END-- [ RunTime:0.000316s ]
INFO: [ app_begin ] --START--
INFO: Run Behavior\ReadHtmlCacheBehavior [ RunTime:0.000657s ]
INFO: [ app_begin ] --END-- [ RunTime:0.000699s ]
SQL: SHOW COLUMNS FROM `article` [ RunTime:0.0019s ]
SQL: SELECT * FROM `article` WHERE ( `cid` LIKE '%,30,%' OR `cid` LIKE '30,%' OR `cid` LIKE '%,30' OR `cid` = '30' )  [ RunTime:0.0004s ]

[ 2016-08-31T17:04:31+08:00 ] ::1 /thinkphp-cms/index.php/v1/index/category?cid=30
INFO: [ app_init ] --START--
INFO: Run Behavior\BuildLiteBehavior [ RunTime:0.000012s ]
INFO: [ app_init ] --END-- [ RunTime:0.000345s ]
INFO: [ app_begin ] --START--
INFO: Run Behavior\ReadHtmlCacheBehavior [ RunTime:0.000599s ]
INFO: [ app_begin ] --END-- [ RunTime:0.000642s ]
SQL: SHOW COLUMNS FROM `article` [ RunTime:0.0018s ]
SQL: SELECT * FROM `article` WHERE ( `cid` LIKE '%,30,%' OR `cid` LIKE '30,%' OR `cid` LIKE '%,30' OR `cid` = '30' )  [ RunTime:0.0005s ]

[ 2016-08-31T17:05:09+08:00 ] ::1 /thinkphp-cms/index.php/v1/index/category?cid=30
INFO: [ app_init ] --START--
INFO: Run Behavior\BuildLiteBehavior [ RunTime:0.000011s ]
INFO: [ app_init ] --END-- [ RunTime:0.000960s ]
INFO: [ app_begin ] --START--
INFO: Run Behavior\ReadHtmlCacheBehavior [ RunTime:0.000547s ]
INFO: [ app_begin ] --END-- [ RunTime:0.000603s ]
SQL: SHOW COLUMNS FROM `article` [ RunTime:0.0018s ]
SQL: SELECT * FROM `article` WHERE ( `cid` LIKE '%,30,%' OR `cid` LIKE '30,%' OR `cid` LIKE '%,30' OR `cid` = '30' )  [ RunTime:0.0009s ]

[ 2016-08-31T17:05:19+08:00 ] ::1 /thinkphp-cms/index.php/v1/index/category?cid=30
INFO: [ app_init ] --START--
INFO: Run Behavior\BuildLiteBehavior [ RunTime:0.000017s ]
INFO: [ app_init ] --END-- [ RunTime:0.000380s ]
INFO: [ app_begin ] --START--
INFO: Run Behavior\ReadHtmlCacheBehavior [ RunTime:0.000473s ]
INFO: [ app_begin ] --END-- [ RunTime:0.000521s ]
SQL: SHOW COLUMNS FROM `article` [ RunTime:0.0021s ]
SQL: SELECT * FROM `article` WHERE ( `cid` LIKE '%,30,%' OR `cid` LIKE '30,%' OR `cid` LIKE '%,30' OR `cid` = '30' )  [ RunTime:0.0008s ]

[ 2016-08-31T17:05:35+08:00 ] ::1 /thinkphp-cms/index.php/v1/index/category?cid=30
INFO: [ app_init ] --START--
INFO: Run Behavior\BuildLiteBehavior [ RunTime:0.000012s ]
INFO: [ app_init ] --END-- [ RunTime:0.000329s ]
INFO: [ app_begin ] --START--
INFO: Run Behavior\ReadHtmlCacheBehavior [ RunTime:0.000505s ]
INFO: [ app_begin ] --END-- [ RunTime:0.000561s ]
SQL: SHOW COLUMNS FROM `article` [ RunTime:0.0018s ]
SQL: SELECT * FROM `article` WHERE ( `cid` LIKE '%,30,%' OR `cid` LIKE '30,%' OR `cid` LIKE '%,30' OR `cid` = '30' )  [ RunTime:0.0004s ]

[ 2016-08-31T17:05:45+08:00 ] ::1 /thinkphp-cms/index.php/v1/index/category?cid=30
INFO: [ app_init ] --START--
INFO: Run Behavior\BuildLiteBehavior [ RunTime:0.000016s ]
INFO: [ app_init ] --END-- [ RunTime:0.000376s ]
INFO: [ app_begin ] --START--
INFO: Run Behavior\ReadHtmlCacheBehavior [ RunTime:0.000429s ]
INFO: [ app_begin ] --END-- [ RunTime:0.000471s ]
SQL: SHOW COLUMNS FROM `article` [ RunTime:0.0013s ]
SQL: SELECT * FROM `article` WHERE ( `cid` LIKE '%,30,%' OR `cid` LIKE '30,%' OR `cid` LIKE '%,30' OR `cid` = '30' )  [ RunTime:0.0006s ]

[ 2016-08-31T17:06:10+08:00 ] ::1 /thinkphp-cms/index.php/v1/index/category?cid=30
INFO: [ app_init ] --START--
INFO: Run Behavior\BuildLiteBehavior [ RunTime:0.000013s ]
INFO: [ app_init ] --END-- [ RunTime:0.000357s ]
INFO: [ app_begin ] --START--
INFO: Run Behavior\ReadHtmlCacheBehavior [ RunTime:0.000435s ]
INFO: [ app_begin ] --END-- [ RunTime:0.000471s ]
SQL: SHOW COLUMNS FROM `article` [ RunTime:0.0018s ]
SQL: SELECT * FROM `article` WHERE ( `cid` LIKE '%,30,%' OR `cid` LIKE '30,%' OR `cid` LIKE '%,30' OR `cid` = '30' )  [ RunTime:0.0008s ]

[ 2016-08-31T17:06:24+08:00 ] ::1 /thinkphp-cms/index.php/v1/index/category?cid=30
INFO: [ app_init ] --START--
INFO: Run Behavior\BuildLiteBehavior [ RunTime:0.000010s ]
INFO: [ app_init ] --END-- [ RunTime:0.000259s ]
INFO: [ app_begin ] --START--
INFO: Run Behavior\ReadHtmlCacheBehavior [ RunTime:0.000375s ]
INFO: [ app_begin ] --END-- [ RunTime:0.000409s ]
SQL: SHOW COLUMNS FROM `article` [ RunTime:0.0022s ]
SQL: SELECT * FROM `article` WHERE ( `cid` LIKE '%,30,%' OR `cid` LIKE '30,%' OR `cid` LIKE '%,30' OR `cid` = '30' )  [ RunTime:0.0005s ]

[ 2016-08-31T17:06:52+08:00 ] ::1 /thinkphp-cms/index.php/v1/index/category?cid=29
INFO: [ app_init ] --START--
INFO: Run Behavior\BuildLiteBehavior [ RunTime:0.000012s ]
INFO: [ app_init ] --END-- [ RunTime:0.000335s ]
INFO: [ app_begin ] --START--
INFO: Run Behavior\ReadHtmlCacheBehavior [ RunTime:0.000350s ]
INFO: [ app_begin ] --END-- [ RunTime:0.000392s ]
SQL: SHOW COLUMNS FROM `article` [ RunTime:0.0018s ]
SQL: SELECT * FROM `article` WHERE ( `cid` LIKE '%,29,%' OR `cid` LIKE '29,%' OR `cid` LIKE '%,29' OR `cid` = '29' )  [ RunTime:0.0003s ]

[ 2016-08-31T17:07:54+08:00 ] ::1 /thinkphp-cms/index.php/v1/index/category?cid=29
INFO: [ app_init ] --START--
INFO: Run Behavior\BuildLiteBehavior [ RunTime:0.000009s ]
INFO: [ app_init ] --END-- [ RunTime:0.000243s ]
INFO: [ app_begin ] --START--
INFO: Run Behavior\ReadHtmlCacheBehavior [ RunTime:0.000266s ]
INFO: [ app_begin ] --END-- [ RunTime:0.000292s ]
SQL: SHOW COLUMNS FROM `article` [ RunTime:0.0024s ]
SQL: SELECT * FROM `article` WHERE ( `cid` LIKE '%,29,%' OR `cid` LIKE '29,%' OR `cid` LIKE '%,29' OR `cid` = '29' )  [ RunTime:0.0002s ]

[ 2016-08-31T17:08:06+08:00 ] ::1 /thinkphp-cms/index.php/v1/index/category?cid=29
INFO: [ app_init ] --START--
INFO: Run Behavior\BuildLiteBehavior [ RunTime:0.000023s ]
INFO: [ app_init ] --END-- [ RunTime:0.000463s ]
INFO: [ app_begin ] --START--
INFO: Run Behavior\ReadHtmlCacheBehavior [ RunTime:0.000413s ]
INFO: [ app_begin ] --END-- [ RunTime:0.000471s ]
SQL: SHOW COLUMNS FROM `article` [ RunTime:0.0020s ]
SQL: SELECT * FROM `article` WHERE ( `cid` LIKE '%,29,%' OR `cid` LIKE '29,%' OR `cid` LIKE '%,29' OR `cid` = '29' )  [ RunTime:0.0003s ]

[ 2016-08-31T17:08:50+08:00 ] ::1 /thinkphp-cms/index.php/v1/index/category?cid=29
INFO: [ app_init ] --START--
INFO: Run Behavior\BuildLiteBehavior [ RunTime:0.000015s ]
INFO: [ app_init ] --END-- [ RunTime:0.000416s ]
INFO: [ app_begin ] --START--
INFO: Run Behavior\ReadHtmlCacheBehavior [ RunTime:0.000635s ]
INFO: [ app_begin ] --END-- [ RunTime:0.000683s ]
SQL: SHOW COLUMNS FROM `article` [ RunTime:0.0024s ]
SQL: SELECT * FROM `article` WHERE ( `cid` LIKE '%,29,%' OR `cid` LIKE '29,%' OR `cid` LIKE '%,29' OR `cid` = '29' )  [ RunTime:0.0007s ]

[ 2016-08-31T17:10:10+08:00 ] ::1 /thinkphp-cms/index.php/v1/index/category?cid=29
INFO: [ app_init ] --START--
INFO: Run Behavior\BuildLiteBehavior [ RunTime:0.000011s ]
INFO: [ app_init ] --END-- [ RunTime:0.000386s ]
INFO: [ app_begin ] --START--
INFO: Run Behavior\ReadHtmlCacheBehavior [ RunTime:0.000513s ]
INFO: [ app_begin ] --END-- [ RunTime:0.000564s ]
SQL: SHOW COLUMNS FROM `article` [ RunTime:0.0021s ]
SQL: SELECT * FROM `article` WHERE ( `cid` LIKE '%,29,%' OR `cid` LIKE '29,%' OR `cid` LIKE '%,29' OR `cid` = '29' )  [ RunTime:0.0002s ]

[ 2016-08-31T17:10:22+08:00 ] ::1 /thinkphp-cms/index.php/v1/index/category?cid=29
INFO: [ app_init ] --START--
INFO: Run Behavior\BuildLiteBehavior [ RunTime:0.000020s ]
INFO: [ app_init ] --END-- [ RunTime:0.000316s ]
INFO: [ app_begin ] --START--
INFO: Run Behavior\ReadHtmlCacheBehavior [ RunTime:0.000394s ]
INFO: [ app_begin ] --END-- [ RunTime:0.000430s ]
SQL: SHOW COLUMNS FROM `article` [ RunTime:0.0029s ]
SQL: SELECT * FROM `article` WHERE ( `cid` LIKE '%,29,%' OR `cid` LIKE '29,%' OR `cid` LIKE '%,29' OR `cid` = '29' )  [ RunTime:0.0004s ]

[ 2016-08-31T17:10:25+08:00 ] ::1 /thinkphp-cms/index.php/v1/index/category?cid=29
INFO: [ app_init ] --START--
INFO: Run Behavior\BuildLiteBehavior [ RunTime:0.000011s ]
INFO: [ app_init ] --END-- [ RunTime:0.000333s ]
INFO: [ app_begin ] --START--
INFO: Run Behavior\ReadHtmlCacheBehavior [ RunTime:0.000299s ]
INFO: [ app_begin ] --END-- [ RunTime:0.000330s ]
SQL: SHOW COLUMNS FROM `article` [ RunTime:0.0019s ]
SQL: SELECT * FROM `article` WHERE ( `cid` LIKE '%,29,%' OR `cid` LIKE '29,%' OR `cid` LIKE '%,29' OR `cid` = '29' )  [ RunTime:0.0003s ]

[ 2016-08-31T17:10:31+08:00 ] ::1 /thinkphp-cms/index.php/v1/index/category?cid=29
INFO: [ app_init ] --START--
INFO: Run Behavior\BuildLiteBehavior [ RunTime:0.000013s ]
INFO: [ app_init ] --END-- [ RunTime:0.000309s ]
INFO: [ app_begin ] --START--
INFO: Run Behavior\ReadHtmlCacheBehavior [ RunTime:0.000383s ]
INFO: [ app_begin ] --END-- [ RunTime:0.000424s ]
SQL: SHOW COLUMNS FROM `article` [ RunTime:0.0020s ]
SQL: SELECT * FROM `article` WHERE ( `cid` LIKE '%,29,%' OR `cid` LIKE '29,%' OR `cid` LIKE '%,29' OR `cid` = '29' )  [ RunTime:0.0004s ]

[ 2016-08-31T17:10:35+08:00 ] ::1 /thinkphp-cms/index.php/v1/index/category?cid=30
INFO: [ app_init ] --START--
INFO: Run Behavior\BuildLiteBehavior [ RunTime:0.000013s ]
INFO: [ app_init ] --END-- [ RunTime:0.000324s ]
INFO: [ app_begin ] --START--
INFO: Run Behavior\ReadHtmlCacheBehavior [ RunTime:0.000631s ]
INFO: [ app_begin ] --END-- [ RunTime:0.000750s ]
SQL: SHOW COLUMNS FROM `article` [ RunTime:0.0022s ]
SQL: SELECT * FROM `article` WHERE ( `cid` LIKE '%,30,%' OR `cid` LIKE '30,%' OR `cid` LIKE '%,30' OR `cid` = '30' )  [ RunTime:0.0004s ]

[ 2016-08-31T17:10:54+08:00 ] ::1 /thinkphp-cms/index.php/v1/index/category?cid=30
INFO: [ app_init ] --START--
INFO: Run Behavior\BuildLiteBehavior [ RunTime:0.000019s ]
INFO: [ app_init ] --END-- [ RunTime:0.000613s ]
INFO: [ app_begin ] --START--
INFO: Run Behavior\ReadHtmlCacheBehavior [ RunTime:0.000663s ]
INFO: [ app_begin ] --END-- [ RunTime:0.000720s ]
SQL: SHOW COLUMNS FROM `article` [ RunTime:0.0018s ]
SQL: SELECT * FROM `article` WHERE ( `cid` LIKE '%,30,%' OR `cid` LIKE '30,%' OR `cid` LIKE '%,30' OR `cid` = '30' )  [ RunTime:0.0003s ]

[ 2016-08-31T17:10:57+08:00 ] ::1 /thinkphp-cms/index.php/v1/index/category?cid=29
INFO: [ app_init ] --START--
INFO: Run Behavior\BuildLiteBehavior [ RunTime:0.000011s ]
INFO: [ app_init ] --END-- [ RunTime:0.000374s ]
INFO: [ app_begin ] --START--
INFO: Run Behavior\ReadHtmlCacheBehavior [ RunTime:0.000400s ]
INFO: [ app_begin ] --END-- [ RunTime:0.000435s ]
SQL: SHOW COLUMNS FROM `article` [ RunTime:0.0018s ]
SQL: SELECT * FROM `article` WHERE ( `cid` LIKE '%,29,%' OR `cid` LIKE '29,%' OR `cid` LIKE '%,29' OR `cid` = '29' )  [ RunTime:0.0004s ]

[ 2016-08-31T17:11:19+08:00 ] ::1 /thinkphp-cms/index.php/v1/index/category?cid=29
INFO: [ app_init ] --START--
INFO: Run Behavior\BuildLiteBehavior [ RunTime:0.000019s ]
INFO: [ app_init ] --END-- [ RunTime:0.000432s ]
INFO: [ app_begin ] --START--
INFO: Run Behavior\ReadHtmlCacheBehavior [ RunTime:0.000446s ]
INFO: [ app_begin ] --END-- [ RunTime:0.000491s ]
SQL: SHOW COLUMNS FROM `article` [ RunTime:0.0028s ]
SQL: SELECT * FROM `article` WHERE ( `cid` LIKE '%,29,%' OR `cid` LIKE '29,%' OR `cid` LIKE '%,29' OR `cid` = '29' )  [ RunTime:0.0005s ]

[ 2016-08-31T17:11:34+08:00 ] ::1 /thinkphp-cms/index.php/v1/index/category?cid=29
INFO: [ app_init ] --START--
INFO: Run Behavior\BuildLiteBehavior [ RunTime:0.000011s ]
INFO: [ app_init ] --END-- [ RunTime:0.000319s ]
INFO: [ app_begin ] --START--
INFO: Run Behavior\ReadHtmlCacheBehavior [ RunTime:0.000428s ]
INFO: [ app_begin ] --END-- [ RunTime:0.000472s ]
SQL: SHOW COLUMNS FROM `article` [ RunTime:0.0035s ]
SQL: SELECT * FROM `article` WHERE ( `cid` LIKE '%,29,%' OR `cid` LIKE '29,%' OR `cid` LIKE '%,29' OR `cid` = '29' )  [ RunTime:0.0005s ]

[ 2016-08-31T17:11:38+08:00 ] ::1 /thinkphp-cms/index.php/v1/index/category?cid=29
INFO: [ app_init ] --START--
INFO: Run Behavior\BuildLiteBehavior [ RunTime:0.000009s ]
INFO: [ app_init ] --END-- [ RunTime:0.000211s ]
INFO: [ app_begin ] --START--
INFO: Run Behavior\ReadHtmlCacheBehavior [ RunTime:0.000272s ]
INFO: [ app_begin ] --END-- [ RunTime:0.000300s ]
SQL: SHOW COLUMNS FROM `article` [ RunTime:0.0022s ]
SQL: SELECT * FROM `article` WHERE ( `cid` LIKE '%,29,%' OR `cid` LIKE '29,%' OR `cid` LIKE '%,29' OR `cid` = '29' )  [ RunTime:0.0003s ]

[ 2016-08-31T17:11:56+08:00 ] ::1 /thinkphp-cms/index.php/v1/index/category?cid=29
INFO: [ app_init ] --START--
INFO: Run Behavior\BuildLiteBehavior [ RunTime:0.000015s ]
INFO: [ app_init ] --END-- [ RunTime:0.000392s ]
INFO: [ app_begin ] --START--
INFO: Run Behavior\ReadHtmlCacheBehavior [ RunTime:0.000387s ]
INFO: [ app_begin ] --END-- [ RunTime:0.000423s ]
SQL: SHOW COLUMNS FROM `article` [ RunTime:0.0017s ]
SQL: SELECT * FROM `article` WHERE ( `cid` LIKE '%,29,%' OR `cid` LIKE '29,%' OR `cid` LIKE '%,29' OR `cid` = '29' )  [ RunTime:0.0004s ]

[ 2016-08-31T17:11:58+08:00 ] ::1 /thinkphp-cms/index.php/v1/index/index?cid=15&num=0%2C9
INFO: [ app_init ] --START--
INFO: Run Behavior\BuildLiteBehavior [ RunTime:0.000011s ]
INFO: [ app_init ] --END-- [ RunTime:0.000319s ]
INFO: [ app_begin ] --START--
INFO: Run Behavior\ReadHtmlCacheBehavior [ RunTime:0.000270s ]
INFO: [ app_begin ] --END-- [ RunTime:0.000297s ]
SQL: SHOW COLUMNS FROM `article` [ RunTime:0.0033s ]
SQL: SELECT `aid`,`title`,`author`,`keywords`,`content`,`description`,`cid` FROM `article` WHERE ( `cid` LIKE '%,15,%' OR `cid` LIKE '15,%' OR `cid` LIKE '%,15' OR `cid` = '15' ) ORDER BY aid desc LIMIT 4   [ RunTime:0.0070s ]
SQL: SELECT `aid`,`title`,`author`,`keywords`,`addtime`,`click`,`description`,`content`,`cid` FROM `article` WHERE ( `cid` NOT LIKE '%,15,%' AND `cid` NOT LIKE '15,%' AND `cid` NOT LIKE '%,15' AND `cid` NOT LIKE '15'  ) ORDER BY aid desc LIMIT 0,9   [ RunTime:0.0053s ]

[ 2016-08-31T17:12:25+08:00 ] ::1 /thinkphp-cms/index.php/v1/index/index?cid=15&num=0%2C9
INFO: [ app_init ] --START--
INFO: Run Behavior\BuildLiteBehavior [ RunTime:0.000019s ]
INFO: [ app_init ] --END-- [ RunTime:0.000434s ]
INFO: [ app_begin ] --START--
INFO: Run Behavior\ReadHtmlCacheBehavior [ RunTime:0.000507s ]
INFO: [ app_begin ] --END-- [ RunTime:0.000562s ]
SQL: SHOW COLUMNS FROM `article` [ RunTime:0.0037s ]
SQL: SELECT `aid`,`title`,`author`,`keywords`,`content`,`description`,`cid` FROM `article` WHERE ( `cid` LIKE '%,15,%' OR `cid` LIKE '15,%' OR `cid` LIKE '%,15' OR `cid` = '15' ) ORDER BY aid desc LIMIT 4   [ RunTime:0.0025s ]
SQL: SELECT `aid`,`title`,`author`,`keywords`,`addtime`,`click`,`description`,`content`,`cid` FROM `article` WHERE ( `cid` NOT LIKE '%,15,%' AND `cid` NOT LIKE '15,%' AND `cid` NOT LIKE '%,15' AND `cid` NOT LIKE '15'  ) ORDER BY aid desc LIMIT 0,9   [ RunTime:0.0010s ]

[ 2016-08-31T17:12:29+08:00 ] ::1 /thinkphp-cms/index.php/v1/index/category?cid=29
INFO: [ app_init ] --START--
INFO: Run Behavior\BuildLiteBehavior [ RunTime:0.000012s ]
INFO: [ app_init ] --END-- [ RunTime:0.000359s ]
INFO: [ app_begin ] --START--
INFO: Run Behavior\ReadHtmlCacheBehavior [ RunTime:0.000466s ]
INFO: [ app_begin ] --END-- [ RunTime:0.000517s ]
SQL: SHOW COLUMNS FROM `article` [ RunTime:0.0017s ]
SQL: SELECT * FROM `article` WHERE ( `cid` LIKE '%,29,%' OR `cid` LIKE '29,%' OR `cid` LIKE '%,29' OR `cid` = '29' )  [ RunTime:0.0003s ]

[ 2016-08-31T17:12:30+08:00 ] ::1 /thinkphp-cms/index.php/v1/index/category?cid=30
INFO: [ app_init ] --START--
INFO: Run Behavior\BuildLiteBehavior [ RunTime:0.000013s ]
INFO: [ app_init ] --END-- [ RunTime:0.000550s ]
INFO: [ app_begin ] --START--
INFO: Run Behavior\ReadHtmlCacheBehavior [ RunTime:0.000532s ]
INFO: [ app_begin ] --END-- [ RunTime:0.000576s ]
SQL: SHOW COLUMNS FROM `article` [ RunTime:0.0020s ]
SQL: SELECT * FROM `article` WHERE ( `cid` LIKE '%,30,%' OR `cid` LIKE '30,%' OR `cid` LIKE '%,30' OR `cid` = '30' )  [ RunTime:0.0003s ]

[ 2016-08-31T17:12:32+08:00 ] ::1 /thinkphp-cms/index.php/v1/index/category?cid=31
INFO: [ app_init ] --START--
INFO: Run Behavior\BuildLiteBehavior [ RunTime:0.000013s ]
INFO: [ app_init ] --END-- [ RunTime:0.000355s ]
INFO: [ app_begin ] --START--
INFO: Run Behavior\ReadHtmlCacheBehavior [ RunTime:0.000341s ]
INFO: [ app_begin ] --END-- [ RunTime:0.000373s ]
SQL: SHOW COLUMNS FROM `article` [ RunTime:0.0022s ]
SQL: SELECT * FROM `article` WHERE ( `cid` LIKE '%,31,%' OR `cid` LIKE '31,%' OR `cid` LIKE '%,31' OR `cid` = '31' )  [ RunTime:0.0004s ]

[ 2016-08-31T17:12:33+08:00 ] ::1 /thinkphp-cms/index.php/v1/index/category?cid=32
INFO: [ app_init ] --START--
INFO: Run Behavior\BuildLiteBehavior [ RunTime:0.000013s ]
INFO: [ app_init ] --END-- [ RunTime:0.000368s ]
INFO: [ app_begin ] --START--
INFO: Run Behavior\ReadHtmlCacheBehavior [ RunTime:0.000561s ]
INFO: [ app_begin ] --END-- [ RunTime:0.000609s ]
SQL: SHOW COLUMNS FROM `article` [ RunTime:0.0023s ]
SQL: SELECT * FROM `article` WHERE ( `cid` LIKE '%,32,%' OR `cid` LIKE '32,%' OR `cid` LIKE '%,32' OR `cid` = '32' )  [ RunTime:0.0003s ]

[ 2016-08-31T17:12:34+08:00 ] ::1 /thinkphp-cms/index.php/v1/index/category?cid=33
INFO: [ app_init ] --START--
INFO: Run Behavior\BuildLiteBehavior [ RunTime:0.000011s ]
INFO: [ app_init ] --END-- [ RunTime:0.000466s ]
INFO: [ app_begin ] --START--
INFO: Run Behavior\ReadHtmlCacheBehavior [ RunTime:0.000460s ]
INFO: [ app_begin ] --END-- [ RunTime:0.000502s ]
SQL: SHOW COLUMNS FROM `article` [ RunTime:0.0014s ]
SQL: SELECT * FROM `article` WHERE ( `cid` LIKE '%,33,%' OR `cid` LIKE '33,%' OR `cid` LIKE '%,33' OR `cid` = '33' )  [ RunTime:0.0003s ]

[ 2016-08-31T17:12:38+08:00 ] ::1 /thinkphp-cms/index.php/v1/index/category?cid=29
INFO: [ app_init ] --START--
INFO: Run Behavior\BuildLiteBehavior [ RunTime:0.000017s ]
INFO: [ app_init ] --END-- [ RunTime:0.000484s ]
INFO: [ app_begin ] --START--
INFO: Run Behavior\ReadHtmlCacheBehavior [ RunTime:0.000523s ]
INFO: [ app_begin ] --END-- [ RunTime:0.000584s ]
SQL: SHOW COLUMNS FROM `article` [ RunTime:0.0023s ]
SQL: SELECT * FROM `article` WHERE ( `cid` LIKE '%,29,%' OR `cid` LIKE '29,%' OR `cid` LIKE '%,29' OR `cid` = '29' )  [ RunTime:0.0003s ]

[ 2016-08-31T17:13:47+08:00 ] ::1 /thinkphp-cms/index.php/v1/index/category?cid=29
INFO: [ app_init ] --START--
INFO: Run Behavior\BuildLiteBehavior [ RunTime:0.000011s ]
INFO: [ app_init ] --END-- [ RunTime:0.000341s ]
INFO: [ app_begin ] --START--
INFO: Run Behavior\ReadHtmlCacheBehavior [ RunTime:0.000665s ]
INFO: [ app_begin ] --END-- [ RunTime:0.000717s ]
SQL: SHOW COLUMNS FROM `article` [ RunTime:0.0018s ]
SQL: SELECT * FROM `article` WHERE ( `cid` LIKE '%,29,%' OR `cid` LIKE '29,%' OR `cid` LIKE '%,29' OR `cid` = '29' )  [ RunTime:0.0003s ]

[ 2016-08-31T17:13:50+08:00 ] ::1 /thinkphp-cms/index.php/v1/index/index?cid=15&num=0%2C9
INFO: [ app_init ] --START--
INFO: Run Behavior\BuildLiteBehavior [ RunTime:0.000009s ]
INFO: [ app_init ] --END-- [ RunTime:0.000283s ]
INFO: [ app_begin ] --START--
INFO: Run Behavior\ReadHtmlCacheBehavior [ RunTime:0.000363s ]
INFO: [ app_begin ] --END-- [ RunTime:0.000393s ]
SQL: SHOW COLUMNS FROM `article` [ RunTime:0.0017s ]
SQL: SELECT `aid`,`title`,`author`,`keywords`,`content`,`description`,`cid` FROM `article` WHERE ( `cid` LIKE '%,15,%' OR `cid` LIKE '15,%' OR `cid` LIKE '%,15' OR `cid` = '15' ) ORDER BY aid desc LIMIT 4   [ RunTime:0.0005s ]
SQL: SELECT `aid`,`title`,`author`,`keywords`,`addtime`,`click`,`description`,`content`,`cid` FROM `article` WHERE ( `cid` NOT LIKE '%,15,%' AND `cid` NOT LIKE '15,%' AND `cid` NOT LIKE '%,15' AND `cid` NOT LIKE '15'  ) ORDER BY aid desc LIMIT 0,9   [ RunTime:0.0004s ]

[ 2016-08-31T17:13:52+08:00 ] ::1 /thinkphp-cms/index.php/v1/index/category?cid=29
INFO: [ app_init ] --START--
INFO: Run Behavior\BuildLiteBehavior [ RunTime:0.000012s ]
INFO: [ app_init ] --END-- [ RunTime:0.000402s ]
INFO: [ app_begin ] --START--
INFO: Run Behavior\ReadHtmlCacheBehavior [ RunTime:0.000594s ]
INFO: [ app_begin ] --END-- [ RunTime:0.000647s ]
SQL: SHOW COLUMNS FROM `article` [ RunTime:0.0020s ]
SQL: SELECT * FROM `article` WHERE ( `cid` LIKE '%,29,%' OR `cid` LIKE '29,%' OR `cid` LIKE '%,29' OR `cid` = '29' )  [ RunTime:0.0003s ]

[ 2016-08-31T17:13:53+08:00 ] ::1 /thinkphp-cms/index.php/v1/index/category?cid=30
INFO: [ app_init ] --START--
INFO: Run Behavior\BuildLiteBehavior [ RunTime:0.000012s ]
INFO: [ app_init ] --END-- [ RunTime:0.000302s ]
INFO: [ app_begin ] --START--
INFO: Run Behavior\ReadHtmlCacheBehavior [ RunTime:0.000326s ]
INFO: [ app_begin ] --END-- [ RunTime:0.000367s ]
SQL: SHOW COLUMNS FROM `article` [ RunTime:0.0021s ]
SQL: SELECT * FROM `article` WHERE ( `cid` LIKE '%,30,%' OR `cid` LIKE '30,%' OR `cid` LIKE '%,30' OR `cid` = '30' )  [ RunTime:0.0003s ]

[ 2016-08-31T17:13:55+08:00 ] ::1 /thinkphp-cms/index.php/v1/index/category?cid=31
INFO: [ app_init ] --START--
INFO: Run Behavior\BuildLiteBehavior [ RunTime:0.000012s ]
INFO: [ app_init ] --END-- [ RunTime:0.000432s ]
INFO: [ app_begin ] --START--
INFO: Run Behavior\ReadHtmlCacheBehavior [ RunTime:0.000750s ]
INFO: [ app_begin ] --END-- [ RunTime:0.000806s ]
SQL: SHOW COLUMNS FROM `article` [ RunTime:0.0021s ]
SQL: SELECT * FROM `article` WHERE ( `cid` LIKE '%,31,%' OR `cid` LIKE '31,%' OR `cid` LIKE '%,31' OR `cid` = '31' )  [ RunTime:0.0003s ]

[ 2016-08-31T17:13:56+08:00 ] ::1 /thinkphp-cms/index.php/v1/index/category?cid=32
INFO: [ app_init ] --START--
INFO: Run Behavior\BuildLiteBehavior [ RunTime:0.000013s ]
INFO: [ app_init ] --END-- [ RunTime:0.000342s ]
INFO: [ app_begin ] --START--
INFO: Run Behavior\ReadHtmlCacheBehavior [ RunTime:0.000697s ]
INFO: [ app_begin ] --END-- [ RunTime:0.000745s ]
SQL: SHOW COLUMNS FROM `article` [ RunTime:0.0023s ]
SQL: SELECT * FROM `article` WHERE ( `cid` LIKE '%,32,%' OR `cid` LIKE '32,%' OR `cid` LIKE '%,32' OR `cid` = '32' )  [ RunTime:0.0004s ]

[ 2016-08-31T17:13:57+08:00 ] ::1 /thinkphp-cms/index.php/v1/index/category?cid=33
INFO: [ app_init ] --START--
INFO: Run Behavior\BuildLiteBehavior [ RunTime:0.000014s ]
INFO: [ app_init ] --END-- [ RunTime:0.000355s ]
INFO: [ app_begin ] --START--
INFO: Run Behavior\ReadHtmlCacheBehavior [ RunTime:0.000472s ]
INFO: [ app_begin ] --END-- [ RunTime:0.000606s ]
SQL: SHOW COLUMNS FROM `article` [ RunTime:0.0023s ]
SQL: SELECT * FROM `article` WHERE ( `cid` LIKE '%,33,%' OR `cid` LIKE '33,%' OR `cid` LIKE '%,33' OR `cid` = '33' )  [ RunTime:0.0003s ]

[ 2016-08-31T17:14:06+08:00 ] ::1 /thinkphp-cms/index.php/v1/index/single?aid=26
INFO: [ app_init ] --START--
INFO: Run Behavior\BuildLiteBehavior [ RunTime:0.000013s ]
INFO: [ app_init ] --END-- [ RunTime:0.000309s ]
INFO: [ app_begin ] --START--
INFO: Run Behavior\ReadHtmlCacheBehavior [ RunTime:0.001116s ]
INFO: [ app_begin ] --END-- [ RunTime:0.001157s ]
SQL: SHOW COLUMNS FROM `article` [ RunTime:0.0016s ]
SQL: SELECT * FROM `article` WHERE ( aid=26 )  [ RunTime:0.0003s ]

[ 2016-08-31T17:14:06+08:00 ] ::1 /thinkphp-cms/index.php/v1/comment/list?artid=26
INFO: [ app_init ] --START--
INFO: Run Behavior\BuildLiteBehavior [ RunTime:0.000012s ]
INFO: [ app_init ] --END-- [ RunTime:0.000357s ]
INFO: [ app_begin ] --START--
INFO: Run Behavior\ReadHtmlCacheBehavior [ RunTime:0.001231s ]
INFO: [ app_begin ] --END-- [ RunTime:0.001271s ]
SQL: SHOW COLUMNS FROM `comment` [ RunTime:0.0015s ]
SQL: SELECT `cid`,`pid`,`artid`,`username`,`content` FROM `comment` WHERE ( artid=26 )  [ RunTime:0.0003s ]

[ 2016-08-31T17:22:50+08:00 ] ::1 /thinkphp-cms/index.php/v1/index/category?cid=29
INFO: [ app_init ] --START--
INFO: Run Behavior\BuildLiteBehavior [ RunTime:0.000006s ]
INFO: [ app_init ] --END-- [ RunTime:0.000185s ]
INFO: [ app_begin ] --START--
INFO: Run Behavior\ReadHtmlCacheBehavior [ RunTime:0.000360s ]
INFO: [ app_begin ] --END-- [ RunTime:0.000392s ]
SQL: SHOW COLUMNS FROM `article` [ RunTime:0.0029s ]
SQL: SELECT * FROM `article` WHERE ( `cid` LIKE '%,29,%' OR `cid` LIKE '29,%' OR `cid` LIKE '%,29' OR `cid` = '29' )  [ RunTime:0.0004s ]

[ 2016-08-31T17:23:59+08:00 ] ::1 /thinkphp-cms/index.php/v1/index/category?cid=30
INFO: [ app_init ] --START--
INFO: Run Behavior\BuildLiteBehavior [ RunTime:0.000013s ]
INFO: [ app_init ] --END-- [ RunTime:0.000408s ]
INFO: [ app_begin ] --START--
INFO: Run Behavior\ReadHtmlCacheBehavior [ RunTime:0.000398s ]
INFO: [ app_begin ] --END-- [ RunTime:0.000436s ]
SQL: SHOW COLUMNS FROM `article` [ RunTime:0.0027s ]
SQL: SELECT * FROM `article` WHERE ( `cid` LIKE '%,30,%' OR `cid` LIKE '30,%' OR `cid` LIKE '%,30' OR `cid` = '30' )  [ RunTime:0.0005s ]

[ 2016-08-31T17:25:00+08:00 ] ::1 /thinkphp-cms/index.php/v1/index/category?cid=30
INFO: [ app_init ] --START--
INFO: Run Behavior\BuildLiteBehavior [ RunTime:0.000008s ]
INFO: [ app_init ] --END-- [ RunTime:0.000252s ]
INFO: [ app_begin ] --START--
INFO: Run Behavior\ReadHtmlCacheBehavior [ RunTime:0.000236s ]
INFO: [ app_begin ] --END-- [ RunTime:0.000256s ]
SQL: SHOW COLUMNS FROM `article` [ RunTime:0.0017s ]
SQL: SELECT * FROM `article` WHERE ( `cid` LIKE '%,30,%' OR `cid` LIKE '30,%' OR `cid` LIKE '%,30' OR `cid` = '30' )  [ RunTime:0.0003s ]

[ 2016-08-31T17:25:41+08:00 ] ::1 /thinkphp-cms/index.php/v1/index/category?cid=30
INFO: [ app_init ] --START--
INFO: Run Behavior\BuildLiteBehavior [ RunTime:0.000015s ]
INFO: [ app_init ] --END-- [ RunTime:0.000388s ]
INFO: [ app_begin ] --START--
INFO: Run Behavior\ReadHtmlCacheBehavior [ RunTime:0.000270s ]
INFO: [ app_begin ] --END-- [ RunTime:0.000297s ]
SQL: SHOW COLUMNS FROM `article` [ RunTime:0.0015s ]
SQL: SELECT * FROM `article` WHERE ( `cid` LIKE '%,30,%' OR `cid` LIKE '30,%' OR `cid` LIKE '%,30' OR `cid` = '30' )  [ RunTime:0.0003s ]

[ 2016-08-31T17:25:55+08:00 ] ::1 /thinkphp-cms/index.php/v1/index/single?aid=26
INFO: [ app_init ] --START--
INFO: Run Behavior\BuildLiteBehavior [ RunTime:0.000009s ]
INFO: [ app_init ] --END-- [ RunTime:0.000261s ]
INFO: [ app_begin ] --START--
INFO: Run Behavior\ReadHtmlCacheBehavior [ RunTime:0.000358s ]
INFO: [ app_begin ] --END-- [ RunTime:0.000394s ]
SQL: SHOW COLUMNS FROM `article` [ RunTime:0.0022s ]
SQL: SELECT * FROM `article` WHERE ( aid=26 )  [ RunTime:0.0003s ]

[ 2016-08-31T17:25:55+08:00 ] ::1 /thinkphp-cms/index.php/v1/comment/list?artid=26
INFO: [ app_init ] --START--
INFO: Run Behavior\BuildLiteBehavior [ RunTime:0.000011s ]
INFO: [ app_init ] --END-- [ RunTime:0.000277s ]
INFO: [ app_begin ] --START--
INFO: Run Behavior\ReadHtmlCacheBehavior [ RunTime:0.000358s ]
INFO: [ app_begin ] --END-- [ RunTime:0.000397s ]
SQL: SHOW COLUMNS FROM `comment` [ RunTime:0.0012s ]
SQL: SELECT `cid`,`pid`,`artid`,`username`,`content` FROM `comment` WHERE ( artid=26 )  [ RunTime:0.0005s ]

[ 2016-08-31T17:27:16+08:00 ] ::1 /thinkphp-cms/index.php/v1/index/single?aid=26
INFO: [ app_init ] --START--
INFO: Run Behavior\BuildLiteBehavior [ RunTime:0.000015s ]
INFO: [ app_init ] --END-- [ RunTime:0.000364s ]
INFO: [ app_begin ] --START--
INFO: Run Behavior\ReadHtmlCacheBehavior [ RunTime:0.000379s ]
INFO: [ app_begin ] --END-- [ RunTime:0.000419s ]
SQL: SHOW COLUMNS FROM `article` [ RunTime:0.0019s ]
SQL: SELECT * FROM `article` WHERE ( aid=26 )  [ RunTime:0.0008s ]

[ 2016-08-31T17:27:16+08:00 ] ::1 /thinkphp-cms/index.php/v1/comment/list?artid=26
INFO: [ app_init ] --START--
INFO: Run Behavior\BuildLiteBehavior [ RunTime:0.000017s ]
INFO: [ app_init ] --END-- [ RunTime:0.000410s ]
INFO: [ app_begin ] --START--
INFO: Run Behavior\ReadHtmlCacheBehavior [ RunTime:0.000453s ]
INFO: [ app_begin ] --END-- [ RunTime:0.000504s ]
SQL: SHOW COLUMNS FROM `comment` [ RunTime:0.0012s ]
SQL: SELECT `cid`,`pid`,`artid`,`username`,`content` FROM `comment` WHERE ( artid=26 )  [ RunTime:0.0003s ]

[ 2016-08-31T17:29:06+08:00 ] ::1 /thinkphp-cms/index.php/v1/index/single?aid=26
INFO: [ app_init ] --START--
INFO: Run Behavior\BuildLiteBehavior [ RunTime:0.000013s ]
INFO: [ app_init ] --END-- [ RunTime:0.001730s ]
INFO: [ app_begin ] --START--
INFO: Run Behavior\ReadHtmlCacheBehavior [ RunTime:0.000394s ]
INFO: [ app_begin ] --END-- [ RunTime:0.000439s ]
SQL: SHOW COLUMNS FROM `article` [ RunTime:0.0019s ]
SQL: SELECT * FROM `article` WHERE ( aid=26 )  [ RunTime:0.0004s ]

[ 2016-08-31T17:29:06+08:00 ] ::1 /thinkphp-cms/index.php/v1/comment/list?artid=26
INFO: [ app_init ] --START--
INFO: Run Behavior\BuildLiteBehavior [ RunTime:0.000010s ]
INFO: [ app_init ] --END-- [ RunTime:0.000280s ]
INFO: [ app_begin ] --START--
INFO: Run Behavior\ReadHtmlCacheBehavior [ RunTime:0.000382s ]
INFO: [ app_begin ] --END-- [ RunTime:0.000425s ]
SQL: SHOW COLUMNS FROM `comment` [ RunTime:0.0017s ]
SQL: SELECT `cid`,`pid`,`artid`,`username`,`content` FROM `comment` WHERE ( artid=26 )  [ RunTime:0.0003s ]

[ 2016-08-31T17:29:45+08:00 ] ::1 /thinkphp-cms/index.php/v1/index/single?aid=26
INFO: [ app_init ] --START--
INFO: Run Behavior\BuildLiteBehavior [ RunTime:0.000016s ]
INFO: [ app_init ] --END-- [ RunTime:0.000586s ]
INFO: [ app_begin ] --START--
INFO: Run Behavior\ReadHtmlCacheBehavior [ RunTime:0.001140s ]
INFO: [ app_begin ] --END-- [ RunTime:0.001199s ]
SQL: SHOW COLUMNS FROM `article` [ RunTime:0.0017s ]
SQL: SELECT * FROM `article` WHERE ( aid=26 )  [ RunTime:0.0004s ]

[ 2016-08-31T17:29:45+08:00 ] ::1 /thinkphp-cms/index.php/v1/comment/list?artid=26
INFO: [ app_init ] --START--
INFO: Run Behavior\BuildLiteBehavior [ RunTime:0.000013s ]
INFO: [ app_init ] --END-- [ RunTime:0.000382s ]
INFO: [ app_begin ] --START--
INFO: Run Behavior\ReadHtmlCacheBehavior [ RunTime:0.000803s ]
INFO: [ app_begin ] --END-- [ RunTime:0.000850s ]
SQL: SHOW COLUMNS FROM `comment` [ RunTime:0.0011s ]
SQL: SELECT `cid`,`pid`,`artid`,`username`,`content` FROM `comment` WHERE ( artid=26 )  [ RunTime:0.0003s ]

[ 2016-08-31T17:30:41+08:00 ] ::1 /thinkphp-cms/index.php/v1/index/category?cid=30
INFO: [ app_init ] --START--
INFO: Run Behavior\BuildLiteBehavior [ RunTime:0.000008s ]
INFO: [ app_init ] --END-- [ RunTime:0.000200s ]
INFO: [ app_begin ] --START--
INFO: Run Behavior\ReadHtmlCacheBehavior [ RunTime:0.000272s ]
INFO: [ app_begin ] --END-- [ RunTime:0.000306s ]
SQL: SHOW COLUMNS FROM `article` [ RunTime:0.0033s ]
SQL: SELECT * FROM `article` WHERE ( `cid` LIKE '%,30,%' OR `cid` LIKE '30,%' OR `cid` LIKE '%,30' OR `cid` = '30' )  [ RunTime:0.0004s ]

[ 2016-08-31T17:30:42+08:00 ] ::1 /thinkphp-cms/index.php/v1/index/single?aid=26
INFO: [ app_init ] --START--
INFO: Run Behavior\BuildLiteBehavior [ RunTime:0.000010s ]
INFO: [ app_init ] --END-- [ RunTime:0.000306s ]
INFO: [ app_begin ] --START--
INFO: Run Behavior\ReadHtmlCacheBehavior [ RunTime:0.000416s ]
INFO: [ app_begin ] --END-- [ RunTime:0.000459s ]
SQL: SHOW COLUMNS FROM `article` [ RunTime:0.0015s ]
SQL: SELECT * FROM `article` WHERE ( aid=26 )  [ RunTime:0.0005s ]

[ 2016-08-31T17:30:42+08:00 ] ::1 /thinkphp-cms/index.php/v1/comment/list?artid=26
INFO: [ app_init ] --START--
INFO: Run Behavior\BuildLiteBehavior [ RunTime:0.000008s ]
INFO: [ app_init ] --END-- [ RunTime:0.000242s ]
INFO: [ app_begin ] --START--
INFO: Run Behavior\ReadHtmlCacheBehavior [ RunTime:0.000531s ]
INFO: [ app_begin ] --END-- [ RunTime:0.000567s ]
SQL: SHOW COLUMNS FROM `comment` [ RunTime:0.0016s ]
SQL: SELECT `cid`,`pid`,`artid`,`username`,`content` FROM `comment` WHERE ( artid=26 )  [ RunTime:0.0003s ]

[ 2016-08-31T17:31:07+08:00 ] ::1 /thinkphp-cms/index.php/v1/index/category?cid=29
INFO: [ app_init ] --START--
INFO: Run Behavior\BuildLiteBehavior [ RunTime:0.000013s ]
INFO: [ app_init ] --END-- [ RunTime:0.000293s ]
INFO: [ app_begin ] --START--
INFO: Run Behavior\ReadHtmlCacheBehavior [ RunTime:0.000495s ]
INFO: [ app_begin ] --END-- [ RunTime:0.000548s ]
SQL: SHOW COLUMNS FROM `article` [ RunTime:0.0025s ]
SQL: SELECT * FROM `article` WHERE ( `cid` LIKE '%,29,%' OR `cid` LIKE '29,%' OR `cid` LIKE '%,29' OR `cid` = '29' )  [ RunTime:0.0003s ]

[ 2016-08-31T17:32:15+08:00 ] ::1 /thinkphp-cms/index.php/v1/index/single?aid=26
INFO: [ app_init ] --START--
INFO: Run Behavior\BuildLiteBehavior [ RunTime:0.000082s ]
INFO: [ app_init ] --END-- [ RunTime:0.000956s ]
INFO: [ app_begin ] --START--
INFO: Run Behavior\ReadHtmlCacheBehavior [ RunTime:0.000418s ]
INFO: [ app_begin ] --END-- [ RunTime:0.000464s ]
SQL: SHOW COLUMNS FROM `article` [ RunTime:0.0040s ]
SQL: SELECT * FROM `article` WHERE ( aid=26 )  [ RunTime:0.0009s ]

[ 2016-08-31T17:32:15+08:00 ] ::1 /thinkphp-cms/index.php/v1/comment/list?artid=26
INFO: [ app_init ] --START--
INFO: Run Behavior\BuildLiteBehavior [ RunTime:0.000012s ]
INFO: [ app_init ] --END-- [ RunTime:0.000370s ]
INFO: [ app_begin ] --START--
INFO: Run Behavior\ReadHtmlCacheBehavior [ RunTime:0.000457s ]
INFO: [ app_begin ] --END-- [ RunTime:0.000504s ]
SQL: SHOW COLUMNS FROM `comment` [ RunTime:0.0020s ]
SQL: SELECT `cid`,`pid`,`artid`,`username`,`content` FROM `comment` WHERE ( artid=26 )  [ RunTime:0.0011s ]

[ 2016-08-31T17:32:42+08:00 ] ::1 /thinkphp-cms/index.php/v1/index/category?cid=30
INFO: [ app_init ] --START--
INFO: Run Behavior\BuildLiteBehavior [ RunTime:0.000006s ]
INFO: [ app_init ] --END-- [ RunTime:0.000180s ]
INFO: [ app_begin ] --START--
INFO: Run Behavior\ReadHtmlCacheBehavior [ RunTime:0.000229s ]
INFO: [ app_begin ] --END-- [ RunTime:0.000249s ]
SQL: SHOW COLUMNS FROM `article` [ RunTime:0.0027s ]
SQL: SELECT * FROM `article` WHERE ( `cid` LIKE '%,30,%' OR `cid` LIKE '30,%' OR `cid` LIKE '%,30' OR `cid` = '30' )  [ RunTime:0.0005s ]

[ 2016-08-31T17:32:47+08:00 ] ::1 /thinkphp-cms/index.php/v1/index/single?aid=26
INFO: [ app_init ] --START--
INFO: Run Behavior\BuildLiteBehavior [ RunTime:0.000011s ]
INFO: [ app_init ] --END-- [ RunTime:0.000349s ]
INFO: [ app_begin ] --START--
INFO: Run Behavior\ReadHtmlCacheBehavior [ RunTime:0.000393s ]
INFO: [ app_begin ] --END-- [ RunTime:0.000440s ]
SQL: SHOW COLUMNS FROM `article` [ RunTime:0.0021s ]
SQL: SELECT * FROM `article` WHERE ( aid=26 )  [ RunTime:0.0003s ]

[ 2016-08-31T17:32:47+08:00 ] ::1 /thinkphp-cms/index.php/v1/comment/list?artid=26
INFO: [ app_init ] --START--
INFO: Run Behavior\BuildLiteBehavior [ RunTime:0.000016s ]
INFO: [ app_init ] --END-- [ RunTime:0.000606s ]
INFO: [ app_begin ] --START--
INFO: Run Behavior\ReadHtmlCacheBehavior [ RunTime:0.000427s ]
INFO: [ app_begin ] --END-- [ RunTime:0.000505s ]
SQL: SHOW COLUMNS FROM `comment` [ RunTime:0.0012s ]
SQL: SELECT `cid`,`pid`,`artid`,`username`,`content` FROM `comment` WHERE ( artid=26 )  [ RunTime:0.0002s ]

[ 2016-08-31T17:34:05+08:00 ] ::1 /thinkphp-cms/index.php/v1/index/single?aid=26
INFO: [ app_init ] --START--
INFO: Run Behavior\BuildLiteBehavior [ RunTime:0.000012s ]
INFO: [ app_init ] --END-- [ RunTime:0.000293s ]
INFO: [ app_begin ] --START--
INFO: Run Behavior\ReadHtmlCacheBehavior [ RunTime:0.000516s ]
INFO: [ app_begin ] --END-- [ RunTime:0.000569s ]
SQL: SHOW COLUMNS FROM `article` [ RunTime:0.0016s ]
SQL: SELECT * FROM `article` WHERE ( aid=26 )  [ RunTime:0.0003s ]

[ 2016-08-31T17:34:05+08:00 ] ::1 /thinkphp-cms/index.php/v1/comment/list?artid=26
INFO: [ app_init ] --START--
INFO: Run Behavior\BuildLiteBehavior [ RunTime:0.000012s ]
INFO: [ app_init ] --END-- [ RunTime:0.000337s ]
INFO: [ app_begin ] --START--
INFO: Run Behavior\ReadHtmlCacheBehavior [ RunTime:0.000413s ]
INFO: [ app_begin ] --END-- [ RunTime:0.000459s ]
SQL: SHOW COLUMNS FROM `comment` [ RunTime:0.0014s ]
SQL: SELECT `cid`,`pid`,`artid`,`username`,`content` FROM `comment` WHERE ( artid=26 )  [ RunTime:0.0003s ]

[ 2016-08-31T17:34:38+08:00 ] ::1 /thinkphp-cms/index.php/v1/index/single?aid=26
INFO: [ app_init ] --START--
INFO: Run Behavior\BuildLiteBehavior [ RunTime:0.000012s ]
INFO: [ app_init ] --END-- [ RunTime:0.002265s ]
INFO: [ app_begin ] --START--
INFO: Run Behavior\ReadHtmlCacheBehavior [ RunTime:0.000354s ]
INFO: [ app_begin ] --END-- [ RunTime:0.000388s ]
SQL: SHOW COLUMNS FROM `article` [ RunTime:0.0030s ]
SQL: SELECT * FROM `article` WHERE ( aid=26 )  [ RunTime:0.0020s ]

[ 2016-08-31T17:34:38+08:00 ] ::1 /thinkphp-cms/index.php/v1/comment/list?artid=26
INFO: [ app_init ] --START--
INFO: Run Behavior\BuildLiteBehavior [ RunTime:0.000011s ]
INFO: [ app_init ] --END-- [ RunTime:0.000982s ]
INFO: [ app_begin ] --START--
INFO: Run Behavior\ReadHtmlCacheBehavior [ RunTime:0.000357s ]
INFO: [ app_begin ] --END-- [ RunTime:0.000388s ]
SQL: SHOW COLUMNS FROM `comment` [ RunTime:0.0015s ]
SQL: SELECT `cid`,`pid`,`artid`,`username`,`content` FROM `comment` WHERE ( artid=26 )  [ RunTime:0.0003s ]

[ 2016-08-31T17:34:58+08:00 ] ::1 /thinkphp-cms/index.php/v1/index/single?aid=26
INFO: [ app_init ] --START--
INFO: Run Behavior\BuildLiteBehavior [ RunTime:0.000012s ]
INFO: [ app_init ] --END-- [ RunTime:0.000313s ]
INFO: [ app_begin ] --START--
INFO: Run Behavior\ReadHtmlCacheBehavior [ RunTime:0.000406s ]
INFO: [ app_begin ] --END-- [ RunTime:0.000448s ]
SQL: SHOW COLUMNS FROM `article` [ RunTime:0.0017s ]
SQL: SELECT * FROM `article` WHERE ( aid=26 )  [ RunTime:0.0004s ]

[ 2016-08-31T17:34:58+08:00 ] ::1 /thinkphp-cms/index.php/v1/comment/list?artid=26
INFO: [ app_init ] --START--
INFO: Run Behavior\BuildLiteBehavior [ RunTime:0.000012s ]
INFO: [ app_init ] --END-- [ RunTime:0.000347s ]
INFO: [ app_begin ] --START--
INFO: Run Behavior\ReadHtmlCacheBehavior [ RunTime:0.000388s ]
INFO: [ app_begin ] --END-- [ RunTime:0.000428s ]
SQL: SHOW COLUMNS FROM `comment` [ RunTime:0.0017s ]
SQL: SELECT `cid`,`pid`,`artid`,`username`,`content` FROM `comment` WHERE ( artid=26 )  [ RunTime:0.0003s ]

[ 2016-08-31T17:35:41+08:00 ] ::1 /thinkphp-cms/index.php/v1/index/single?aid=26
INFO: [ app_init ] --START--
INFO: Run Behavior\BuildLiteBehavior [ RunTime:0.000011s ]
INFO: [ app_init ] --END-- [ RunTime:0.000310s ]
INFO: [ app_begin ] --START--
INFO: Run Behavior\ReadHtmlCacheBehavior [ RunTime:0.000376s ]
INFO: [ app_begin ] --END-- [ RunTime:0.000419s ]
SQL: SHOW COLUMNS FROM `article` [ RunTime:0.0021s ]
SQL: SELECT * FROM `article` WHERE ( aid=26 )  [ RunTime:0.0011s ]

[ 2016-08-31T17:35:41+08:00 ] ::1 /thinkphp-cms/index.php/v1/comment/list?artid=26
INFO: [ app_init ] --START--
INFO: Run Behavior\BuildLiteBehavior [ RunTime:0.000010s ]
INFO: [ app_init ] --END-- [ RunTime:0.000283s ]
INFO: [ app_begin ] --START--
INFO: Run Behavior\ReadHtmlCacheBehavior [ RunTime:0.000405s ]
INFO: [ app_begin ] --END-- [ RunTime:0.000451s ]
SQL: SHOW COLUMNS FROM `comment` [ RunTime:0.0016s ]
SQL: SELECT `cid`,`pid`,`artid`,`username`,`content` FROM `comment` WHERE ( artid=26 )  [ RunTime:0.0004s ]

[ 2016-08-31T17:36:45+08:00 ] ::1 /thinkphp-cms/index.php/v1/index/single?aid=26
INFO: [ app_init ] --START--
INFO: Run Behavior\BuildLiteBehavior [ RunTime:0.000013s ]
INFO: [ app_init ] --END-- [ RunTime:0.000740s ]
INFO: [ app_begin ] --START--
INFO: Run Behavior\ReadHtmlCacheBehavior [ RunTime:0.001126s ]
INFO: [ app_begin ] --END-- [ RunTime:0.001179s ]
SQL: SHOW COLUMNS FROM `article` [ RunTime:0.0019s ]
SQL: SELECT * FROM `article` WHERE ( aid=26 )  [ RunTime:0.0005s ]

[ 2016-08-31T17:36:45+08:00 ] ::1 /thinkphp-cms/index.php/v1/comment/list?artid=26
INFO: [ app_init ] --START--
INFO: Run Behavior\BuildLiteBehavior [ RunTime:0.000012s ]
INFO: [ app_init ] --END-- [ RunTime:0.000352s ]
INFO: [ app_begin ] --START--
INFO: Run Behavior\ReadHtmlCacheBehavior [ RunTime:0.000387s ]
INFO: [ app_begin ] --END-- [ RunTime:0.000493s ]
SQL: SHOW COLUMNS FROM `comment` [ RunTime:0.0015s ]
SQL: SELECT `cid`,`pid`,`artid`,`username`,`content` FROM `comment` WHERE ( artid=26 )  [ RunTime:0.0003s ]

[ 2016-08-31T17:37:31+08:00 ] ::1 /thinkphp-cms/index.php/v1/index/single?aid=26
INFO: [ app_init ] --START--
INFO: Run Behavior\BuildLiteBehavior [ RunTime:0.000011s ]
INFO: [ app_init ] --END-- [ RunTime:0.000301s ]
INFO: [ app_begin ] --START--
INFO: Run Behavior\ReadHtmlCacheBehavior [ RunTime:0.000655s ]
INFO: [ app_begin ] --END-- [ RunTime:0.000707s ]
SQL: SHOW COLUMNS FROM `article` [ RunTime:0.0017s ]
SQL: SELECT * FROM `article` WHERE ( aid=26 )  [ RunTime:0.0004s ]

[ 2016-08-31T17:37:31+08:00 ] ::1 /thinkphp-cms/index.php/v1/comment/list?artid=26
INFO: [ app_init ] --START--
INFO: Run Behavior\BuildLiteBehavior [ RunTime:0.000010s ]
INFO: [ app_init ] --END-- [ RunTime:0.000323s ]
INFO: [ app_begin ] --START--
INFO: Run Behavior\ReadHtmlCacheBehavior [ RunTime:0.000374s ]
INFO: [ app_begin ] --END-- [ RunTime:0.000416s ]
SQL: SHOW COLUMNS FROM `comment` [ RunTime:0.0014s ]
SQL: SELECT `cid`,`pid`,`artid`,`username`,`content` FROM `comment` WHERE ( artid=26 )  [ RunTime:0.0003s ]

[ 2016-08-31T17:38:04+08:00 ] ::1 /thinkphp-cms/index.php/v1/index/single?aid=26
INFO: [ app_init ] --START--
INFO: Run Behavior\BuildLiteBehavior [ RunTime:0.000011s ]
INFO: [ app_init ] --END-- [ RunTime:0.000461s ]
INFO: [ app_begin ] --START--
INFO: Run Behavior\ReadHtmlCacheBehavior [ RunTime:0.000577s ]
INFO: [ app_begin ] --END-- [ RunTime:0.000621s ]
SQL: SHOW COLUMNS FROM `article` [ RunTime:0.0016s ]
SQL: SELECT * FROM `article` WHERE ( aid=26 )  [ RunTime:0.0003s ]

[ 2016-08-31T17:38:04+08:00 ] ::1 /thinkphp-cms/index.php/v1/comment/list?artid=26
INFO: [ app_init ] --START--
INFO: Run Behavior\BuildLiteBehavior [ RunTime:0.000031s ]
INFO: [ app_init ] --END-- [ RunTime:0.000646s ]
INFO: [ app_begin ] --START--
INFO: Run Behavior\ReadHtmlCacheBehavior [ RunTime:0.000712s ]
INFO: [ app_begin ] --END-- [ RunTime:0.000785s ]
SQL: SHOW COLUMNS FROM `comment` [ RunTime:0.0021s ]
SQL: SELECT `cid`,`pid`,`artid`,`username`,`content` FROM `comment` WHERE ( artid=26 )  [ RunTime:0.0004s ]

